<?xml version="1.0" encoding="utf-8"?><testsuites name="pytest tests"><testsuite name="pytest" errors="0" failures="0" skipped="0" tests="13" time="3.124" timestamp="2026-08-13T20:45:07.995136+00:00" hostname="agent-env-642f7923-492c-4c2d-a86f-eea5f2d373e5"><testcase classname="tests.test_amocrm_token_masking_iteration119.TestAmocrmTokenMasking" name="test_get_does_not_leak_token" time="0.230" /><testcase classname="tests.test_amocrm_token_masking_iteration119.TestAmocrmTokenMasking" name="test_save_without_token_preserves_it" time="0.259" /><testcase classname="tests.test_amocrm_token_masking_iteration119.TestAmocrmTokenMasking" name="test_save_with_new_token_updates_it" time="0.242" /><testcase classname="tests.test_amocrm_token_masking_iteration119.TestAmocrmTokenMasking" name="test_masked_value_not_saved_as_token" time="0.168" /><testcase classname="tests.test_amocrm_token_masking_iteration119.TestAmocrmTokenMasking" name="test_asterisk_mask_not_saved_and_whitespace_ignored" time="0.254" /><testcase classname="tests.test_amocrm_token_masking_iteration119.TestAmocrmTokenMasking" name="test_masked_variants_preserve_real_token[\u2022\u2022\u2022\u20223456]" time="0.254" /><testcase classname="tests.test_amocrm_token_masking_iteration119.TestAmocrmTokenMasking" name="test_masked_variants_preserve_real_token[\u2022\u2022\u2022\u2022]" time="0.252" /><testcase classname="tests.test_amocrm_token_masking_iteration119.TestAmocrmTokenMasking" name="test_masked_variants_preserve_real_token[\u2022]" time="0.244" /><testcase classname="tests.test_amocrm_token_masking_iteration119.TestAmocrmTokenMasking" name="test_masked_variants_preserve_real_token[****]" time="0.242" /><testcase classname="tests.test_amocrm_token_masking_iteration119.TestAmocrmTokenMasking" name="test_masked_variants_preserve_real_token[*]" time="0.260" /><testcase classname="tests.test_amocrm_token_masking_iteration119.TestAmocrmTokenMasking" name="test_masked_variants_preserve_real_token[]" time="0.249" /><testcase classname="tests.test_amocrm_token_masking_iteration119.TestAmocrmTokenMasking" name="test_real_token_still_updates_after_mask_post" time="0.248" /><testcase classname="tests.test_amocrm_token_masking_iteration119.TestAmocrmTokenMasking" name="test_debug_info_does_not_leak_token" time="0.087" /></testsuite></testsuites>