<?xml version="1.0" encoding="utf-8"?><testsuites name="pytest tests"><testsuite name="pytest" errors="0" failures="0" skipped="0" tests="14" time="4.458" timestamp="2026-08-13T19:24:13.386994+00:00" hostname="agent-env-642f7923-492c-4c2d-a86f-eea5f2d373e5"><testcase classname="tests.test_auth_config_hardening_iteration113" name="test_login_and_protected_access[admin-admin123-admin]" time="0.823" /><testcase classname="tests.test_auth_config_hardening_iteration113" name="test_login_and_protected_access[marketer-marketer123-marketer]" time="0.454" /><testcase classname="tests.test_auth_config_hardening_iteration113" name="test_login_and_protected_access[kladovshchik-kladovshchik123-storekeeper]" time="0.433" /><testcase classname="tests.test_auth_config_hardening_iteration113" name="test_token_reusable_across_requests" time="0.534" /><testcase classname="tests.test_auth_config_hardening_iteration113" name="test_tampered_token_rejected[garbage.token.value]" time="0.059" /><testcase classname="tests.test_auth_config_hardening_iteration113" name="test_tampered_token_rejected[eyJhbGciOiJIUzI1NiIsInR5cCI6IkpXVCJ9.eyJ1c2VybmFtZSI6ImFkbWluIn0.invalidsig]" time="0.062" /><testcase classname="tests.test_auth_config_hardening_iteration113" name="test_tampered_signature_of_valid_token_rejected" time="0.384" /><testcase classname="tests.test_auth_config_hardening_iteration113" name="test_no_token_rejected" time="0.069" /><testcase classname="tests.test_auth_config_hardening_iteration113" name="test_wrong_password_rejected" time="0.301" /><testcase classname="tests.test_auth_config_hardening_iteration113" name="test_unknown_user_rejected" time="0.064" /><testcase classname="tests.test_auth_config_hardening_iteration113" name="test_dealer_login_and_protected_access" time="0.465" /><testcase classname="tests.test_auth_config_hardening_iteration113" name="test_dealer_wrong_password_rejected" time="0.304" /><testcase classname="tests.test_auth_config_hardening_iteration113" name="test_dealer_endpoint_rejects_main_app_token" time="0.396" /><testcase classname="tests.test_auth_config_hardening_iteration113" name="test_config_fails_fast_without_jwt_secret" time="0.041" /></testsuite></testsuites>