<?xml version="1.0" encoding="utf-8"?><testsuites name="pytest tests"><testsuite name="pytest" errors="0" failures="0" skipped="0" tests="4" time="5.145" timestamp="2026-07-02T22:56:15.449901+00:00" hostname="agent-env-642f7923-492c-4c2d-a86f-eea5f2d373e5"><testcase classname="backend.tests.test_contract_gen_modal" name="test_available_kps" time="0.816" /><testcase classname="backend.tests.test_contract_gen_modal" name="test_generate_contract_with_selection" time="1.738" /><testcase classname="backend.tests.test_contract_gen_modal" name="test_generate_contract_empty_selection" time="1.112" /><testcase classname="backend.tests.test_contract_gen_modal" name="test_generate_contract_legacy" time="1.428" /></testsuite></testsuites>