<?xml version="1.0" encoding="utf-8"?><testsuites name="pytest tests"><testsuite name="pytest" errors="0" failures="0" skipped="0" tests="8" time="2.901" timestamp="2026-08-16T20:34:07.717191+00:00" hostname="agent-env-642f7923-492c-4c2d-a86f-eea5f2d373e5"><testcase classname="tests.test_latest_kp_duplicate_orders_iteration127" name="test_widget_orders_status_returns_latest" time="2.028" /><testcase classname="tests.test_latest_kp_duplicate_orders_iteration127" name="test_sauna_crm_calculator_order_returns_latest" time="0.054" /><testcase classname="tests.test_latest_kp_duplicate_orders_iteration127" name="test_widget_delivery_status_latest" time="0.055" /><testcase classname="tests.test_latest_kp_duplicate_orders_iteration127" name="test_widget_embed_html_latest" time="0.058" /><testcase classname="tests.test_latest_kp_duplicate_orders_iteration127" name="test_widget_preview_html_latest" time="0.052" /><testcase classname="tests.test_latest_kp_duplicate_orders_iteration127" name="test_widget_order_endpoint_ok" time="0.051" /><testcase classname="tests.test_latest_kp_duplicate_orders_iteration127" name="test_driver_panel_debug_order_returns_latest" time="0.488" /><testcase classname="tests.test_latest_kp_duplicate_orders_iteration127" name="test_driver_panel_warehouse_settings_ok" time="0.055" /></testsuite></testsuites>