<?xml version="1.0" encoding="utf-8"?><testsuites name="pytest tests"><testsuite name="pytest" errors="0" failures="0" skipped="0" tests="13" time="3.574" timestamp="2026-05-16T19:53:03.952476+00:00" hostname="agent-env-1a4327c2-0c18-45ac-8d32-fe9a0b59944e"><testcase classname="backend.tests.test_sauna_production_excel_and_comparison.TestExport" name="test_export_status_and_content_type" time="0.682" /><testcase classname="backend.tests.test_sauna_production_excel_and_comparison.TestExport" name="test_export_has_two_sheets_and_headers" time="0.010" /><testcase classname="backend.tests.test_sauna_production_excel_and_comparison.TestExport" name="test_components_count_matches_db" time="0.171" /><testcase classname="backend.tests.test_sauna_production_excel_and_comparison.TestDryRunRoundTrip" name="test_round_trip_unmodified_yields_unchanged" time="0.492" /><testcase classname="backend.tests.test_sauna_production_excel_and_comparison.TestDryRunRoundTrip" name="test_non_xlsx_returns_400" time="0.142" /><testcase classname="backend.tests.test_sauna_production_excel_and_comparison.TestDryRunRoundTrip" name="test_empty_workbook_graceful" time="0.165" /><testcase classname="backend.tests.test_sauna_production_excel_and_comparison.TestDryRunRoundTrip" name="test_missing_name_recorded_in_errors" time="0.151" /><testcase classname="backend.tests.test_sauna_production_excel_and_comparison.TestCommit" name="test_commit_edited_unit_price_persists" time="0.730" /><testcase classname="backend.tests.test_sauna_production_excel_and_comparison.TestDealerComparison" name="test_endpoint_returns_shape" time="0.142" /><testcase classname="backend.tests.test_sauna_production_excel_and_comparison.TestDealerComparison" name="test_rows_have_all_kinds_and_dealer_price_shape" time="0.138" /><testcase classname="backend.tests.test_sauna_production_excel_and_comparison.TestDealerComparison" name="test_requires_admin_auth" time="0.157" /><testcase classname="backend.tests.test_sauna_production_excel_and_comparison.TestRegression" name="test_components_list_endpoint" time="0.140" /><testcase classname="backend.tests.test_sauna_production_excel_and_comparison.TestRegression" name="test_dealers_list_endpoint" time="0.212" /></testsuite></testsuites>