<?xml version="1.0" encoding="utf-8"?><testsuites name="pytest tests"><testsuite name="pytest" errors="0" failures="0" skipped="0" tests="5" time="5.210" timestamp="2026-05-27T19:05:09.991581+00:00" hostname="agent-env-e4811091-e106-44b1-9dad-e454e2cd3f19"><testcase classname="backend.tests.test_sauna_orders_margin_variant_fix.TestRecomputeMarginsEndpoint" name="test_recompute_response_shape" time="0.700" /><testcase classname="backend.tests.test_sauna_orders_margin_variant_fix.TestVariantCostReplacement" name="test_variant_full_cost_replaces_model_cost" time="1.195" /><testcase classname="backend.tests.test_sauna_orders_margin_variant_fix.TestVariantCostReplacement" name="test_variant_zero_cost_falls_back_to_model" time="1.063" /><testcase classname="backend.tests.test_sauna_orders_margin_variant_fix.TestVariantCostReplacement" name="test_no_variant_uses_model_cost" time="1.052" /><testcase classname="backend.tests.test_sauna_orders_margin_variant_fix.TestMarginCalculation" name="test_margin_equals_netto_minus_cost_minus_retail_extra" time="1.062" /></testsuite></testsuites>