<?xml version="1.0" encoding="utf-8"?><testsuites name="pytest tests"><testsuite name="pytest" errors="0" failures="0" skipped="0" tests="5" time="5.006" timestamp="2026-07-03T00:07:29.924743+00:00" hostname="agent-env-642f7923-492c-4c2d-a86f-eea5f2d373e5"><testcase classname="backend.tests.test_contract_kp_iteration111" name="test_available_kps_returns_two_doc_kps_fast" time="0.779" /><testcase classname="backend.tests.test_contract_kp_iteration111" name="test_generate_contract_attaches_doc_kp" time="1.596" /><testcase classname="backend.tests.test_contract_kp_iteration111" name="test_generate_contract_empty_selection" time="1.284" /><testcase classname="backend.tests.test_contract_kp_iteration111" name="test_generate_contract_legacy_no_selection_auto_attaches" time="1.136" /><testcase classname="backend.tests.test_contract_kp_iteration111" name="test_available_kps_no_kps_returns_empty" time="0.149" /></testsuite></testsuites>