<?xml version="1.0" encoding="utf-8"?><testsuites name="pytest tests"><testsuite name="pytest" errors="0" failures="0" skipped="0" tests="5" time="1.045" timestamp="2026-08-13T19:43:12.092760+00:00" hostname="agent-env-642f7923-492c-4c2d-a86f-eea5f2d373e5"><testcase classname="tests.test_amocrm_webhook_cancelled_fallback_iteration115.TestCancelledUpdateFallback" name="test_a_cancelled_lead_not_recreated" time="0.278" /><testcase classname="tests.test_amocrm_webhook_cancelled_fallback_iteration115.TestCancelledUpdateFallback" name="test_b_normal_update_fallback_creates" time="0.151" /><testcase classname="tests.test_amocrm_webhook_cancelled_fallback_iteration115.TestCancelledUpdateFallback" name="test_c_no_configured_pipeline_strict_skip" time="0.149" /><testcase classname="tests.test_amocrm_webhook_cancelled_fallback_iteration115.TestCancelledUpdateFallback" name="test_d_existing_cancelled_order_deleted" time="0.127" /><testcase classname="tests.test_amocrm_webhook_cancelled_fallback_iteration115.TestCancelledUpdateFallback" name="test_e_existing_cancelled_order_in_trip_kept" time="0.205" /></testsuite></testsuites>