<?xml version="1.0" encoding="utf-8"?><testsuites name="pytest tests"><testsuite name="pytest" errors="0" failures="0" skipped="7" tests="32" time="6.178" timestamp="2026-05-16T19:53:12.130754+00:00" hostname="agent-env-1a4327c2-0c18-45ac-8d32-fe9a0b59944e"><testcase classname="backend.tests.test_dealer_overrides_upsert" name="test_upsert_empty" time="0.000"><skipped type="pytest.skip" message="REACT_APP_BACKEND_URL not set">/app/backend/tests/test_dealer_overrides_upsert.py:48: REACT_APP_BACKEND_URL not set</skipped></testcase><testcase classname="backend.tests.test_dealer_overrides_upsert" name="test_upsert_inserts_new" time="0.000"><skipped type="pytest.skip" message="REACT_APP_BACKEND_URL not set">/app/backend/tests/test_dealer_overrides_upsert.py:57: REACT_APP_BACKEND_URL not set</skipped></testcase><testcase classname="backend.tests.test_dealer_overrides_upsert" name="test_upsert_modifies_existing" time="0.000"><skipped type="pytest.skip" message="REACT_APP_BACKEND_URL not set">/app/backend/tests/test_dealer_overrides_upsert.py:78: REACT_APP_BACKEND_URL not set</skipped></testcase><testcase classname="backend.tests.test_dealer_overrides_upsert" name="test_upsert_does_not_wipe_other_overrides" time="0.000"><skipped type="pytest.skip" message="REACT_APP_BACKEND_URL not set">/app/backend/tests/test_dealer_overrides_upsert.py:90: REACT_APP_BACKEND_URL not set</skipped></testcase><testcase classname="backend.tests.test_dealer_overrides_upsert" name="test_upsert_invalid_kind" time="0.000"><skipped type="pytest.skip" message="REACT_APP_BACKEND_URL not set">/app/backend/tests/test_dealer_overrides_upsert.py:105: REACT_APP_BACKEND_URL not set</skipped></testcase><testcase classname="backend.tests.test_dealer_overrides_upsert" name="test_upsert_unknown_dealer" time="0.000"><skipped type="pytest.skip" message="REACT_APP_BACKEND_URL not set">/app/backend/tests/test_dealer_overrides_upsert.py:115: REACT_APP_BACKEND_URL not set</skipped></testcase><testcase classname="backend.tests.test_dealer_overrides_upsert" name="test_upsert_requires_auth" time="0.000"><skipped type="pytest.skip" message="REACT_APP_BACKEND_URL not set">/app/backend/tests/test_dealer_overrides_upsert.py:125: REACT_APP_BACKEND_URL not set</skipped></testcase><testcase classname="backend.tests.test_sauna_stock_and_option_forecast.TestStockAdjust" name="test_in_adds_to_stock" time="0.677" /><testcase classname="backend.tests.test_sauna_stock_and_option_forecast.TestStockAdjust" name="test_out_subtracts_from_stock" time="0.135" /><testcase classname="backend.tests.test_sauna_stock_and_option_forecast.TestStockAdjust" name="test_set_overwrites_stock" time="0.132" /><testcase classname="backend.tests.test_sauna_stock_and_option_forecast.TestStockAdjust" name="test_invalid_type_rejected" time="0.155" /><testcase classname="backend.tests.test_sauna_stock_and_option_forecast.TestStockAdjust" name="test_in_with_zero_qty_rejected" time="0.132" /><testcase classname="backend.tests.test_sauna_stock_and_option_forecast.TestStockAdjust" name="test_out_with_negative_qty_rejected" time="0.138" /><testcase classname="backend.tests.test_sauna_stock_and_option_forecast.TestStockAdjust" name="test_set_with_negative_qty_rejected" time="0.135" /><testcase classname="backend.tests.test_sauna_stock_and_option_forecast.TestStockAdjust" name="test_unknown_component_404" time="0.134" /><testcase classname="backend.tests.test_sauna_stock_and_option_forecast.TestStockAdjust" name="test_auth_required" time="0.130" /><testcase classname="backend.tests.test_sauna_stock_and_option_forecast.TestStockAdjust" name="test_persistence_in_components_get" time="0.150" /><testcase classname="backend.tests.test_sauna_stock_and_option_forecast.TestStockMovements" name="test_per_component_movements_sorted_desc" time="0.146" /><testcase classname="backend.tests.test_sauna_stock_and_option_forecast.TestStockMovements" name="test_global_movements_feed_contains_our_movements" time="0.139" /><testcase classname="backend.tests.test_sauna_stock_and_option_forecast.TestProcurementForecastOptionScope" name="test_forecast_accepts_option_scope" time="0.133" /><testcase classname="backend.tests.test_sauna_stock_and_option_forecast.TestProcurementForecastOptionScope" name="test_forecast_rejects_empty_targets" time="0.133" /><testcase classname="backend.tests.test_sauna_stock_and_option_forecast.TestRegression" name="test_list_tech_cards" time="0.131" /><testcase classname="backend.tests.test_sauna_stock_and_option_forecast.TestRegression" name="test_list_components" time="0.136" /><testcase classname="backend.tests.test_sauna_stock_and_option_forecast.TestRegression" name="test_cost_dashboard" time="0.125" /><testcase classname="backend.tests.test_sauna_stock_and_option_forecast.TestRegression" name="test_planner_tasks_crud_general_task" time="0.566" /><testcase classname="backend.tests.test_sauna_stock_and_option_forecast.TestRegression" name="test_tech_card_upsert_and_delete" time="0.818" /><testcase classname="backend.tests.test_sauna_tech_card_vat.TestVATEnrichment" name="test_create_card_returns_retailNetto_and_vatRate" time="0.785" /><testcase classname="backend.tests.test_sauna_tech_card_vat.TestVATEnrichment" name="test_spec_example_19880_1089" time="0.000" /><testcase classname="backend.tests.test_sauna_tech_card_vat.TestVATEnrichment" name="test_get_card_returns_enriched_netto" time="0.145" /><testcase classname="backend.tests.test_sauna_tech_card_vat.TestVATEnrichment" name="test_persisted_card_contains_netto_fields" time="0.136" /><testcase classname="backend.tests.test_sauna_tech_card_vat.TestVATEnrichment" name="test_recompute_all_backfills_netto" time="0.366" /><testcase classname="backend.tests.test_sauna_tech_card_vat.TestVATEnrichment" name="test_margin_formula_consistency_across_cards" time="0.422" /></testsuite></testsuites>