<?xml version="1.0" encoding="utf-8"?><testsuites name="pytest tests"><testsuite name="pytest" errors="0" failures="0" skipped="0" tests="6" time="1.884" timestamp="2026-05-16T19:25:53.486263+00:00" hostname="agent-env-1a4327c2-0c18-45ac-8d32-fe9a0b59944e"><testcase classname="backend.tests.test_sauna_tech_card_vat.TestVATEnrichment" name="test_create_card_returns_retailNetto_and_vatRate" time="0.859" /><testcase classname="backend.tests.test_sauna_tech_card_vat.TestVATEnrichment" name="test_spec_example_19880_1089" time="0.000" /><testcase classname="backend.tests.test_sauna_tech_card_vat.TestVATEnrichment" name="test_get_card_returns_enriched_netto" time="0.137" /><testcase classname="backend.tests.test_sauna_tech_card_vat.TestVATEnrichment" name="test_persisted_card_contains_netto_fields" time="0.140" /><testcase classname="backend.tests.test_sauna_tech_card_vat.TestVATEnrichment" name="test_recompute_all_backfills_netto" time="0.276" /><testcase classname="backend.tests.test_sauna_tech_card_vat.TestVATEnrichment" name="test_margin_formula_consistency_across_cards" time="0.401" /></testsuite></testsuites>