<?xml version="1.0" encoding="utf-8"?><testsuites name="pytest tests"><testsuite name="pytest" errors="0" failures="0" skipped="0" tests="3" time="2.693" timestamp="2026-08-14T16:27:36.551257+00:00" hostname="agent-env-642f7923-492c-4c2d-a86f-eea5f2d373e5"><testcase classname="tests.test_procurement_shortage_iteration123.TestProcurementShortage" name="test_shortage_arithmetic" time="1.438" /><testcase classname="tests.test_procurement_shortage_iteration123.TestProcurementShortage" name="test_no_shortage_after_stock_raise" time="0.557" /><testcase classname="tests.test_procurement_shortage_iteration123.TestProcurementShortage" name="test_procurement_requires_auth" time="0.564" /></testsuite></testsuites>