<?xml version="1.0" encoding="utf-8"?><testsuites name="pytest tests"><testsuite name="pytest" errors="0" failures="0" skipped="0" tests="18" time="10.618" timestamp="2026-05-17T01:12:00.876848+00:00" hostname="agent-env-5aa031d5-5b77-4116-bbc3-bdbf50614461"><testcase classname="backend.tests.test_dealer_hard_delete_and_presets.TestHardDeleteDealer" name="test_hard_delete_empty_dealer" time="1.097" /><testcase classname="backend.tests.test_dealer_hard_delete_and_presets.TestHardDeleteDealer" name="test_hard_delete_cascades_overrides_and_presets" time="1.065" /><testcase classname="backend.tests.test_dealer_hard_delete_and_presets.TestHardDeleteDealer" name="test_hard_delete_archives_confirmed_orders_by_default" time="1.740" /><testcase classname="backend.tests.test_dealer_hard_delete_and_presets.TestHardDeleteDealer" name="test_hard_delete_full_cascade_with_delete_confirmed" time="1.787" /><testcase classname="backend.tests.test_dealer_hard_delete_and_presets.TestHardDeleteDealer" name="test_hard_delete_404_for_unknown_dealer" time="0.116" /><testcase classname="backend.tests.test_dealer_hard_delete_and_presets.TestHardDeleteDealer" name="test_hard_delete_requires_admin_auth" time="0.312" /><testcase classname="backend.tests.test_dealer_hard_delete_and_presets.TestHardDeleteDealer" name="test_hard_delete_rejects_dealer_token" time="0.467" /><testcase classname="backend.tests.test_dealer_hard_delete_and_presets.TestMarkupPresets" name="test_list_empty" time="0.931" /><testcase classname="backend.tests.test_dealer_hard_delete_and_presets.TestMarkupPresets" name="test_create_preset_ok" time="0.355" /><testcase classname="backend.tests.test_dealer_hard_delete_and_presets.TestMarkupPresets" name="test_create_validation_empty_name" time="0.180" /><testcase classname="backend.tests.test_dealer_hard_delete_and_presets.TestMarkupPresets" name="test_create_validation_invalid_percent" time="0.220" /><testcase classname="backend.tests.test_dealer_hard_delete_and_presets.TestMarkupPresets" name="test_create_validation_invalid_base" time="0.162" /><testcase classname="backend.tests.test_dealer_hard_delete_and_presets.TestMarkupPresets" name="test_create_validation_invalid_scope" time="0.160" /><testcase classname="backend.tests.test_dealer_hard_delete_and_presets.TestMarkupPresets" name="test_delete_preset_ok" time="0.533" /><testcase classname="backend.tests.test_dealer_hard_delete_and_presets.TestMarkupPresets" name="test_delete_preset_of_other_dealer_404" time="0.353" /><testcase classname="backend.tests.test_dealer_hard_delete_and_presets.TestMarkupPresets" name="test_apply_preset_invokes_bulk_markup" time="0.528" /><testcase classname="backend.tests.test_dealer_hard_delete_and_presets.TestMarkupPresets" name="test_apply_unknown_preset_404" time="0.195" /><testcase classname="backend.tests.test_dealer_hard_delete_and_presets.TestMarkupPresets" name="test_presets_require_dealer_auth" time="0.335" /></testsuite></testsuites>