<?xml version="1.0" encoding="utf-8"?><testsuites name="pytest tests"><testsuite name="pytest" errors="0" failures="3" skipped="0" tests="27" time="12.297" timestamp="2026-08-14T16:08:57.948876+00:00" hostname="agent-env-642f7923-492c-4c2d-a86f-eea5f2d373e5"><testcase classname="tests.test_techcards_audit_iteration121.TestComponents" name="test_create_list_update_component" time="1.432" /><testcase classname="tests.test_techcards_audit_iteration121.TestComponents" name="test_create_second_component" time="0.117" /><testcase classname="tests.test_techcards_audit_iteration121.TestComponents" name="test_create_component_without_name_400" time="0.204" /><testcase classname="tests.test_techcards_audit_iteration121.TestComponents" name="test_update_missing_component_404" time="0.130" /><testcase classname="tests.test_techcards_audit_iteration121.TestComponents" name="test_components_require_auth" time="0.155" /><testcase classname="tests.test_techcards_audit_iteration121.TestTechCardCost" name="test_create_tech_card_arithmetic" time="0.157" /><testcase classname="tests.test_techcards_audit_iteration121.TestTechCardCost" name="test_sync_wrote_cost_price_into_sauna_prices" time="0.154" /><testcase classname="tests.test_techcards_audit_iteration121.TestTechCardCost" name="test_get_single_card_enriched" time="0.162" /><testcase classname="tests.test_techcards_audit_iteration121.TestTechCardCost" name="test_upsert_is_idempotent_same_key" time="0.259" /><testcase classname="tests.test_techcards_audit_iteration121.TestTechCardCost" name="test_delete_component_in_use_blocked" time="0.155" /><testcase classname="tests.test_techcards_audit_iteration121.TestTechCardCost" name="test_price_change_recomputes_card_and_resyncs" time="0.603" /><testcase classname="tests.test_techcards_audit_iteration121.TestTechCardCost" name="test_recompute_all" time="0.455" /><testcase classname="tests.test_techcards_audit_iteration121.TestTechCardCost" name="test_invalid_scope_400" time="0.149" /><testcase classname="tests.test_techcards_audit_iteration121.TestTechCardCost" name="test_missing_component_flag" time="0.986" /><testcase classname="tests.test_techcards_audit_iteration121.TestProcurementDashboard" name="test_forecast_numbers" time="0.185" /><testcase classname="tests.test_techcards_audit_iteration121.TestProcurementDashboard" name="test_forecast_empty_targets_400" time="0.130" /><testcase classname="tests.test_techcards_audit_iteration121.TestProcurementDashboard" name="test_forecast_reports_stock_shortage" time="0.168"><failure message="AssertionError: forecast row has no stock/shortage info: ['category', 'componentId', 'lineTotal', 'name', 'sources', 'supplier', 'totalQty', 'unit', 'unitPrice']&#10;assert ('stockCurrent' in {'category': 'wood', 'componentId': '788ebfd0-d8ec-4f5a-b2e7-eb723695fd05', 'lineTotal': 60150.0, 'name': 'QA-COMP-A-a743de', ...} or 'stock' in {'category': 'wood', 'componentId': '788ebfd0-d8ec-4f5a-b2e7-eb723695fd05', 'lineTotal': 60150.0, 'name': 'QA-COMP-A-a743de', ...} or 'shortage' in {'category': 'wood', 'componentId': '788ebfd0-d8ec-4f5a-b2e7-eb723695fd05', 'lineTotal': 60150.0, 'name': 'QA-COMP-A-a743de', ...})">E   AssertionError: forecast row has no stock/shortage info: ['category', 'componentId', 'lineTotal', 'name', 'sources', 'supplier', 'totalQty', 'unit', 'unitPrice']
    assert ('stockCurrent' in {'category': 'wood', 'componentId': '788ebfd0-d8ec-4f5a-b2e7-eb723695fd05', 'lineTotal': 60150.0, 'name': 'QA-COMP-A-a743de', ...} or 'stock' in {'category': 'wood', 'componentId': '788ebfd0-d8ec-4f5a-b2e7-eb723695fd05', 'lineTotal': 60150.0, 'name': 'QA-COMP-A-a743de', ...} or 'shortage' in {'category': 'wood', 'componentId': '788ebfd0-d8ec-4f5a-b2e7-eb723695fd05', 'lineTotal': 60150.0, 'name': 'QA-COMP-A-a743de', ...})</failure></testcase><testcase classname="tests.test_techcards_audit_iteration121.TestProcurementDashboard" name="test_dashboard" time="0.147" /><testcase classname="tests.test_techcards_audit_iteration121.TestStock" name="test_stock_adjust_in_out_set" time="0.613" /><testcase classname="tests.test_techcards_audit_iteration121.TestStock" name="test_stock_adjust_validation" time="0.608" /><testcase classname="tests.test_techcards_audit_iteration121.TestStock" name="test_movements_logged" time="0.300" /><testcase classname="tests.test_techcards_audit_iteration121.TestProductionStock" name="test_create_lead_api_duplicate_null_amocrm_id" time="0.183"><failure message="AssertionError: manual lead creation failed: 500 {&quot;detail&quot;:&quot;E11000 duplicate key error collection: test_database.sauna_crm_leads index: amocrm_id_1 dup key: { amocrm_id: null }, full error: {'index': 0, 'code': 11000, 'errmsg': 'E11000 duplicate key error collection: test_database.sauna_crm_leads index: amocrm_id_1 dup key: { amocrm_id: null }', '&#10;assert 500 in (200, 201)&#10; +  where 500 = &lt;Response [500]&gt;.status_code">E   AssertionError: manual lead creation failed: 500 {"detail":"E11000 duplicate key error collection: test_database.sauna_crm_leads index: amocrm_id_1 dup key: { amocrm_id: null }, full error: {'index': 0, 'code': 11000, 'errmsg': 'E11000 duplicate key error collection: test_database.sauna_crm_leads index: amocrm_id_1 dup key: { amocrm_id: null }', '
    assert 500 in (200, 201)
     +  where 500 = &lt;Response [500]&gt;.status_code</failure></testcase><testcase classname="tests.test_techcards_audit_iteration121.TestProductionStock" name="test_preview" time="0.207" /><testcase classname="tests.test_techcards_audit_iteration121.TestProductionStock" name="test_deduct_then_double_deduct_then_revert" time="1.781" /><testcase classname="tests.test_techcards_audit_iteration121.TestProductionStock" name="test_deduct_lead_without_bom_should_not_claim_flag" time="0.253"><failure message="AssertionError: empty deduction claimed the productionStockDeducted flag — a later real deduction is permanently blocked with 409&#10;assert 409 != 409&#10; +  where 409 = &lt;Response [409]&gt;.status_code">E   AssertionError: empty deduction claimed the productionStockDeducted flag — a later real deduction is permanently blocked with 409
    assert 409 != 409
     +  where 409 = &lt;Response [409]&gt;.status_code</failure></testcase><testcase classname="tests.test_techcards_audit_iteration121.TestProductionStock" name="test_deduct_missing_lead_404" time="0.138" /><testcase classname="tests.test_techcards_audit_iteration121.TestOrderMarginLinkage" name="test_order_margin_uses_synced_cost_price" time="2.356" /></testsuite></testsuites>