<?xml version="1.0" encoding="utf-8"?><testsuites name="pytest tests"><testsuite name="pytest" errors="0" failures="0" skipped="0" tests="7" time="6.366" timestamp="2026-08-14T16:14:10.394067+00:00" hostname="agent-env-642f7923-492c-4c2d-a86f-eea5f2d373e5"><testcase classname="tests.test_production_stock_flag_release_iteration122.TestSetupCostChain" name="test_create_components" time="1.111" /><testcase classname="tests.test_production_stock_flag_release_iteration122.TestSetupCostChain" name="test_create_tech_card_and_sync_cost_price" time="0.282" /><testcase classname="tests.test_production_stock_flag_release_iteration122.TestDeductFlagRelease" name="test_deduct_with_nothing_to_apply_releases_flag" time="0.270" /><testcase classname="tests.test_production_stock_flag_release_iteration122.TestDeductFlagRelease" name="test_retry_after_model_added_actually_deducts" time="1.346" /><testcase classname="tests.test_production_stock_flag_release_iteration122.TestDeductRevertRegression" name="test_deduct_double_deduct_revert_double_revert" time="2.036" /><testcase classname="tests.test_production_stock_flag_release_iteration122.TestDeductRevertRegression" name="test_deduct_missing_lead_404" time="0.173" /><testcase classname="tests.test_production_stock_flag_release_iteration122.TestDeductRevertRegression" name="test_deduct_requires_auth" time="1.007" /></testsuite></testsuites>