<?xml version="1.0" encoding="utf-8"?><testsuites name="pytest tests"><testsuite name="pytest" errors="0" failures="0" skipped="1" tests="8" time="1.108" timestamp="2026-05-17T23:37:52.674585+00:00" hostname="agent-env-3df53799-b437-4bbd-a1ac-f3f10ccfef57"><testcase classname="backend.tests.test_dovoz_with_driver.TestDovozSettings" name="test_get_settings_admin" time="0.672" /><testcase classname="backend.tests.test_dovoz_with_driver.TestDovozSettings" name="test_put_settings_with_driver_array" time="0.095" /><testcase classname="backend.tests.test_dovoz_with_driver.TestDovozSettings" name="test_put_settings_empty_with_driver_array" time="0.094" /><testcase classname="backend.tests.test_dovoz_with_driver.TestDovozStats" name="test_stats_returns_4_stages" time="0.051" /><testcase classname="backend.tests.test_dovoz_with_driver.TestDovozOrders" name="test_orders_by_stage_includes_with_driver" time="0.045" /><testcase classname="backend.tests.test_dovoz_with_driver.TestDovozStageUpdate" name="test_stage_with_driver_accepted_or_404" time="0.048" /><testcase classname="backend.tests.test_dovoz_with_driver.TestDovozStageUpdate" name="test_stage_invalid_returns_400" time="0.042" /><testcase classname="backend.tests.test_dovoz_with_driver.TestDovozStageUpdate" name="test_stage_with_driver_round_trip" time="0.000"><skipped type="pytest.skip" message="No public create endpoint - covered by 404 contract test above">/app/backend/tests/test_dovoz_with_driver.py:163: No public create endpoint - covered by 404 contract test above</skipped></testcase></testsuite></testsuites>