<?xml version="1.0" encoding="utf-8"?><testsuites name="pytest tests"><testsuite name="pytest" errors="0" failures="0" skipped="0" tests="7" time="6.747" timestamp="2026-05-17T17:03:07.273215+00:00" hostname="agent-env-5aa031d5-5b77-4116-bbc3-bdbf50614461"><testcase classname="tests.test_dealer_onboarding_markup" name="test_create_dealer_echoes_default_markup_fields" time="1.023" /><testcase classname="tests.test_dealer_onboarding_markup" name="test_first_login_applies_onboarding_and_stamps" time="1.244" /><testcase classname="tests.test_dealer_onboarding_markup" name="test_reset_onboarding_via_put" time="1.320" /><testcase classname="tests.test_dealer_onboarding_markup" name="test_put_updates_default_markup_fields" time="0.575" /><testcase classname="tests.test_dealer_onboarding_markup" name="test_invalid_base_scope_coerced_to_defaults" time="0.801" /><testcase classname="tests.test_dealer_onboarding_markup" name="test_no_default_markup_means_no_onboarding" time="0.898" /><testcase classname="tests.test_dealer_onboarding_markup" name="test_b2b_base_no_b2b_prices_touched_zero" time="0.820" /></testsuite></testsuites>