<?xml version="1.0" encoding="utf-8"?><testsuites name="pytest tests"><testsuite name="pytest" errors="0" failures="0" skipped="0" tests="15" time="3.662" timestamp="2026-04-14T19:16:31.321963+00:00" hostname="agent-env-e245c310-b5e6-48ba-98de-6fee2f121e19"><testcase classname="backend.tests.test_ai_closed_lost_analysis_iteration83.TestAIClosedLostAnalysis" name="test_ai_closed_lost_analysis_endpoint_exists" time="1.710" /><testcase classname="backend.tests.test_ai_closed_lost_analysis_iteration83.TestAIClosedLostAnalysis" name="test_ai_closed_lost_analysis_empty_data_message" time="0.200" /><testcase classname="backend.tests.test_ai_closed_lost_analysis_iteration83.TestAIClosedLostAnalysis" name="test_ai_closed_lost_analysis_with_date_from" time="0.115" /><testcase classname="backend.tests.test_ai_closed_lost_analysis_iteration83.TestAIClosedLostAnalysis" name="test_ai_closed_lost_analysis_with_date_to" time="0.153" /><testcase classname="backend.tests.test_ai_closed_lost_analysis_iteration83.TestAIClosedLostAnalysis" name="test_ai_closed_lost_analysis_with_date_range" time="0.163" /><testcase classname="backend.tests.test_ai_closed_lost_analysis_iteration83.TestExistingEndpointsStillWork" name="test_closed_lost_endpoint" time="0.114" /><testcase classname="backend.tests.test_ai_closed_lost_analysis_iteration83.TestExistingEndpointsStillWork" name="test_summary_endpoint" time="0.158" /><testcase classname="backend.tests.test_ai_closed_lost_analysis_iteration83.TestExistingEndpointsStillWork" name="test_problem_leads_endpoint" time="0.131" /><testcase classname="backend.tests.test_ai_closed_lost_analysis_iteration83.TestExistingEndpointsStillWork" name="test_settings_endpoint" time="0.124" /><testcase classname="backend.tests.test_ai_closed_lost_analysis_iteration83.TestExistingEndpointsStillWork" name="test_managers_endpoint" time="0.110" /><testcase classname="backend.tests.test_ai_closed_lost_analysis_iteration83.TestExistingEndpointsStillWork" name="test_sync_status_endpoint" time="0.120" /><testcase classname="backend.tests.test_ai_closed_lost_analysis_iteration83.TestExistingEndpointsStillWork" name="test_pipelines_and_users_endpoint" time="0.116" /><testcase classname="backend.tests.test_ai_closed_lost_analysis_iteration83.TestOtherAIEndpoints" name="test_ai_department_summary" time="0.121" /><testcase classname="backend.tests.test_ai_closed_lost_analysis_iteration83.TestOtherAIEndpoints" name="test_ai_manager_analysis" time="0.113" /><testcase classname="backend.tests.test_ai_closed_lost_analysis_iteration83.TestOtherAIEndpoints" name="test_ai_common_errors" time="0.140" /></testsuite></testsuites>