<?xml version="1.0" encoding="utf-8"?><testsuites name="pytest tests"><testsuite name="pytest" errors="0" failures="0" skipped="0" tests="15" time="1.521" timestamp="2026-01-15T11:49:18.789825+00:00" hostname="agent-env-8df11d36-aa60-40d1-9870-39a9064efa13"><testcase classname="tests.test_sauna_crm.TestSaunaCRMSettings" name="test_get_settings" time="0.134" /><testcase classname="tests.test_sauna_crm.TestSaunaCRMSettings" name="test_update_settings" time="0.103" /><testcase classname="tests.test_sauna_crm.TestSaunaCRMLeads" name="test_get_all_leads" time="0.050" /><testcase classname="tests.test_sauna_crm.TestSaunaCRMLeads" name="test_create_lead" time="0.044" /><testcase classname="tests.test_sauna_crm.TestSaunaCRMLeads" name="test_get_single_lead" time="0.057" /><testcase classname="tests.test_sauna_crm.TestSaunaCRMLeads" name="test_get_nonexistent_lead" time="0.048" /><testcase classname="tests.test_sauna_crm.TestSaunaCRMLeads" name="test_update_lead" time="0.140" /><testcase classname="tests.test_sauna_crm.TestSaunaCRMLeads" name="test_change_lead_stage" time="0.071" /><testcase classname="tests.test_sauna_crm.TestSaunaCRMLeads" name="test_change_stage_to_kp_created" time="0.055" /><testcase classname="tests.test_sauna_crm.TestSaunaCRMCalculatorIntegration" name="test_open_calculator_data" time="0.098" /><testcase classname="tests.test_sauna_crm.TestSaunaCRMCalculatorIntegration" name="test_save_calculator_data" time="0.146" /><testcase classname="tests.test_sauna_crm.TestSaunaCRMAmoCRMSync" name="test_sync_from_amocrm" time="0.045" /><testcase classname="tests.test_sauna_crm.TestSaunaCRMDeleteLead" name="test_delete_lead" time="0.121" /><testcase classname="tests.test_sauna_crm.TestSaunaCRMDeleteLead" name="test_delete_nonexistent_lead" time="0.047" /><testcase classname="tests.test_sauna_crm.TestSaunaCRMCleanup" name="test_cleanup_test_leads" time="0.082" /></testsuite></testsuites>