<?xml version="1.0" encoding="utf-8"?><testsuites name="pytest tests"><testsuite name="pytest" errors="0" failures="0" skipped="1" tests="11" time="3.258" timestamp="2026-04-10T14:55:27.153417+00:00" hostname="agent-env-4b7adb74-8298-427b-a417-5ca33a331eb7"><testcase classname="backend.tests.test_features_iteration76.TestLayoutVariantsDuplicate" name="test_get_layout_variants" time="0.185" /><testcase classname="backend.tests.test_features_iteration76.TestLayoutVariantsDuplicate" name="test_get_layout_variants_grouped" time="0.166" /><testcase classname="backend.tests.test_features_iteration76.TestLayoutVariantsDuplicate" name="test_grouped_variants_sorted_numerically" time="0.116" /><testcase classname="backend.tests.test_features_iteration76.TestLayoutVariantsDuplicate" name="test_duplicate_layout_variant" time="0.417" /><testcase classname="backend.tests.test_features_iteration76.TestLayoutVariantsDuplicate" name="test_duplicate_nonexistent_variant_returns_404" time="0.243" /><testcase classname="backend.tests.test_features_iteration76.TestLayoutVariantsDuplicate" name="test_create_layout_variant_with_custom_size" time="0.305" /><testcase classname="backend.tests.test_features_iteration76.TestCertificateDiscount" name="test_sauna_prices_endpoint" time="0.126" /><testcase classname="backend.tests.test_features_iteration76.TestCertificateDiscount" name="test_sauna_order_with_certificate_discount" time="0.890" /><testcase classname="backend.tests.test_features_iteration76.TestCertificateDiscount" name="test_certificate_discount_calculation" time="0.000" /><testcase classname="backend.tests.test_features_iteration76.TestSaunaOrderModel" name="test_order_has_certificate_discount_field" time="0.739" /><testcase classname="backend.tests.test_features_iteration76.TestPDFGeneration" name="test_pdf_generation_endpoint_exists" time="0.000"><skipped type="pytest.skip" message="PDF generation has font issue in test environment - pre-existing issue">/app/backend/tests/test_features_iteration76.py:245: PDF generation has font issue in test environment - pre-existing issue</skipped></testcase></testsuite></testsuites>