<?xml version="1.0" encoding="utf-8"?><testsuites name="pytest tests"><testsuite name="pytest" errors="0" failures="0" skipped="0" tests="10" time="0.663" timestamp="2026-01-02T18:35:25.096566+00:00" hostname="agent-env-06a9cdc6-a8d2-4e49-bc39-59689f1f71c3"><testcase classname="tests.test_balia_prices.TestBaliaPricesAPI" name="test_get_prices_returns_200" time="0.063" /><testcase classname="tests.test_balia_prices.TestBaliaPricesAPI" name="test_get_prices_models_have_heater_variants" time="0.041" /><testcase classname="tests.test_balia_prices.TestBaliaPricesAPI" name="test_get_prices_model_specs_support_string_values" time="0.058" /><testcase classname="tests.test_balia_prices.TestBaliaPricesAPI" name="test_post_prices_with_heater_variants_no_422" time="0.054" /><testcase classname="tests.test_balia_prices.TestBaliaPricesAPI" name="test_post_prices_with_string_specs_no_422" time="0.055" /><testcase classname="tests.test_balia_prices.TestBaliaPricesAPI" name="test_post_prices_persists_heater_variants" time="0.125" /><testcase classname="tests.test_balia_prices.TestBaliaPricesAPI" name="test_post_prices_with_extra_fields_allowed" time="0.048" /><testcase classname="tests.test_balia_prices.TestBaliaPricesEdgeCases" name="test_empty_heater_variants_array" time="0.063" /><testcase classname="tests.test_balia_prices.TestBaliaPricesEdgeCases" name="test_heater_variant_with_all_optional_fields" time="0.048" /><testcase classname="tests.test_balia_prices.TestBaliaPricesEdgeCases" name="test_model_with_null_specs" time="0.056" /></testsuite></testsuites>