<?xml version="1.0" encoding="utf-8"?><testsuites name="pytest tests"><testsuite name="pytest" errors="0" failures="2" skipped="0" tests="17" time="1.829" timestamp="2026-01-02T23:44:35.648085+00:00" hostname="agent-env-2b93b24c-9d9d-43b5-98d3-449b6744aec3"><testcase classname="tests.test_web_orders.TestPublicPricesAPI" name="test_get_public_prices_returns_200" time="0.098" /><testcase classname="tests.test_web_orders.TestPublicPricesAPI" name="test_public_prices_has_models" time="0.046" /><testcase classname="tests.test_web_orders.TestPublicPricesAPI" name="test_public_prices_has_categories" time="0.045" /><testcase classname="tests.test_web_orders.TestPublicWebOrderAPI" name="test_create_web_order_success" time="0.037" /><testcase classname="tests.test_web_orders.TestPublicWebOrderAPI" name="test_create_web_order_with_options" time="0.042" /><testcase classname="tests.test_web_orders.TestPublicWebOrderAPI" name="test_create_web_order_missing_required_fields" time="0.038" /><testcase classname="tests.test_web_orders.TestWebOrdersAdminAPI" name="test_get_web_orders_list" time="0.149" /><testcase classname="tests.test_web_orders.TestWebOrdersAdminAPI" name="test_get_web_orders_contains_test_order" time="0.116" /><testcase classname="tests.test_web_orders.TestWebOrdersAdminAPI" name="test_get_single_web_order" time="0.109" /><testcase classname="tests.test_web_orders.TestWebOrdersAdminAPI" name="test_get_nonexistent_web_order" time="0.148" /><testcase classname="tests.test_web_orders.TestWebOrdersAdminAPI" name="test_update_web_order_status" time="0.102"><failure message="AssertionError: Expected 200, got 520&#10;assert 520 == 200&#10; +  where 520 = &lt;Response [520]&gt;.status_code">tests/test_web_orders.py:193: in test_update_web_order_status
    assert response.status_code == 200, f"Expected 200, got {response.status_code}"
E   AssertionError: Expected 200, got 520
E   assert 520 == 200
E    +  where 520 = &lt;Response [520]&gt;.status_code</failure></testcase><testcase classname="tests.test_web_orders.TestWebOrdersAdminAPI" name="test_update_web_order_notes" time="0.107" /><testcase classname="tests.test_web_orders.TestWebOrdersAdminAPI" name="test_update_nonexistent_web_order" time="0.109"><failure message="AssertionError: Expected 404, got 520&#10;assert 520 == 404&#10; +  where 520 = &lt;Response [520]&gt;.status_code">tests/test_web_orders.py:224: in test_update_nonexistent_web_order
    assert response.status_code == 404, f"Expected 404, got {response.status_code}"
E   AssertionError: Expected 404, got 520
E   assert 520 == 404
E    +  where 520 = &lt;Response [520]&gt;.status_code</failure></testcase><testcase classname="tests.test_web_orders.TestWebOrdersAdminAPI" name="test_delete_web_order" time="0.229" /><testcase classname="tests.test_web_orders.TestWebOrdersAdminAPI" name="test_delete_nonexistent_web_order" time="0.155" /><testcase classname="tests.test_web_orders.TestNewOrdersCount" name="test_get_new_orders_count" time="0.038" /><testcase classname="tests.test_web_orders.TestCleanup" name="test_cleanup_test_orders" time="0.103" /></testsuite></testsuites>