<?xml version="1.0" encoding="utf-8"?><testsuites name="pytest tests"><testsuite name="pytest" errors="0" failures="0" skipped="0" tests="7" time="3.094" timestamp="2026-04-05T15:20:42.413755+00:00" hostname="agent-env-5161260a-7ec2-4905-98df-02dd6f9c2d88"><testcase classname="backend.tests.test_settings_advance_remaining.TestCRMSettingsAdvanceRemaining" name="test_get_settings_returns_advance_remaining_fields" time="0.403" /><testcase classname="backend.tests.test_settings_advance_remaining.TestCRMSettingsAdvanceRemaining" name="test_save_settings_with_advance_field_id" time="0.534" /><testcase classname="backend.tests.test_settings_advance_remaining.TestCRMSettingsAdvanceRemaining" name="test_save_settings_with_remaining_field_id" time="0.559" /><testcase classname="backend.tests.test_settings_advance_remaining.TestCRMSettingsAdvanceRemaining" name="test_save_both_advance_and_remaining_fields" time="0.800" /><testcase classname="backend.tests.test_settings_advance_remaining.TestCRMSettingsAdvanceRemaining" name="test_settings_round_trip_preserves_other_fields" time="0.540" /><testcase classname="backend.tests.test_settings_advance_remaining.TestSyncStatusEndpoint" name="test_sync_status_returns_idle_when_no_sync" time="0.097" /><testcase classname="backend.tests.test_settings_advance_remaining.TestSyncFromAmoCRMEndpoint" name="test_sync_endpoint_returns_quickly" time="0.106" /></testsuite></testsuites>