<?xml version="1.0" encoding="utf-8"?><testsuites name="pytest tests"><testsuite name="pytest" errors="0" failures="0" skipped="1" tests="17" time="6.542" timestamp="2026-05-27T17:51:16.320207+00:00" hostname="agent-env-e4811091-e106-44b1-9dad-e454e2cd3f19"><testcase classname="backend.tests.test_procurement.TestComponents" name="test_components_requires_auth" time="0.610" /><testcase classname="backend.tests.test_procurement.TestComponents" name="test_list_components" time="0.149" /><testcase classname="backend.tests.test_procurement.TestComponents" name="test_quick_create_component" time="0.344" /><testcase classname="backend.tests.test_procurement.TestRequests" name="test_list_requests_requires_auth" time="0.136" /><testcase classname="backend.tests.test_procurement.TestRequests" name="test_create_minimal" time="0.264" /><testcase classname="backend.tests.test_procurement.TestRequests" name="test_create_with_componentId_pulls_unit_price" time="0.240" /><testcase classname="backend.tests.test_procurement.TestRequests" name="test_invalid_status_returns_400" time="0.124" /><testcase classname="backend.tests.test_procurement.TestRequests" name="test_invalid_priority_returns_400" time="0.148" /><testcase classname="backend.tests.test_procurement.TestRequests" name="test_update_recalculates_total_and_resets_notifications" time="0.274" /><testcase classname="backend.tests.test_procurement.TestRequests" name="test_list_isOverdue_flag" time="0.239" /><testcase classname="backend.tests.test_procurement.TestRequests" name="test_delete_requires_admin" time="0.354" /><testcase classname="backend.tests.test_procurement.TestRequests" name="test_delete_non_admin_forbidden" time="0.124"><skipped type="pytest.skip" message="non-admin login unavailable: 401">/app/backend/tests/test_procurement.py:248: non-admin login unavailable: 401</skipped></testcase><testcase classname="backend.tests.test_procurement.TestStats" name="test_stats_shape" time="0.146" /><testcase classname="backend.tests.test_procurement.TestNotifications" name="test_notifications_run_idempotency" time="2.135" /><testcase classname="backend.tests.test_procurement.TestNotifications" name="test_notifications_run_requires_admin" time="0.117" /><testcase classname="backend.tests.test_procurement.TestPlannerRegression" name="test_planner_tasks" time="0.114" /><testcase classname="backend.tests.test_procurement.TestPlannerRegression" name="test_planner_directions" time="0.938" /></testsuite></testsuites>