<?xml version="1.0" encoding="utf-8"?><testsuites name="pytest tests"><testsuite name="pytest" errors="0" failures="0" skipped="0" tests="10" time="4.068" timestamp="2026-05-17T00:54:41.547096+00:00" hostname="agent-env-5aa031d5-5b77-4116-bbc3-bdbf50614461"><testcase classname="backend.tests.test_dealer_two_price_model" name="test_dealer_get_prices_shape" time="1.349" /><testcase classname="backend.tests.test_dealer_two_price_model" name="test_dealer_prices_strips_cost_everywhere" time="0.111" /><testcase classname="backend.tests.test_dealer_two_price_model" name="test_dealer_put_overrides_preserves_admin_b2b" time="0.331" /><testcase classname="backend.tests.test_dealer_two_price_model" name="test_admin_put_overrides_preserves_dealer_retail" time="0.417" /><testcase classname="backend.tests.test_dealer_two_price_model" name="test_bulk_markup_b2b_models_only" time="0.360" /><testcase classname="backend.tests.test_dealer_two_price_model" name="test_create_order_computes_manufacturer_total" time="0.148" /><testcase classname="backend.tests.test_dealer_two_price_model" name="test_update_order_recomputes_manufacturer_total" time="0.116" /><testcase classname="backend.tests.test_dealer_two_price_model" name="test_confirm_order_preserves_manufacturer_total" time="0.784" /><testcase classname="backend.tests.test_dealer_two_price_model" name="test_admin_recompute_manufacturer_totals" time="0.127" /><testcase classname="backend.tests.test_dealer_two_price_model" name="test_recompute_margins_uses_manufacturer_total_for_dealer" time="0.255" /></testsuite></testsuites>