<?xml version="1.0" encoding="utf-8"?><testsuites name="pytest tests"><testsuite name="pytest" errors="0" failures="0" skipped="0" tests="9" time="3.049" timestamp="2026-02-22T12:53:44.021545+00:00" hostname="agent-env-943819bf-a869-4220-b29f-f20414ee3151"><testcase classname="tests.test_layout_configurator_walls.TestAssetUploadWithFixedHeight" name="test_upload_asset_without_fixed_height" time="0.775" /><testcase classname="tests.test_layout_configurator_walls.TestAssetUploadWithFixedHeight" name="test_upload_asset_with_fixed_height_true" time="0.663" /><testcase classname="tests.test_layout_configurator_walls.TestAssetUploadWithFixedHeight" name="test_upload_asset_with_fixed_height_false" time="0.776" /><testcase classname="tests.test_layout_configurator_walls.TestElementTypes" name="test_get_element_types" time="0.118" /><testcase classname="tests.test_layout_configurator_walls.TestAssetsList" name="test_list_assets" time="0.103" /><testcase classname="tests.test_layout_configurator_walls.TestAssetsList" name="test_list_assets_by_type" time="0.112" /><testcase classname="tests.test_layout_configurator_walls.TestLayoutCRUD" name="test_create_layout" time="0.227" /><testcase classname="tests.test_layout_configurator_walls.TestLayoutCRUD" name="test_list_layouts" time="0.110" /><testcase classname="tests.test_layout_configurator_walls.TestSaunaModels" name="test_get_sauna_models" time="0.105" /></testsuite></testsuites>