<?xml version="1.0" encoding="utf-8"?><testsuites name="pytest tests"><testsuite name="pytest" errors="0" failures="0" skipped="0" tests="17" time="2.778" timestamp="2026-02-19T13:22:59.606907+00:00" hostname="agent-env-79a62a93-30db-4a67-8298-790da88095db"><testcase classname="tests.test_layout_configurator.TestLayoutConfiguratorAPI" name="test_get_sauna_models" time="0.280" /><testcase classname="tests.test_layout_configurator.TestLayoutConfiguratorAPI" name="test_get_element_types" time="0.197" /><testcase classname="tests.test_layout_configurator.TestLayoutConfiguratorAPI" name="test_get_assets" time="0.120" /><testcase classname="tests.test_layout_configurator.TestLayoutConfiguratorAPI" name="test_get_assets_by_type" time="0.119" /><testcase classname="tests.test_layout_configurator.TestLayoutConfiguratorAPI" name="test_get_layouts" time="0.147" /><testcase classname="tests.test_layout_configurator.TestLayoutConfiguratorAPI" name="test_get_published_layouts" time="0.108" /><testcase classname="tests.test_layout_configurator.TestLayoutConfiguratorAPI" name="test_get_outlines" time="0.123" /><testcase classname="tests.test_layout_configurator.TestLayoutCRUD" name="test_create_layout" time="0.238" /><testcase classname="tests.test_layout_configurator.TestLayoutCRUD" name="test_get_created_layout" time="0.108" /><testcase classname="tests.test_layout_configurator.TestLayoutCRUD" name="test_update_layout" time="0.120" /><testcase classname="tests.test_layout_configurator.TestLayoutCRUD" name="test_duplicate_layout" time="0.252" /><testcase classname="tests.test_layout_configurator.TestLayoutCRUD" name="test_publish_layout" time="0.120" /><testcase classname="tests.test_layout_configurator.TestLayoutCRUD" name="test_unpublish_layout" time="0.118" /><testcase classname="tests.test_layout_configurator.TestLayoutCRUD" name="test_delete_layout" time="0.236" /><testcase classname="tests.test_layout_configurator.TestLayoutConfiguratorErrors" name="test_get_nonexistent_layout" time="0.115" /><testcase classname="tests.test_layout_configurator.TestLayoutConfiguratorErrors" name="test_get_nonexistent_outline" time="0.156" /><testcase classname="tests.test_layout_configurator.TestLayoutConfiguratorErrors" name="test_delete_nonexistent_asset" time="0.141" /></testsuite></testsuites>