<?xml version="1.0" encoding="utf-8"?><testsuites name="pytest tests"><testsuite name="pytest" errors="0" failures="1" skipped="0" tests="5" time="1.461" timestamp="2026-01-24T17:13:01.378988+00:00" hostname="agent-env-ad06a601-d415-4e80-8833-fc50e382a713"><testcase classname="backend.tests.test_sauna_foundation_variants.TestSaunaFoundationPrice" name="test_api_returns_models_with_foundation_price" time="0.079" /><testcase classname="backend.tests.test_sauna_foundation_variants.TestSaunaFoundationPrice" name="test_fundament_category_has_belki_options" time="0.044" /><testcase classname="backend.tests.test_sauna_foundation_variants.TestSaunaVariants" name="test_lawki_option_has_variants" time="0.048"><failure message="AssertionError: Expected 'Z zabudową' price=1480, got 480&#10;assert 480 == 1480&#10; +  where 480 = &lt;built-in method get of dict object at 0xfabe7295c980&gt;('price')&#10; +    where &lt;built-in method get of dict object at 0xfabe7295c980&gt; = {'id': 'var_bez_zabudowy', 'imageUrl': None, 'name': 'Bez zabudowy', 'namePl': 'Bez zabudowy', ...}.get">backend/tests/test_sauna_foundation_variants.py:89: in test_lawki_option_has_variants
    assert z_zabudowa.get('price') == 1480, f"Expected 'Z zabudową' price=1480, got {z_zabudowa.get('price')}"
E   AssertionError: Expected 'Z zabudową' price=1480, got 480
E   assert 480 == 1480
E    +  where 480 = &lt;built-in method get of dict object at 0xfabe7295c980&gt;('price')
E    +    where &lt;built-in method get of dict object at 0xfabe7295c980&gt; = {'id': 'var_bez_zabudowy', 'imageUrl': None, 'name': 'Bez zabudowy', 'namePl': 'Bez zabudowy', ...}.get</failure></testcase><testcase classname="backend.tests.test_sauna_foundation_variants.TestSaunaOrderWithVariant" name="test_create_order_with_variant_selection" time="0.799" /><testcase classname="backend.tests.test_sauna_foundation_variants.TestSaunaPDFGeneration" name="test_pdf_generation_with_variant" time="0.407" /></testsuite></testsuites>