<?xml version="1.0" encoding="utf-8"?><testsuites name="pytest tests"><testsuite name="pytest" errors="0" failures="0" skipped="0" tests="10" time="3.730" timestamp="2026-03-18T16:55:36.401935+00:00" hostname="agent-env-d7081e48-67d5-4961-acab-f5f2c1fdd99e"><testcase classname="backend.tests.test_sauna_crm.TestCRMSettings" name="test_get_settings_returns_fields_and_stages" time="0.691" /><testcase classname="backend.tests.test_sauna_crm.TestCRMLeads" name="test_create_lead" time="0.368" /><testcase classname="backend.tests.test_sauna_crm.TestCRMLeads" name="test_get_all_leads" time="0.144" /><testcase classname="backend.tests.test_sauna_crm.TestCRMLeads" name="test_update_lead_clientname_and_readydate" time="0.560" /><testcase classname="backend.tests.test_sauna_crm.TestCRMLeads" name="test_change_lead_stage_and_record_history" time="0.434" /><testcase classname="backend.tests.test_sauna_crm.TestCRMLeads" name="test_delete_lead" time="0.506" /><testcase classname="backend.tests.test_sauna_crm.TestCRMCalendar" name="test_get_calendar_data_for_march_2026" time="0.162" /><testcase classname="backend.tests.test_sauna_crm.TestCRMCalendar" name="test_calendar_data_structure" time="0.487" /><testcase classname="backend.tests.test_sauna_crm.TestCRMEdgeCases" name="test_get_nonexistent_lead_returns_404" time="0.172" /><testcase classname="backend.tests.test_sauna_crm.TestCRMEdgeCases" name="test_delete_nonexistent_lead_returns_404" time="0.130" /></testsuite></testsuites>