<?xml version="1.0" encoding="utf-8"?><testsuites name="pytest tests"><testsuite name="pytest" errors="0" failures="0" skipped="0" tests="10" time="2.289" timestamp="2026-02-02T19:16:31.733567+00:00" hostname="agent-env-49006ec1-dfe0-4078-8ccc-7e24b07673b6"><testcase classname="tests.test_custom_layout_upload.TestUploadEndpoint" name="test_upload_image_success" time="0.089" /><testcase classname="tests.test_custom_layout_upload.TestUploadEndpoint" name="test_upload_image_invalid_type" time="0.044" /><testcase classname="tests.test_custom_layout_upload.TestUploadEndpoint" name="test_upload_image_jpeg" time="0.053" /><testcase classname="tests.test_custom_layout_upload.TestUploadEndpoint" name="test_upload_image_webp" time="0.197" /><testcase classname="tests.test_custom_layout_upload.TestUploadEndpoint" name="test_uploaded_image_accessible" time="0.083" /><testcase classname="tests.test_custom_layout_upload.TestPDFGenerationWithCustomImage" name="test_pdf_generation_with_custom_image" time="0.385" /><testcase classname="tests.test_custom_layout_upload.TestPDFGenerationWithCustomImage" name="test_pdf_generation_without_custom_image" time="0.258" /><testcase classname="tests.test_custom_layout_upload.TestLayoutCatalogAPI" name="test_get_layout_variants" time="0.044" /><testcase classname="tests.test_custom_layout_upload.TestSaunaOrderWithCustomLayout" name="test_create_order_with_custom_layout" time="1.023" /><testcase classname="tests.test_custom_layout_upload.TestSaunaPricesAPI" name="test_get_sauna_prices" time="0.042" /></testsuite></testsuites>