<?xml version="1.0" encoding="utf-8"?><testsuites name="pytest tests"><testsuite name="pytest" errors="0" failures="0" skipped="0" tests="16" time="10.702" timestamp="2026-05-27T18:33:41.529591+00:00" hostname="agent-env-e4811091-e106-44b1-9dad-e454e2cd3f19"><testcase classname="tests.test_procurement_stock_delivery.TestCreateStockDelivery" name="test_create_delivered_increments_stock" time="0.982" /><testcase classname="tests.test_procurement_stock_delivery.TestCreateStockDelivery" name="test_create_draft_does_not_touch_stock" time="0.502" /><testcase classname="tests.test_procurement_stock_delivery.TestPutStockTransitions" name="test_put_to_delivered_increments_stock" time="0.616" /><testcase classname="tests.test_procurement_stock_delivery.TestPutStockTransitions" name="test_put_delivered_to_delivered_is_idempotent" time="0.709" /><testcase classname="tests.test_procurement_stock_delivery.TestPutStockTransitions" name="test_put_delivered_to_ordered_reverts_stock" time="0.681" /><testcase classname="tests.test_procurement_stock_delivery.TestPutStockTransitions" name="test_put_delivered_to_cancelled_reverts_stock" time="0.591" /><testcase classname="tests.test_procurement_stock_delivery.TestMultiAndEdge" name="test_multiline_partial_componentId" time="0.890" /><testcase classname="tests.test_procurement_stock_delivery.TestMultiAndEdge" name="test_unknown_componentId_skipped" time="0.117" /><testcase classname="tests.test_procurement_stock_delivery.TestMultiAndEdge" name="test_legacy_singleline_put_delivered" time="0.611" /><testcase classname="tests.test_procurement_stock_delivery.TestMultiAndEdge" name="test_revert_then_redeliver_applies_again" time="0.963" /><testcase classname="tests.test_procurement_stock_delivery.TestDeleteStockRevert" name="test_delete_delivered_reverts_stock" time="0.730" /><testcase classname="tests.test_procurement_stock_delivery.TestDeleteStockRevert" name="test_delete_nondelivered_does_not_change_stock" time="0.928" /><testcase classname="tests.test_procurement_stock_delivery.TestRegression" name="test_stats_still_works" time="0.107" /><testcase classname="tests.test_procurement_stock_delivery.TestRegression" name="test_components_listing" time="0.113" /><testcase classname="tests.test_procurement_stock_delivery.TestRegression" name="test_telegram_format_multiline_unchanged" time="0.795" /><testcase classname="tests.test_procurement_stock_delivery.TestRegression" name="test_isOverdue_decoration_intact" time="1.312" /></testsuite></testsuites>