<?xml version="1.0" encoding="utf-8"?><testsuites name="pytest tests"><testsuite name="pytest" errors="0" failures="0" skipped="0" tests="15" time="9.843" timestamp="2026-05-16T17:23:14.026589+00:00" hostname="agent-env-c9e19b70-99b0-4430-851b-f3f0c3065deb"><testcase classname="backend.tests.test_planner.TestDirections" name="test_list_directions_seeds_8" time="0.775" /><testcase classname="backend.tests.test_planner.TestDirections" name="test_directions_admin_only_writes" time="1.044" /><testcase classname="backend.tests.test_planner.TestTasksCRUD" name="test_create_defaults_and_history" time="0.229" /><testcase classname="backend.tests.test_planner.TestTasksCRUD" name="test_create_invalid_status_400" time="0.112" /><testcase classname="backend.tests.test_planner.TestTasksCRUD" name="test_create_empty_title_400" time="0.114" /><testcase classname="backend.tests.test_planner.TestTasksCRUD" name="test_update_status_history_and_completedAt" time="0.435" /><testcase classname="backend.tests.test_planner.TestTasksCRUD" name="test_update_multiple_fields_history" time="0.457" /><testcase classname="backend.tests.test_planner.TestTasksCRUD" name="test_update_invalid_status_400" time="0.410" /><testcase classname="backend.tests.test_planner.TestTasksCRUD" name="test_delete_admin_only" time="0.839" /><testcase classname="backend.tests.test_planner.TestTaskFilters" name="test_filters" time="1.944" /><testcase classname="backend.tests.test_planner.TestComments" name="test_add_edit_delete_comment" time="1.327" /><testcase classname="backend.tests.test_planner.TestChecklist" name="test_checklist_crud" time="0.677" /><testcase classname="backend.tests.test_planner.TestDashboard" name="test_dashboard_shape" time="0.134" /><testcase classname="backend.tests.test_planner.TestFilterPresets" name="test_preset_crud" time="0.338" /><testcase classname="backend.tests.test_planner.TestPlannerAccess" name="test_planner_access_value_accepted" time="0.922" /></testsuite></testsuites>