<?xml version="1.0" encoding="utf-8"?><testsuites name="pytest tests"><testsuite name="pytest" errors="0" failures="0" skipped="0" tests="10" time="0.526" timestamp="2026-01-02T21:42:59.918645+00:00" hostname="agent-env-2b93b24c-9d9d-43b5-98d3-449b6744aec3"><testcase classname="tests.test_bowl_material_categories.TestBowlMaterialCategories" name="test_health_check" time="0.054" /><testcase classname="tests.test_bowl_material_categories.TestBowlMaterialCategories" name="test_get_prices_returns_bowl_material_category" time="0.045" /><testcase classname="tests.test_bowl_material_categories.TestBowlMaterialCategories" name="test_bowl_material_has_two_options" time="0.039" /><testcase classname="tests.test_bowl_material_categories.TestBowlMaterialCategories" name="test_fiberglass_color_category_exists" time="0.046" /><testcase classname="tests.test_bowl_material_categories.TestBowlMaterialCategories" name="test_fiberglass_color_has_15_options" time="0.040" /><testcase classname="tests.test_bowl_material_categories.TestBowlMaterialCategories" name="test_acrylic_color_category_exists" time="0.040" /><testcase classname="tests.test_bowl_material_categories.TestBowlMaterialCategories" name="test_acrylic_color_has_7_options" time="0.043" /><testcase classname="tests.test_bowl_material_categories.TestBowlMaterialCategories" name="test_category_sort_order" time="0.042" /><testcase classname="tests.test_bowl_material_categories.TestBowlMaterialCategories" name="test_dependent_categories_have_no_parent_dependency" time="0.045" /><testcase classname="tests.test_bowl_material_categories.TestPriceCalculation" name="test_all_color_options_have_price_field" time="0.040" /></testsuite></testsuites>