<?xml version="1.0" encoding="utf-8"?><testsuites name="pytest tests"><testsuite name="pytest" errors="0" failures="0" skipped="0" tests="6" time="1.040" timestamp="2026-01-02T20:15:44.783192+00:00" hostname="agent-env-06a9cdc6-a8d2-4e49-bc39-59689f1f71c3"><testcase classname="tests.test_excel_export_import.TestExcelExport" name="test_export_returns_excel_file" time="0.091" /><testcase classname="tests.test_excel_export_import.TestExcelExport" name="test_export_file_has_valid_excel_structure" time="0.268" /><testcase classname="tests.test_excel_export_import.TestExcelImport" name="test_import_rejects_non_excel_file" time="0.040" /><testcase classname="tests.test_excel_export_import.TestExcelImport" name="test_import_accepts_exported_file" time="0.165" /><testcase classname="tests.test_excel_export_import.TestExcelImport" name="test_import_updates_prices" time="0.241" /><testcase classname="tests.test_excel_export_import.TestExportImportRoundTrip" name="test_export_import_preserves_data" time="0.186" /></testsuite></testsuites>