<?xml version="1.0" encoding="utf-8"?><testsuites name="pytest tests"><testsuite name="pytest" errors="0" failures="2" skipped="0" tests="15" time="3.357" timestamp="2026-01-07T00:29:04.279615+00:00" hostname="agent-env-4f7c1315-3004-420c-85c4-f2fb564793a0"><testcase classname="tests.test_driver_logistics_features.TestAuthentication" name="test_admin_login" time="0.298" /><testcase classname="tests.test_driver_logistics_features.TestAuthentication" name="test_driver_login" time="0.266" /><testcase classname="tests.test_driver_logistics_features.TestDriverPanel" name="test_driver_my_trips" time="0.335" /><testcase classname="tests.test_driver_logistics_features.TestDriverPanel" name="test_driver_trip_orders_have_coordinates" time="0.304" /><testcase classname="tests.test_driver_logistics_features.TestDriverPanel" name="test_driver_trip_orders_have_phone_and_amount" time="0.308" /><testcase classname="tests.test_driver_logistics_features.TestStartTrip" name="test_start_trip_changes_status" time="0.304" /><testcase classname="tests.test_driver_logistics_features.TestTripsAPI" name="test_get_all_trips" time="0.044" /><testcase classname="tests.test_driver_logistics_features.TestTripsAPI" name="test_get_trips_by_section" time="0.036" /><testcase classname="tests.test_driver_logistics_features.TestTripsAPI" name="test_get_single_trip" time="0.079" /><testcase classname="tests.test_driver_logistics_features.TestRemoveOrderFromTrip" name="test_remove_order_returns_detailed_amocrm_result" time="0.164" /><testcase classname="tests.test_driver_logistics_features.TestGeocodeTrip" name="test_geocode_trip_endpoint_exists" time="0.333"><failure message="AssertionError: Unexpected status: 520&#10;assert 520 in [200, 400, 500]&#10; +  where 520 = &lt;Response [520]&gt;.status_code">tests/test_driver_logistics_features.py:332: in test_geocode_trip_endpoint_exists
    assert response.status_code in [200, 400, 500], f"Unexpected status: {response.status_code}"
E   AssertionError: Unexpected status: 520
E   assert 520 in [200, 400, 500]
E    +  where 520 = &lt;Response [520]&gt;.status_code</failure></testcase><testcase classname="tests.test_driver_logistics_features.TestNotificationSettings" name="test_telegram_settings_endpoint" time="0.343" /><testcase classname="tests.test_driver_logistics_features.TestNotificationSettings" name="test_send_custom_notification_endpoint" time="0.303"><failure message="AssertionError: Endpoint should exist&#10;assert 404 != 404&#10; +  where 404 = &lt;Response [404]&gt;.status_code">tests/test_driver_logistics_features.py:382: in test_send_custom_notification_endpoint
    assert response.status_code != 404, "Endpoint should exist"
E   AssertionError: Endpoint should exist
E   assert 404 != 404
E    +  where 404 = &lt;Response [404]&gt;.status_code</failure></testcase><testcase classname="tests.test_driver_logistics_features.TestIntegrationSettings" name="test_amocrm_settings_endpoint" time="0.037" /><testcase classname="tests.test_driver_logistics_features.TestHealthCheck" name="test_api_health" time="0.039" /></testsuite></testsuites>