<?xml version="1.0" encoding="utf-8"?><testsuites name="pytest tests"><testsuite name="pytest" errors="0" failures="2" skipped="0" tests="8" time="1.506" timestamp="2026-08-13T19:56:28.618262+00:00" hostname="agent-env-642f7923-492c-4c2d-a86f-eea5f2d373e5"><testcase classname="tests.test_amocrm_configurable_cancelled_status_iteration116.TestCancelledStatusIdConfigurable" name="test_a_default_preserved_when_unset" time="0.314" /><testcase classname="tests.test_amocrm_configurable_cancelled_status_iteration116.TestCancelledStatusIdConfigurable" name="test_b_configured_value_cancels" time="0.145" /><testcase classname="tests.test_amocrm_configurable_cancelled_status_iteration116.TestCancelledStatusIdConfigurable" name="test_c_old_default_not_cancelling_when_configured" time="0.140" /><testcase classname="tests.test_amocrm_configurable_cancelled_status_iteration116.TestCancelledStatusIdConfigurable" name="test_d_update_fallback_guard_uses_configured_id" time="0.258" /><testcase classname="tests.test_amocrm_configurable_cancelled_status_iteration116.TestCancelledStatusIdConfigurable" name="test_e_blank_value_falls_back_to_default" time="0.132" /><testcase classname="tests.test_amocrm_configurable_cancelled_status_iteration116.TestSettingsApiRoundTrip" name="test_f_settings_post_persists_value" time="0.126" /><testcase classname="tests.test_amocrm_configurable_cancelled_status_iteration116.TestSettingsApiRoundTrip" name="test_g_settings_get_returns_value" time="0.124"><failure message="AssertionError: GET /api/integrations/amocrm/settings does not return cancelled_status_id -&gt; UI cannot show the saved value after reload&#10;assert 'cancelled_status_id' in {'amocrm_domain': '', 'amocrm_token': '', 'comment_field_id': '', 'enabled': True, ...}">E   AssertionError: GET /api/integrations/amocrm/settings does not return cancelled_status_id -&gt; UI cannot show the saved value after reload
    assert 'cancelled_status_id' in {'amocrm_domain': '', 'amocrm_token': '', 'comment_field_id': '', 'enabled': True, ...}</failure></testcase><testcase classname="tests.test_amocrm_configurable_cancelled_status_iteration116.TestSettingsApiRoundTrip" name="test_h_settings_get_returns_pipeline_and_stage_sync" time="0.128"><failure message="AssertionError: GET /settings omits ['section_pipelines', 'stage_sync', 'cancelled_status_id']; saving from the UI wipes these values in DB&#10;assert not ['section_pipelines', 'stage_sync', 'cancelled_status_id']">E   AssertionError: GET /settings omits ['section_pipelines', 'stage_sync', 'cancelled_status_id']; saving from the UI wipes these values in DB
    assert not ['section_pipelines', 'stage_sync', 'cancelled_status_id']</failure></testcase></testsuite></testsuites>