<?xml version="1.0" encoding="utf-8"?><testsuites name="pytest tests"><testsuite name="pytest" errors="0" failures="0" skipped="0" tests="7" time="1.618" timestamp="2026-05-27T00:16:20.646348+00:00" hostname="agent-env-e4811091-e106-44b1-9dad-e454e2cd3f19"><testcase classname="backend.tests.test_manager_events_calls_live_iteration100" name="test_manager_stats_returns_live_call_counts" time="0.383" /><testcase classname="backend.tests.test_manager_events_calls_live_iteration100" name="test_manager_stats_date_range_filter" time="0.174" /><testcase classname="backend.tests.test_manager_events_calls_live_iteration100" name="test_manager_detail_recent_calls_no_audio_filter" time="0.154" /><testcase classname="backend.tests.test_manager_events_calls_live_iteration100" name="test_manager_detail_stats_updated_with_live_calls" time="0.113" /><testcase classname="backend.tests.test_manager_events_calls_live_iteration100" name="test_manager_detail_unknown_user_does_not_crash" time="0.119" /><testcase classname="backend.tests.test_manager_events_calls_live_iteration100" name="test_manager_stats_handles_calls_with_empty_manager_id" time="0.171" /><testcase classname="backend.tests.test_manager_events_calls_live_iteration100" name="test_endpoint_returns_valid_json_200" time="0.371" /></testsuite></testsuites>