<?xml version="1.0" encoding="utf-8"?><testsuites name="pytest tests"><testsuite name="pytest" errors="0" failures="0" skipped="0" tests="14" time="2.955" timestamp="2026-04-05T13:42:33.269828+00:00" hostname="agent-env-6597ccac-d850-437f-af79-eb86e638f2fa"><testcase classname="backend.tests.test_advance_remaining.TestAdvanceRemainingFeature" name="test_settings_has_advance_remaining_fields" time="0.169" /><testcase classname="backend.tests.test_advance_remaining.TestAdvanceRemainingFeature" name="test_widget_embed_shows_advance_remaining" time="0.114" /><testcase classname="backend.tests.test_advance_remaining.TestAdvanceRemainingFeature" name="test_widget_embed_dark_theme" time="0.111" /><testcase classname="backend.tests.test_advance_remaining.TestAdvanceRemainingFeature" name="test_lead_has_advance_remaining_fields" time="0.104" /><testcase classname="backend.tests.test_advance_remaining.TestAdvanceRemainingFeature" name="test_leads_list_returns_advance_remaining" time="0.111" /><testcase classname="backend.tests.test_advance_remaining.TestPreviousFeatures" name="test_lead_has_changelog" time="0.110" /><testcase classname="backend.tests.test_advance_remaining.TestPreviousFeatures" name="test_lead_has_unreviewed_changes_field" time="0.098" /><testcase classname="backend.tests.test_advance_remaining.TestPreviousFeatures" name="test_lead_has_amo_comment_field" time="0.100" /><testcase classname="backend.tests.test_advance_remaining.TestPreviousFeatures" name="test_acknowledge_changes_endpoint" time="0.100" /><testcase classname="backend.tests.test_advance_remaining.TestStandardFieldMapping" name="test_settings_has_fields_with_amo_field_id" time="0.138" /><testcase classname="backend.tests.test_advance_remaining.TestStandardFieldMapping" name="test_lead_has_total_amount" time="0.109" /><testcase classname="backend.tests.test_advance_remaining.TestExtractAdvanceRemainingFunction" name="test_sync_from_amocrm_endpoint_exists" time="0.160" /><testcase classname="backend.tests.test_advance_remaining.TestExtractAdvanceRemainingFunction" name="test_sync_single_lead_endpoint_exists" time="0.099" /><testcase classname="backend.tests.test_advance_remaining.TestContractGeneration" name="test_generate_contract_endpoint_exists" time="1.361" /></testsuite></testsuites>