<?xml version="1.0" encoding="utf-8"?><testsuites name="pytest tests"><testsuite name="pytest" errors="0" failures="0" skipped="0" tests="15" time="3.682" timestamp="2026-04-14T19:32:14.194173+00:00" hostname="agent-env-e245c310-b5e6-48ba-98de-6fee2f121e19"><testcase classname="backend.tests.test_advanced_analytics_iteration84.TestAdvancedAnalyticsDashboard" name="test_dashboard_returns_200" time="0.162" /><testcase classname="backend.tests.test_advanced_analytics_iteration84.TestAdvancedAnalyticsDashboard" name="test_dashboard_response_structure" time="0.131" /><testcase classname="backend.tests.test_advanced_analytics_iteration84.TestAdvancedAnalyticsSyncStatus" name="test_sync_status_returns_200" time="0.124" /><testcase classname="backend.tests.test_advanced_analytics_iteration84.TestAdvancedAnalyticsSyncStatus" name="test_sync_status_response_structure" time="0.135" /><testcase classname="backend.tests.test_advanced_analytics_iteration84.TestAdvancedAnalyticsSync" name="test_sync_returns_200" time="0.123" /><testcase classname="backend.tests.test_advanced_analytics_iteration84.TestAdvancedAnalyticsSync" name="test_sync_response_structure" time="0.118" /><testcase classname="backend.tests.test_advanced_analytics_iteration84.TestAdvancedAnalyticsSync" name="test_sync_with_date_params" time="0.166" /><testcase classname="backend.tests.test_advanced_analytics_iteration84.TestAdvancedAnalyticsAIComparison" name="test_ai_comparison_returns_200" time="1.689" /><testcase classname="backend.tests.test_advanced_analytics_iteration84.TestAdvancedAnalyticsAIComparison" name="test_ai_comparison_response_structure" time="0.129" /><testcase classname="backend.tests.test_advanced_analytics_iteration84.TestExistingLeadAnalyticsEndpoints" name="test_summary_still_works" time="0.119" /><testcase classname="backend.tests.test_advanced_analytics_iteration84.TestExistingLeadAnalyticsEndpoints" name="test_managers_still_works" time="0.130" /><testcase classname="backend.tests.test_advanced_analytics_iteration84.TestExistingLeadAnalyticsEndpoints" name="test_settings_still_works" time="0.138" /><testcase classname="backend.tests.test_advanced_analytics_iteration84.TestExistingLeadAnalyticsEndpoints" name="test_sync_status_still_works" time="0.129" /><testcase classname="backend.tests.test_advanced_analytics_iteration84.TestExistingLeadAnalyticsEndpoints" name="test_closed_lost_still_works" time="0.179" /><testcase classname="backend.tests.test_advanced_analytics_iteration84.TestExistingLeadAnalyticsEndpoints" name="test_manager_events_analytics_still_works" time="0.124" /></testsuite></testsuites>