<?xml version="1.0" encoding="utf-8"?><testsuites name="pytest tests"><testsuite name="pytest" errors="0" failures="2" skipped="0" tests="14" time="3.947" timestamp="2026-01-22T15:39:55.377901+00:00" hostname="agent-env-5127cad7-8106-49ca-bb1d-c6c6121d43d2"><testcase classname="backend.tests.test_orders_filtering.TestOrdersFilteringBalia" name="test_get_orders_without_params_returns_all" time="0.078" /><testcase classname="backend.tests.test_orders_filtering.TestOrdersFilteringBalia" name="test_get_orders_admin_sees_all" time="0.059" /><testcase classname="backend.tests.test_orders_filtering.TestOrdersFilteringBalia" name="test_get_orders_manager_sees_only_own" time="0.804" /><testcase classname="backend.tests.test_orders_filtering.TestOrdersFilteringBalia" name="test_get_orders_different_manager_sees_different_orders" time="1.485" /><testcase classname="backend.tests.test_orders_filtering.TestOrdersFilteringSauna" name="test_get_sauna_orders_without_params_returns_all" time="0.087" /><testcase classname="backend.tests.test_orders_filtering.TestOrdersFilteringSauna" name="test_get_sauna_orders_admin_sees_all" time="0.091" /><testcase classname="backend.tests.test_orders_filtering.TestOrdersFilteringSauna" name="test_get_sauna_orders_manager_sees_only_own" time="0.044"><failure message="assert 422 == 200&#10; +  where 422 = &lt;Response [422]&gt;.status_code">backend/tests/test_orders_filtering.py:217: in test_get_sauna_orders_manager_sees_only_own
    assert create_response.status_code == 200
E   assert 422 == 200
E    +  where 422 = &lt;Response [422]&gt;.status_code</failure></testcase><testcase classname="backend.tests.test_orders_filtering.TestAmoCRMNoteSending" name="test_order_update_with_amocrm_id_triggers_note_code_path" time="0.736" /><testcase classname="backend.tests.test_orders_filtering.TestAmoCRMNoteSending" name="test_sauna_order_update_with_amocrm_id_triggers_note_code_path" time="0.051"><failure message="assert 422 == 200&#10; +  where 422 = &lt;Response [422]&gt;.status_code">backend/tests/test_orders_filtering.py:319: in test_sauna_order_update_with_amocrm_id_triggers_note_code_path
    assert create_response.status_code == 200
E   assert 422 == 200
E    +  where 422 = &lt;Response [422]&gt;.status_code</failure></testcase><testcase classname="backend.tests.test_orders_filtering.TestAmoCRMNoteSending" name="test_existing_test_order_has_amocrm_id" time="0.046" /><testcase classname="backend.tests.test_orders_filtering.TestOrdersEndpointBasics" name="test_balia_orders_endpoint_exists" time="0.055" /><testcase classname="backend.tests.test_orders_filtering.TestOrdersEndpointBasics" name="test_sauna_orders_endpoint_exists" time="0.046" /><testcase classname="backend.tests.test_orders_filtering.TestOrdersEndpointBasics" name="test_orders_endpoint_accepts_username_role_params" time="0.044" /><testcase classname="backend.tests.test_orders_filtering.TestOrdersEndpointBasics" name="test_sauna_orders_endpoint_accepts_username_role_params" time="0.041" /></testsuite></testsuites>