<?xml version="1.0" encoding="utf-8"?><testsuites name="pytest tests"><testsuite name="pytest" errors="0" failures="0" skipped="0" tests="17" time="2.931" timestamp="2026-01-02T23:45:20.843095+00:00" hostname="agent-env-2b93b24c-9d9d-43b5-98d3-449b6744aec3"><testcase classname="tests.test_web_orders.TestPublicPricesAPI" name="test_get_public_prices_returns_200" time="0.078" /><testcase classname="tests.test_web_orders.TestPublicPricesAPI" name="test_public_prices_has_models" time="0.047" /><testcase classname="tests.test_web_orders.TestPublicPricesAPI" name="test_public_prices_has_categories" time="0.043" /><testcase classname="tests.test_web_orders.TestPublicWebOrderAPI" name="test_create_web_order_success" time="0.033" /><testcase classname="tests.test_web_orders.TestPublicWebOrderAPI" name="test_create_web_order_with_options" time="0.039" /><testcase classname="tests.test_web_orders.TestPublicWebOrderAPI" name="test_create_web_order_missing_required_fields" time="0.034" /><testcase classname="tests.test_web_orders.TestWebOrdersAdminAPI" name="test_get_web_orders_list" time="0.157" /><testcase classname="tests.test_web_orders.TestWebOrdersAdminAPI" name="test_get_web_orders_contains_test_order" time="0.148" /><testcase classname="tests.test_web_orders.TestWebOrdersAdminAPI" name="test_get_single_web_order" time="0.108" /><testcase classname="tests.test_web_orders.TestWebOrdersAdminAPI" name="test_get_nonexistent_web_order" time="0.111" /><testcase classname="tests.test_web_orders.TestWebOrdersAdminAPI" name="test_update_web_order_status" time="0.151" /><testcase classname="tests.test_web_orders.TestWebOrdersAdminAPI" name="test_update_web_order_notes" time="0.105" /><testcase classname="tests.test_web_orders.TestWebOrdersAdminAPI" name="test_update_nonexistent_web_order" time="0.150" /><testcase classname="tests.test_web_orders.TestWebOrdersAdminAPI" name="test_delete_web_order" time="1.228" /><testcase classname="tests.test_web_orders.TestWebOrdersAdminAPI" name="test_delete_nonexistent_web_order" time="0.199" /><testcase classname="tests.test_web_orders.TestNewOrdersCount" name="test_get_new_orders_count" time="0.077" /><testcase classname="tests.test_web_orders.TestCleanup" name="test_cleanup_test_orders" time="0.148" /></testsuite></testsuites>