<?xml version="1.0" encoding="utf-8"?><testsuites name="pytest tests"><testsuite name="pytest" errors="0" failures="0" skipped="0" tests="25" time="3.907" timestamp="2026-04-04T17:50:30.758144+00:00" hostname="agent-env-6597ccac-d850-437f-af79-eb86e638f2fa"><testcase classname="tests.test_sync_and_dates_push.TestWidgetDateDisplay" name="test_widget_shows_prepayment_date_when_set" time="0.124" /><testcase classname="tests.test_sync_and_dates_push.TestWidgetDateDisplay" name="test_widget_shows_production_date" time="0.127" /><testcase classname="tests.test_sync_and_dates_push.TestWidgetDateDisplay" name="test_widget_shows_ready_date" time="0.111" /><testcase classname="tests.test_sync_and_dates_push.TestWidgetDateDisplay" name="test_widget_shows_delivery_date" time="0.124" /><testcase classname="tests.test_sync_and_dates_push.TestWidgetDateDisplay" name="test_widget_shows_all_four_dates" time="0.106" /><testcase classname="tests.test_sync_and_dates_push.TestWidgetDateDisplay" name="test_widget_shows_formatted_dates" time="0.105" /><testcase classname="tests.test_sync_and_dates_push.TestNonSaunaWidgetRegression" name="test_non_sauna_widget_renders" time="0.131" /><testcase classname="tests.test_sync_and_dates_push.TestNonSaunaWidgetRegression" name="test_non_sauna_widget_no_crm_section" time="0.097" /><testcase classname="tests.test_sync_and_dates_push.TestNonSaunaWidgetRegression" name="test_non_sauna_widget_shows_order_details" time="0.115" /><testcase classname="tests.test_sync_and_dates_push.TestProductionDatesPush" name="test_update_lead_with_production_date_change" time="0.331" /><testcase classname="tests.test_sync_and_dates_push.TestProductionDatesPush" name="test_update_lead_with_ready_date_change" time="0.234" /><testcase classname="tests.test_sync_and_dates_push.TestProductionDatesPush" name="test_update_lead_with_delivery_date_change" time="0.218" /><testcase classname="tests.test_sync_and_dates_push.TestProductionDatesPush" name="test_update_lead_no_change_no_push" time="0.233" /><testcase classname="tests.test_sync_and_dates_push.TestSyncFromAmoCRM" name="test_sync_endpoint_requires_credentials" time="0.102" /><testcase classname="tests.test_sync_and_dates_push.TestSyncFromAmoCRM" name="test_crm_lead_has_stage_history" time="0.121" /><testcase classname="tests.test_sync_and_dates_push.TestSyncFromAmoCRM" name="test_stage_history_has_action_field" time="0.116" /><testcase classname="tests.test_sync_and_dates_push.TestSyncFromAmoCRM" name="test_crm_lead_has_total_amount" time="0.105" /><testcase classname="tests.test_sync_and_dates_push.TestSyncFromAmoCRM" name="test_crm_lead_has_client_name" time="0.115" /><testcase classname="tests.test_sync_and_dates_push.TestSyncFromAmoCRM" name="test_crm_lead_has_model_name" time="0.098" /><testcase classname="tests.test_sync_and_dates_push.TestProductionDateLabels" name="test_production_date_labels_exist" time="0.115" /><testcase classname="tests.test_sync_and_dates_push.TestLeadUpdateDateDetection" name="test_update_detects_production_date_change" time="0.327" /><testcase classname="tests.test_sync_and_dates_push.TestLeadUpdateDateDetection" name="test_update_with_multiple_dates" time="0.331" /><testcase classname="tests.test_sync_and_dates_push.TestCRMSettingsFields" name="test_settings_have_sync_back_fields" time="0.108" /><testcase classname="tests.test_sync_and_dates_push.TestCRMSettingsFields" name="test_settings_have_stages" time="0.113" /><testcase classname="tests.test_sync_and_dates_push.TestCRMSettingsFields" name="test_stages_have_amo_mapping_fields" time="0.107" /></testsuite></testsuites>