<?xml version="1.0" encoding="utf-8"?><testsuites name="pytest tests"><testsuite name="pytest" errors="0" failures="0" skipped="0" tests="22" time="5.109" timestamp="2026-02-01T17:01:38.843644+00:00" hostname="agent-env-fe602e9c-63e2-40ce-a486-620393a66c4c"><testcase classname="tests.test_sauna_api.TestSaunaPricesAPI" name="test_get_prices_returns_200" time="0.047" /><testcase classname="tests.test_sauna_api.TestSaunaPricesAPI" name="test_prices_models_structure" time="0.043" /><testcase classname="tests.test_sauna_api.TestSaunaPricesAPI" name="test_prices_categories_structure" time="0.041" /><testcase classname="tests.test_sauna_api.TestSaunaWizardStepsAPI" name="test_get_wizard_steps_returns_200" time="0.041" /><testcase classname="tests.test_sauna_api.TestSaunaWizardStepsAPI" name="test_wizard_steps_structure" time="0.038" /><testcase classname="tests.test_sauna_api.TestSaunaWizardStepsAPI" name="test_wizard_steps_sorted_by_order" time="0.038" /><testcase classname="tests.test_sauna_api.TestSaunaOrdersAPI" name="test_get_orders_returns_200" time="0.052" /><testcase classname="tests.test_sauna_api.TestSaunaOrdersAPI" name="test_create_order_returns_200" time="1.100" /><testcase classname="tests.test_sauna_api.TestSaunaOrdersAPI" name="test_get_single_order" time="0.776" /><testcase classname="tests.test_sauna_api.TestSaunaOrdersAPI" name="test_update_order" time="0.793" /><testcase classname="tests.test_sauna_api.TestSaunaOrdersAPI" name="test_delete_order" time="0.803" /><testcase classname="tests.test_sauna_api.TestSaunaOrdersAPI" name="test_get_nonexistent_order_returns_404" time="0.041" /><testcase classname="tests.test_sauna_api.TestSaunaModelsAPI" name="test_create_model" time="0.087" /><testcase classname="tests.test_sauna_api.TestSaunaModelsAPI" name="test_update_model" time="0.133" /><testcase classname="tests.test_sauna_api.TestSaunaModelsAPI" name="test_delete_model" time="0.077" /><testcase classname="tests.test_sauna_api.TestSaunaCategoriesAPI" name="test_create_category" time="0.097" /><testcase classname="tests.test_sauna_api.TestSaunaCategoriesAPI" name="test_update_category" time="0.126" /><testcase classname="tests.test_sauna_api.TestSaunaCategoriesAPI" name="test_delete_category" time="0.083" /><testcase classname="tests.test_sauna_api.TestSaunaPDFGeneration" name="test_generate_pdf_returns_pdf" time="0.266" /><testcase classname="tests.test_sauna_api.TestSaunaPDFGeneration" name="test_generate_pdf_with_options" time="0.277" /><testcase classname="tests.test_sauna_api.TestLayoutVariantsAPI" name="test_get_layout_variants_returns_200" time="0.051" /><testcase classname="tests.test_sauna_api.TestLayoutVariantsAPI" name="test_layout_variants_structure" time="0.041" /></testsuite></testsuites>