<?xml version="1.0" encoding="utf-8"?><testsuites name="pytest tests"><testsuite name="pytest" errors="0" failures="0" skipped="0" tests="6" time="1.938" timestamp="2026-08-13T19:39:25.964697+00:00" hostname="agent-env-642f7923-492c-4c2d-a86f-eea5f2d373e5"><testcase classname="tests.test_amocrm_webhook_update_fallback_iteration114.TestUpdateFallback" name="test_a_update_fallback_creates_order" time="0.317" /><testcase classname="tests.test_amocrm_webhook_update_fallback_iteration114.TestUpdateFallback" name="test_b_no_configured_pipeline_strict_skip" time="0.162" /><testcase classname="tests.test_amocrm_webhook_update_fallback_iteration114.TestUpdateFallback" name="test_c_pipeline_mismatch_skip" time="0.139" /><testcase classname="tests.test_amocrm_webhook_update_fallback_iteration114.TestUpdateFallback" name="test_d_add_then_update_no_duplicate" time="0.792" /><testcase classname="tests.test_amocrm_webhook_update_fallback_iteration114.TestUpdateFallback" name="test_e_repeated_update_fallback_no_duplicate" time="0.260" /><testcase classname="tests.test_amocrm_webhook_update_fallback_iteration114.TestUpdateFallback" name="test_f_foreign_pipeline_never_created_in_sauna" time="0.134" /></testsuite></testsuites>