<?xml version="1.0" encoding="utf-8"?><testsuites name="pytest tests"><testsuite name="pytest" errors="0" failures="1" skipped="0" tests="12" time="2.389" timestamp="2026-02-22T14:50:43.124279+00:00" hostname="agent-env-943819bf-a869-4220-b29f-f20414ee3151"><testcase classname="backend.tests.test_variant_conditions.TestVariantConditions" name="test_01_create_option_typ_pieca" time="0.141" /><testcase classname="backend.tests.test_variant_conditions.TestVariantConditions" name="test_02_create_option_polozenie" time="0.134" /><testcase classname="backend.tests.test_variant_conditions.TestVariantConditions" name="test_03_create_option_pozycja_zakladki" time="0.129" /><testcase classname="backend.tests.test_variant_conditions.TestVariantConditions" name="test_04_add_variant_wewnetrzny" time="0.113" /><testcase classname="backend.tests.test_variant_conditions.TestVariantConditions" name="test_05_add_variant_zewnetrzny" time="0.121" /><testcase classname="backend.tests.test_variant_conditions.TestVariantConditions" name="test_06_add_position_variants" time="0.355" /><testcase classname="backend.tests.test_variant_conditions.TestVariantConditions" name="test_07_create_variant_with_conditions" time="0.126" /><testcase classname="backend.tests.test_variant_conditions.TestVariantConditions" name="test_08_verify_conditions_persisted" time="0.105" /><testcase classname="backend.tests.test_variant_conditions.TestVariantConditions" name="test_09_update_variant_conditions" time="0.145" /><testcase classname="backend.tests.test_variant_conditions.TestVariantConditions" name="test_10_verify_updated_conditions" time="0.124" /><testcase classname="backend.tests.test_variant_conditions.TestVariantConditions" name="test_11_create_variant_without_conditions" time="0.119" /><testcase classname="backend.tests.test_variant_conditions.TestVariantConditions" name="test_12_cleanup_test_data" time="0.502"><failure message="AssertionError: Test options not cleaned up: ['TEST_Typ pieca', 'TEST_Położenie', 'TEST_Pozycja zakładki']&#10;assert 3 == 0&#10; +  where 3 = len([{'createdAt': '2026-02-22T14:43:43.294583+00:00', 'id': 'opt-4d9f8238', 'name': 'TEST_Typ pieca', 'namePl': 'TEST_Typ pieca', ...}, {'createdAt': '2026-02-22T14:43:45.561597+00:00', 'id': 'opt-c4dfd14e', 'name': 'TEST_Położenie', 'namePl': 'TEST_Położenie', ...}, {'createdAt': '2026-02-22T14:43:47.880839+00:00', 'id': 'opt-7cd69086', 'name': 'TEST_Pozycja zakładki', 'namePl': 'TEST_Pozycja zakładki', ...}])">backend/tests/test_variant_conditions.py:309: in test_12_cleanup_test_data
    assert len(test_options) == 0, f"Test options not cleaned up: {[o['name'] for o in test_options]}"
E   AssertionError: Test options not cleaned up: ['TEST_Typ pieca', 'TEST_Położenie', 'TEST_Pozycja zakładki']
E   assert 3 == 0
E    +  where 3 = len([{'createdAt': '2026-02-22T14:43:43.294583+00:00', 'id': 'opt-4d9f8238', 'name': 'TEST_Typ pieca', 'namePl': 'TEST_Typ pieca', ...}, {'createdAt': '2026-02-22T14:43:45.561597+00:00', 'id': 'opt-c4dfd14e', 'name': 'TEST_Położenie', 'namePl': 'TEST_Położenie', ...}, {'createdAt': '2026-02-22T14:43:47.880839+00:00', 'id': 'opt-7cd69086', 'name': 'TEST_Pozycja zakładki', 'namePl': 'TEST_Pozycja zakładki', ...}])</failure></testcase></testsuite></testsuites>