<?xml version="1.0" encoding="utf-8"?><testsuites name="pytest tests"><testsuite name="pytest" errors="0" failures="0" skipped="0" tests="21" time="5.704" timestamp="2026-04-05T13:33:03.653845+00:00" hostname="agent-env-6597ccac-d850-437f-af79-eb86e638f2fa"><testcase classname="tests.test_kp_linking.TestLinkCalculatorOrderFunction" name="test_lead_with_kp_has_document_type_kp" time="0.352" /><testcase classname="tests.test_kp_linking.TestLinkCalculatorOrderFunction" name="test_sauna_order_exists_with_amocrm_id" time="0.076" /><testcase classname="tests.test_kp_linking.TestLinkCalculatorOrderFunction" name="test_calculator_pdf_exists_for_amocrm_id" time="0.003" /><testcase classname="tests.test_kp_linking.TestPerLeadSyncKPLinking" name="test_sync_endpoint_exists" time="0.153" /><testcase classname="tests.test_kp_linking.TestPerLeadSyncKPLinking" name="test_sync_returns_400_when_amocrm_not_configured" time="0.123" /><testcase classname="tests.test_kp_linking.TestPerLeadSyncKPLinking" name="test_sync_returns_404_for_nonexistent_lead" time="0.107" /><testcase classname="tests.test_kp_linking.TestPerLeadSyncKPLinking" name="test_sync_returns_400_for_lead_without_amocrm_id" time="0.352" /><testcase classname="tests.test_kp_linking.TestContractGenerationFindsKP" name="test_contract_debug_endpoint_shows_kp_source" time="0.265" /><testcase classname="tests.test_kp_linking.TestContractGenerationFindsKP" name="test_contract_generation_endpoint_exists" time="1.526" /><testcase classname="tests.test_kp_linking.TestContractGenerationFindsKP" name="test_contract_generation_returns_kp_attached_status" time="1.003" /><testcase classname="tests.test_kp_linking.TestStandardFieldMapping" name="test_settings_have_field_mappings" time="0.110" /><testcase classname="tests.test_kp_linking.TestStandardFieldMapping" name="test_lead_has_totalAmount_field" time="0.101" /><testcase classname="tests.test_kp_linking.TestBulkSyncKPLinking" name="test_bulk_sync_endpoint_exists" time="0.113" /><testcase classname="tests.test_kp_linking.TestBulkSyncKPLinking" name="test_bulk_sync_returns_400_when_amocrm_not_configured" time="0.104" /><testcase classname="tests.test_kp_linking.TestExistingFeaturesRegression" name="test_lead_has_changelog" time="0.103" /><testcase classname="tests.test_kp_linking.TestExistingFeaturesRegression" name="test_lead_has_hasUnreviewedChanges" time="0.108" /><testcase classname="tests.test_kp_linking.TestExistingFeaturesRegression" name="test_lead_has_amoComment" time="0.111" /><testcase classname="tests.test_kp_linking.TestExistingFeaturesRegression" name="test_stages_have_collapsed_property" time="0.105" /><testcase classname="tests.test_kp_linking.TestExistingFeaturesRegression" name="test_acknowledge_changes_endpoint" time="0.101" /><testcase classname="tests.test_kp_linking.TestExistingFeaturesRegression" name="test_leads_crud_operations" time="0.603" /><testcase classname="tests.test_kp_linking.TestLinkDocumentEndpoint" name="test_link_document_endpoint_exists" time="0.106" /></testsuite></testsuites>