<?xml version="1.0" encoding="utf-8"?><testsuites name="pytest tests"><testsuite name="pytest" errors="0" failures="0" skipped="0" tests="10" time="0.529" timestamp="2026-01-02T19:51:54.811438+00:00" hostname="agent-env-06a9cdc6-a8d2-4e49-bc39-59689f1f71c3"><testcase classname="tests.test_bowl_material_categories.TestBowlMaterialCategories" name="test_health_check" time="0.071" /><testcase classname="tests.test_bowl_material_categories.TestBowlMaterialCategories" name="test_get_prices_returns_bowl_material_category" time="0.040" /><testcase classname="tests.test_bowl_material_categories.TestBowlMaterialCategories" name="test_bowl_material_has_two_options" time="0.052" /><testcase classname="tests.test_bowl_material_categories.TestBowlMaterialCategories" name="test_fiberglass_color_category_exists" time="0.044" /><testcase classname="tests.test_bowl_material_categories.TestBowlMaterialCategories" name="test_fiberglass_color_has_15_options" time="0.040" /><testcase classname="tests.test_bowl_material_categories.TestBowlMaterialCategories" name="test_acrylic_color_category_exists" time="0.038" /><testcase classname="tests.test_bowl_material_categories.TestBowlMaterialCategories" name="test_acrylic_color_has_7_options" time="0.043" /><testcase classname="tests.test_bowl_material_categories.TestBowlMaterialCategories" name="test_category_sort_order" time="0.041" /><testcase classname="tests.test_bowl_material_categories.TestBowlMaterialCategories" name="test_dependent_categories_have_no_parent_dependency" time="0.045" /><testcase classname="tests.test_bowl_material_categories.TestPriceCalculation" name="test_all_color_options_have_price_field" time="0.037" /></testsuite></testsuites>