<?xml version="1.0" encoding="utf-8"?><testsuites name="pytest tests"><testsuite name="pytest" errors="0" failures="0" skipped="0" tests="11" time="1.681" timestamp="2026-01-03T00:01:49.816795+00:00" hostname="agent-env-2b93b24c-9d9d-43b5-98d3-449b6744aec3"><testcase classname="tests.test_heater_mapping.TestOrderHeaterFields" name="test_create_order_with_integrated_heater" time="0.162" /><testcase classname="tests.test_heater_mapping.TestOrderHeaterFields" name="test_create_order_with_external_heater" time="0.114" /><testcase classname="tests.test_heater_mapping.TestOrderHeaterFields" name="test_update_order_heater_type" time="0.153" /><testcase classname="tests.test_heater_mapping.TestExcelHeaterMapping" name="test_excel_heater_mapping_by_variant_id" time="0.121" /><testcase classname="tests.test_heater_mapping.TestExcelHeaterMapping" name="test_excel_heater_mapping_by_pattern" time="0.084" /><testcase classname="tests.test_heater_mapping.TestExcelHeaterMapping" name="test_excel_with_full_order_data" time="0.122" /><testcase classname="tests.test_heater_mapping.TestPDFHeaterType" name="test_pdf_shows_integrated_heater_type" time="0.088" /><testcase classname="tests.test_heater_mapping.TestPDFHeaterType" name="test_pdf_shows_external_heater_type" time="0.123" /><testcase classname="tests.test_heater_mapping.TestPDFHeaterType" name="test_pdf_heater_type_under_model_name" time="0.130" /><testcase classname="tests.test_heater_mapping.TestPDFHeaterType" name="test_pdf_without_heater_type" time="0.079" /><testcase classname="tests.test_heater_mapping.TestEndToEndHeaterFlow" name="test_full_heater_flow" time="0.318" /></testsuite></testsuites>