<?xml version="1.0" encoding="utf-8"?><testsuites name="pytest tests"><testsuite name="pytest" errors="0" failures="0" skipped="0" tests="7" time="3.861" timestamp="2026-04-10T15:33:50.354407+00:00" hostname="agent-env-4b7adb74-8298-427b-a417-5ca33a331eb7"><testcase classname="backend.tests.test_model_grouping_iteration78.TestModelGroupingBackend" name="test_get_prices_returns_model_structure" time="0.426" /><testcase classname="backend.tests.test_model_grouping_iteration78.TestModelGroupingBackend" name="test_model_accepts_modelGroup_field" time="0.523" /><testcase classname="backend.tests.test_model_grouping_iteration78.TestModelGroupingBackend" name="test_get_prices_returns_modelGroup_after_update" time="0.650" /><testcase classname="backend.tests.test_model_grouping_iteration78.TestModelGroupingBackend" name="test_modelGroup_can_be_null" time="0.504" /><testcase classname="backend.tests.test_model_grouping_iteration78.TestModelGroupingBackend" name="test_modelGroup_empty_string" time="0.476" /><testcase classname="backend.tests.test_model_grouping_iteration78.TestModelGroupingBackend" name="test_multiple_models_same_group" time="1.106" /><testcase classname="backend.tests.test_model_grouping_iteration78.TestModelGroupingCalculatorLogic" name="test_no_groups_shows_flat_list" time="0.118" /></testsuite></testsuites>