<?xml version="1.0" encoding="utf-8"?><testsuites name="pytest tests"><testsuite name="pytest" errors="0" failures="0" skipped="0" tests="13" time="8.873" timestamp="2026-01-22T15:19:58.501079+00:00" hostname="agent-env-5127cad7-8106-49ca-bb1d-c6c6121d43d2"><testcase classname="tests.test_amocrm_widget_edit.TestAmoCRMWidgetEditFlow" name="test_01_create_order_with_amocrm_id" time="0.787" /><testcase classname="tests.test_amocrm_widget_edit.TestAmoCRMWidgetEditFlow" name="test_02_get_order_preserves_amocrm_id" time="0.861" /><testcase classname="tests.test_amocrm_widget_edit.TestAmoCRMWidgetEditFlow" name="test_03_update_order_preserves_amocrm_id" time="0.813" /><testcase classname="tests.test_amocrm_widget_edit.TestAmoCRMWidgetEditFlow" name="test_04_widget_embed_shows_order_with_amocrm_id" time="0.750" /><testcase classname="tests.test_amocrm_widget_edit.TestAmoCRMWidgetEditFlow" name="test_05_widget_shows_change_history" time="0.815" /><testcase classname="tests.test_amocrm_widget_edit.TestAmoCRMWidgetEditFlow" name="test_06_orders_list_endpoint_correct" time="0.071" /><testcase classname="tests.test_amocrm_widget_edit.TestAmoCRMWidgetEditFlow" name="test_07_find_order_by_amocrm_id_in_list" time="3.702" /><testcase classname="tests.test_amocrm_widget_edit.TestAmoCRMWidgetEditFlow" name="test_08_widget_delivery_status_endpoint" time="0.746" /><testcase classname="tests.test_amocrm_widget_edit.TestExistingTestOrder" name="test_existing_order_in_widget" time="0.040" /><testcase classname="tests.test_amocrm_widget_edit.TestExistingTestOrder" name="test_existing_order_has_amocrm_id" time="0.041" /><testcase classname="tests.test_amocrm_widget_edit.TestSaunaOrdersEndpoint" name="test_sauna_orders_endpoint" time="0.050" /><testcase classname="tests.test_amocrm_widget_edit.TestWidgetURLGeneration" name="test_calculator_url_endpoint" time="0.032" /><testcase classname="tests.test_amocrm_widget_edit.TestWidgetURLGeneration" name="test_embed_info_endpoint" time="0.038" /></testsuite></testsuites>