<?xml version="1.0" encoding="utf-8"?><testsuites name="pytest tests"><testsuite name="pytest" errors="0" failures="1" skipped="0" tests="9" time="3.104" timestamp="2026-08-16T20:28:47.996765+00:00" hostname="agent-env-642f7923-492c-4c2d-a86f-eea5f2d373e5"><testcase classname="tests.test_kp_duplicate_latest_iteration126" name="test_seeded_duplicates_present" time="0.009" /><testcase classname="tests.test_kp_duplicate_latest_iteration126" name="test_calculator_order_fallback_returns_latest" time="1.977" /><testcase classname="tests.test_kp_duplicate_latest_iteration126" name="test_fallback_persists_latest_link" time="0.001" /><testcase classname="tests.test_kp_duplicate_latest_iteration126" name="test_stored_link_is_honoured" time="0.056" /><testcase classname="tests.test_kp_duplicate_latest_iteration126" name="test_link_calculator_order_helper_uses_latest_pdf" time="0.739" /><testcase classname="tests.test_kp_duplicate_latest_iteration126" name="test_single_order_lead_links" time="0.059" /><testcase classname="tests.test_kp_duplicate_latest_iteration126" name="test_single_order_helper_links_pdf" time="0.002" /><testcase classname="tests.test_kp_duplicate_latest_iteration126" name="test_unknown_lead_404" time="0.052" /><testcase classname="tests.test_kp_duplicate_latest_iteration126" name="test_widget_orders_status_should_return_latest" time="0.062"><failure message="AssertionError: BUG NOT FIXED: widget returned ORD-OLD (modelName=OLD KP) instead of latest ORD-NEW&#10;assert 'ORD-OLD' == 'ORD-NEW'&#10;  &#10;  - ORD-NEW&#10;  + ORD-OLD">E   AssertionError: BUG NOT FIXED: widget returned ORD-OLD (modelName=OLD KP) instead of latest ORD-NEW
    assert 'ORD-OLD' == 'ORD-NEW'
      
      - ORD-NEW
      + ORD-OLD</failure></testcase></testsuite></testsuites>