<?xml version="1.0" encoding="utf-8"?><testsuites name="pytest tests"><testsuite name="pytest" errors="0" failures="0" skipped="0" tests="4" time="1.837" timestamp="2026-07-03T00:21:27.842085+00:00" hostname="agent-env-642f7923-492c-4c2d-a86f-eea5f2d373e5"><testcase classname="backend.tests.test_contract_upload_kp_iteration112" name="test_upload_kp_success_and_available_list" time="0.340" /><testcase classname="backend.tests.test_contract_upload_kp_iteration112" name="test_upload_kp_non_pdf_returns_400" time="0.057" /><testcase classname="backend.tests.test_contract_upload_kp_iteration112" name="test_upload_kp_nonexistent_lead_returns_404" time="0.055" /><testcase classname="backend.tests.test_contract_upload_kp_iteration112" name="test_generate_contract_with_uploaded_kp" time="1.330" /></testsuite></testsuites>