<?xml version="1.0" encoding="utf-8"?><testsuites name="pytest tests"><testsuite name="pytest" errors="0" failures="0" skipped="0" tests="8" time="2.996" timestamp="2026-04-10T15:16:54.208877+00:00" hostname="agent-env-4b7adb74-8298-427b-a417-5ca33a331eb7"><testcase classname="backend.tests.test_certificate_history_iteration77.TestCertificateHistoryAPI" name="test_certificate_history_endpoint_exists" time="0.309" /><testcase classname="backend.tests.test_certificate_history_iteration77.TestCertificateHistoryAPI" name="test_certificate_history_pagination" time="0.175" /><testcase classname="backend.tests.test_certificate_history_iteration77.TestCertificateDiscountLogging" name="test_create_order_with_certificate_discount_logs_history" time="1.063" /><testcase classname="backend.tests.test_certificate_history_iteration77.TestCertificateDiscountLogging" name="test_create_order_without_certificate_no_logging" time="1.381" /><testcase classname="backend.tests.test_certificate_history_iteration77.TestCertificateButtonText" name="test_constants_file_no_18_percent" time="0.000" /><testcase classname="backend.tests.test_certificate_history_iteration77.TestStatisticsPageCertificateSection" name="test_statistics_page_has_certificate_section" time="0.000" /><testcase classname="backend.tests.test_certificate_history_iteration77.TestStatisticsPageCertificateSection" name="test_certificate_section_has_collapsible_header" time="0.000" /><testcase classname="backend.tests.test_certificate_history_iteration77.TestStatisticsPageCertificateSection" name="test_certificate_section_shows_empty_message" time="0.000" /></testsuite></testsuites>