<?xml version="1.0" encoding="utf-8"?><testsuites name="pytest tests"><testsuite name="pytest" errors="0" failures="0" skipped="0" tests="13" time="2.409" timestamp="2026-01-02T21:11:12.250475+00:00" hostname="agent-env-06a9cdc6-a8d2-4e49-bc39-59689f1f71c3"><testcase classname="tests.test_production_excel.TestProductionExcelGeneration" name="test_endpoint_exists_and_returns_excel" time="0.130" /><testcase classname="tests.test_production_excel.TestProductionExcelGeneration" name="test_customer_data_in_excel" time="0.194" /><testcase classname="tests.test_production_excel.TestProductionExcelGeneration" name="test_heater_type_external_marked" time="0.167" /><testcase classname="tests.test_production_excel.TestProductionExcelGeneration" name="test_heater_type_integrated_marked" time="0.188" /><testcase classname="tests.test_production_excel.TestProductionExcelGeneration" name="test_fiberglass_color_marked" time="0.180" /><testcase classname="tests.test_production_excel.TestProductionExcelGeneration" name="test_acrylic_color_marked" time="0.155" /><testcase classname="tests.test_production_excel.TestProductionExcelGeneration" name="test_model_marked" time="0.183" /><testcase classname="tests.test_production_excel.TestProductionExcelGeneration" name="test_accessories_marked" time="0.152" /><testcase classname="tests.test_production_excel.TestProductionExcelGeneration" name="test_notes_written" time="0.169" /><testcase classname="tests.test_production_excel.TestProductionExcelGeneration" name="test_full_order_with_all_options" time="0.143" /><testcase classname="tests.test_production_excel.TestProductionExcelGeneration" name="test_filename_contains_customer_name_and_order_id" time="0.120" /><testcase classname="tests.test_production_excel.TestProductionExcelGeneration" name="test_selected_options_array_backward_compatibility" time="0.170" /><testcase classname="tests.test_production_excel.TestProductionExcelWithRealOrder" name="test_generate_excel_for_existing_order" time="0.212" /></testsuite></testsuites>