<?xml version="1.0" encoding="utf-8"?><testsuites name="pytest tests"><testsuite name="pytest" errors="0" failures="0" skipped="0" tests="14" time="2.993" timestamp="2026-03-17T09:11:37.613861+00:00" hostname="agent-env-d7081e48-67d5-4961-acab-f5f2c1fdd99e"><testcase classname="backend.tests.test_sales.TestSalesGetEndpoint" name="test_get_sales_returns_list" time="0.173" /><testcase classname="backend.tests.test_sales.TestSalesGetEndpoint" name="test_get_sales_totals_structure" time="0.104" /><testcase classname="backend.tests.test_sales.TestSalesFiltering" name="test_filter_by_manager" time="0.103" /><testcase classname="backend.tests.test_sales.TestSalesFiltering" name="test_filter_by_status" time="0.112" /><testcase classname="backend.tests.test_sales.TestSalesFiltering" name="test_filter_by_date_range" time="0.110" /><testcase classname="backend.tests.test_sales.TestSalesCRUD" name="test_create_sale" time="0.208" /><testcase classname="backend.tests.test_sales.TestSalesCRUD" name="test_update_sale" time="0.247" /><testcase classname="backend.tests.test_sales.TestSalesCRUD" name="test_delete_sale" time="0.233" /><testcase classname="backend.tests.test_sales.TestManagerSettings" name="test_get_managers" time="0.234" /><testcase classname="backend.tests.test_sales.TestManagerSettings" name="test_create_manager_settings" time="0.334" /><testcase classname="backend.tests.test_sales.TestManagerSettings" name="test_delete_manager_settings" time="0.340" /><testcase classname="backend.tests.test_sales.TestBonusCalculation" name="test_bonus_calculation" time="0.197" /><testcase classname="backend.tests.test_sales.TestBonusCalculation" name="test_bonus_calculation_structure" time="0.238" /><testcase classname="backend.tests.test_sales.TestBonusCalculation" name="test_bonus_calculation_with_manager_filter" time="0.273" /></testsuite></testsuites>