<?xml version="1.0" encoding="utf-8"?><testsuites name="pytest tests"><testsuite name="pytest" errors="0" failures="0" skipped="0" tests="10" time="7.003" timestamp="2026-05-27T00:44:09.054694+00:00" hostname="agent-env-e4811091-e106-44b1-9dad-e454e2cd3f19"><testcase classname="tests.test_manager_events_filter_and_recovery_iteration102.TestManagerStatsFiltering" name="test_bots_excluded_whitelist_applied_and_reranked" time="2.545" /><testcase classname="tests.test_manager_events_filter_and_recovery_iteration102.TestManagerStatsFiltering" name="test_synthetic_bot_zero_always_excluded" time="1.296" /><testcase classname="tests.test_manager_events_filter_and_recovery_iteration102.TestManagerStatsFiltering" name="test_empty_whitelist_keeps_everyone_except_bots" time="1.260" /><testcase classname="tests.test_manager_events_filter_and_recovery_iteration102.TestSyncStatusAutoRecover" name="test_stale_running_sync_is_marked_error" time="0.058" /><testcase classname="tests.test_manager_events_filter_and_recovery_iteration102.TestSyncStatusAutoRecover" name="test_fresh_running_sync_not_touched" time="0.060" /><testcase classname="tests.test_manager_events_filter_and_recovery_iteration102.TestSyncStartAndCancel" name="test_start_sync_auto_cancels_existing_running" time="0.054" /><testcase classname="tests.test_manager_events_filter_and_recovery_iteration102.TestSyncStartAndCancel" name="test_cancel_endpoint_marks_all_running_as_error" time="0.050" /><testcase classname="tests.test_manager_events_filter_and_recovery_iteration102.TestSyncStartAndCancel" name="test_cancel_endpoint_returns_zero_when_nothing_running" time="0.052" /><testcase classname="tests.test_manager_events_filter_and_recovery_iteration102.TestRegression" name="test_manager_stats_returns_200_and_known_shape" time="1.320" /><testcase classname="tests.test_manager_events_filter_and_recovery_iteration102.TestRegression" name="test_sync_status_endpoint_reachable" time="0.165" /></testsuite></testsuites>