<?xml version="1.0" encoding="utf-8"?><testsuites name="pytest tests"><testsuite name="pytest" errors="0" failures="0" skipped="0" tests="7" time="2.734" timestamp="2026-05-16T16:41:48.914379+00:00" hostname="agent-env-c9e19b70-99b0-4430-851b-f3f0c3065deb"><testcase classname="tests.test_sauna_price_import_diff.TestDiffAuth" name="test_diff_requires_auth" time="0.243" /><testcase classname="tests.test_sauna_price_import_diff.TestFreshDiff" name="test_fresh_commit_diff_modified_one_row" time="0.763" /><testcase classname="tests.test_sauna_price_import_diff.TestFreshDiff" name="test_unchanged_rows_present_for_other_entities" time="0.452" /><testcase classname="tests.test_sauna_price_import_diff.TestHistoryListNoSnapshots" name="test_list_payload_excludes_snapshot_blobs" time="0.394" /><testcase classname="tests.test_sauna_price_import_diff.TestDiff404" name="test_diff_unknown_id_returns_404" time="0.127" /><testcase classname="tests.test_sauna_price_import_diff.TestFallback" name="test_fallback_when_snapshot_after_missing" time="0.374" /><testcase classname="tests.test_sauna_price_import_diff.TestRemovedStatus" name="test_removed_status_when_entity_disappears_between_snapshots" time="0.111" /></testsuite></testsuites>