<?xml version="1.0" encoding="utf-8"?><testsuites name="pytest tests"><testsuite name="pytest" errors="0" failures="0" skipped="0" tests="10" time="1.029" timestamp="2026-01-02T19:29:34.936907+00:00" hostname="agent-env-06a9cdc6-a8d2-4e49-bc39-59689f1f71c3"><testcase classname="tests.test_pricing_calculation.TestPricingCalculationAPI" name="test_get_prices_returns_eur_rate" time="0.062" /><testcase classname="tests.test_pricing_calculation.TestPricingCalculationAPI" name="test_get_prices_returns_default_markup_percent" time="0.043" /><testcase classname="tests.test_pricing_calculation.TestPricingCalculationAPI" name="test_heater_variants_have_purchase_price_eur" time="0.041" /><testcase classname="tests.test_pricing_calculation.TestPricingCalculationAPI" name="test_heater_variants_have_markup_percent" time="0.043" /><testcase classname="tests.test_pricing_calculation.TestPricingCalculationAPI" name="test_pricing_formula_calculation" time="0.039" /><testcase classname="tests.test_pricing_calculation.TestPricingCalculationPOST" name="test_post_prices_saves_eur_rate" time="0.193" /><testcase classname="tests.test_pricing_calculation.TestPricingCalculationPOST" name="test_post_prices_saves_default_markup_percent" time="0.159" /><testcase classname="tests.test_pricing_calculation.TestPricingCalculationPOST" name="test_post_prices_saves_heater_variant_purchase_price" time="0.148" /><testcase classname="tests.test_pricing_calculation.TestPricingCalculationPOST" name="test_post_prices_saves_heater_variant_markup_percent" time="0.149" /><testcase classname="tests.test_pricing_calculation.TestPricingCalculationExample" name="test_example_calculation" time="0.034" /></testsuite></testsuites>