<?xml version="1.0" encoding="utf-8"?><testsuites name="pytest tests"><testsuite name="pytest" errors="0" failures="0" skipped="0" tests="14" time="10.796" timestamp="2026-03-21T13:02:33.910776+00:00" hostname="agent-env-5983d36f-884d-4d11-ab92-09c4dabf189b"><testcase classname="backend.tests.test_warehouse_trips.TestWarehouseTripsAPI" name="test_admin_can_access_warehouse_trips" time="1.221" /><testcase classname="backend.tests.test_warehouse_trips.TestWarehouseTripsAPI" name="test_storekeeper_can_access_warehouse_trips" time="1.204" /><testcase classname="backend.tests.test_warehouse_trips.TestWarehouseTripsAPI" name="test_trips_have_required_fields" time="0.852" /><testcase classname="backend.tests.test_warehouse_trips.TestWarehouseTripsAPI" name="test_trips_have_enriched_order_details" time="0.845" /><testcase classname="backend.tests.test_warehouse_trips.TestWarehouseTripsAPI" name="test_trips_have_order_statuses" time="0.839" /><testcase classname="backend.tests.test_warehouse_trips.TestWarehouseTripsAPI" name="test_trips_have_driver_info" time="0.856" /><testcase classname="backend.tests.test_warehouse_trips.TestWarehouseTripsAPI" name="test_trips_have_departure_date" time="0.863" /><testcase classname="backend.tests.test_warehouse_trips.TestWarehouseTripsAPI" name="test_unauthorized_access_denied" time="0.102" /><testcase classname="backend.tests.test_warehouse_trips.TestWarehouseTripsAPI" name="test_invalid_token_denied" time="0.100" /><testcase classname="backend.tests.test_warehouse_trips.TestStorekeeperReadOnlyAccess" name="test_storekeeper_role_is_correct" time="0.337" /><testcase classname="backend.tests.test_warehouse_trips.TestStorekeeperReadOnlyAccess" name="test_storekeeper_can_view_trips" time="0.842" /><testcase classname="backend.tests.test_warehouse_trips.TestStorekeeperReadOnlyAccess" name="test_storekeeper_can_view_single_trip" time="0.978" /><testcase classname="backend.tests.test_warehouse_trips.TestTripStatusFiltering" name="test_trips_have_valid_status" time="0.825" /><testcase classname="backend.tests.test_warehouse_trips.TestTripStatusFiltering" name="test_trips_can_be_filtered_by_status" time="0.875" /></testsuite></testsuites>