<?xml version="1.0" encoding="utf-8"?><testsuites name="pytest tests"><testsuite name="pytest" errors="0" failures="0" skipped="0" tests="13" time="3.621" timestamp="2026-02-22T15:45:04.973235+00:00" hostname="agent-env-566bf8cb-25b1-40ef-beff-0899aa890050"><testcase classname="backend.tests.test_layout_configurator_model_variant.TestLayoutsFilterByModelVariant" name="test_get_layouts_without_filters" time="0.238" /><testcase classname="backend.tests.test_layout_configurator_model_variant.TestLayoutsFilterByModelVariant" name="test_get_layouts_with_model_id" time="0.380" /><testcase classname="backend.tests.test_layout_configurator_model_variant.TestLayoutsFilterByModelVariant" name="test_get_layouts_with_variant_id" time="0.358" /><testcase classname="backend.tests.test_layout_configurator_model_variant.TestOptionsFilterByModelVariant" name="test_get_options_without_filters" time="0.106" /><testcase classname="backend.tests.test_layout_configurator_model_variant.TestOptionsFilterByModelVariant" name="test_get_options_with_model_id" time="0.358" /><testcase classname="backend.tests.test_layout_configurator_model_variant.TestOptionsFilterByModelVariant" name="test_get_options_with_model_and_variant" time="0.387" /><testcase classname="backend.tests.test_layout_configurator_model_variant.TestCreateOptionWithModelVariant" name="test_create_option_with_model_id" time="0.217" /><testcase classname="backend.tests.test_layout_configurator_model_variant.TestCreateOptionWithModelVariant" name="test_create_option_with_model_and_variant" time="0.217" /><testcase classname="backend.tests.test_layout_configurator_model_variant.TestCreateOptionWithModelVariant" name="test_create_option_with_null_values" time="0.214" /><testcase classname="backend.tests.test_layout_configurator_model_variant.TestElementVisibilityInVariant" name="test_variant_element_config_includes_visible" time="0.358" /><testcase classname="backend.tests.test_layout_configurator_model_variant.TestLayoutConfiguratorEndpoints" name="test_api_health" time="0.115" /><testcase classname="backend.tests.test_layout_configurator_model_variant.TestLayoutConfiguratorEndpoints" name="test_sauna_models_endpoint" time="0.121" /><testcase classname="backend.tests.test_layout_configurator_model_variant.TestLayoutConfiguratorEndpoints" name="test_layouts_crud_flow" time="0.490" /></testsuite></testsuites>