<?xml version="1.0" encoding="utf-8"?><testsuites name="pytest tests"><testsuite name="pytest" errors="0" failures="0" skipped="0" tests="12" time="2.068" timestamp="2026-02-22T14:51:13.200658+00:00" hostname="agent-env-943819bf-a869-4220-b29f-f20414ee3151"><testcase classname="backend.tests.test_variant_conditions.TestVariantConditions" name="test_01_create_option_typ_pieca" time="0.147" /><testcase classname="backend.tests.test_variant_conditions.TestVariantConditions" name="test_02_create_option_polozenie" time="0.105" /><testcase classname="backend.tests.test_variant_conditions.TestVariantConditions" name="test_03_create_option_pozycja_zakladki" time="0.111" /><testcase classname="backend.tests.test_variant_conditions.TestVariantConditions" name="test_04_add_variant_wewnetrzny" time="0.134" /><testcase classname="backend.tests.test_variant_conditions.TestVariantConditions" name="test_05_add_variant_zewnetrzny" time="0.113" /><testcase classname="backend.tests.test_variant_conditions.TestVariantConditions" name="test_06_add_position_variants" time="0.341" /><testcase classname="backend.tests.test_variant_conditions.TestVariantConditions" name="test_07_create_variant_with_conditions" time="0.111" /><testcase classname="backend.tests.test_variant_conditions.TestVariantConditions" name="test_08_verify_conditions_persisted" time="0.107" /><testcase classname="backend.tests.test_variant_conditions.TestVariantConditions" name="test_09_update_variant_conditions" time="0.107" /><testcase classname="backend.tests.test_variant_conditions.TestVariantConditions" name="test_10_verify_updated_conditions" time="0.117" /><testcase classname="backend.tests.test_variant_conditions.TestVariantConditions" name="test_11_create_variant_without_conditions" time="0.110" /><testcase classname="backend.tests.test_variant_conditions.TestVariantConditions" name="test_12_cleanup_test_data" time="0.511" /></testsuite></testsuites>