<?xml version="1.0" encoding="utf-8"?><testsuites name="pytest tests"><testsuite name="pytest" errors="0" failures="0" skipped="1" tests="29" time="5.149" timestamp="2026-05-16T17:46:41.033544+00:00" hostname="agent-env-c9e19b70-99b0-4430-851b-f3f0c3065deb"><testcase classname="tests.test_sauna_tech_cards.TestAuth" name="test_components_requires_auth" time="0.543" /><testcase classname="tests.test_sauna_tech_cards.TestAuth" name="test_tech_cards_requires_auth" time="0.105" /><testcase classname="tests.test_sauna_tech_cards.TestAuth" name="test_dashboard_requires_auth" time="0.154" /><testcase classname="tests.test_sauna_tech_cards.TestComponents" name="test_list_components" time="0.108" /><testcase classname="tests.test_sauna_tech_cards.TestComponents" name="test_create_component_minimal" time="0.125" /><testcase classname="tests.test_sauna_tech_cards.TestComponents" name="test_create_component_missing_name" time="0.114" /><testcase classname="tests.test_sauna_tech_cards.TestComponents" name="test_create_component_full" time="0.114" /><testcase classname="tests.test_sauna_tech_cards.TestComponents" name="test_categories_endpoint" time="0.115" /><testcase classname="tests.test_sauna_tech_cards.TestComponents" name="test_update_component_no_price_change" time="0.116" /><testcase classname="tests.test_sauna_tech_cards.TestComponents" name="test_update_component_not_found" time="0.106" /><testcase classname="tests.test_sauna_tech_cards.TestComponents" name="test_delete_component_unused" time="0.229" /><testcase classname="tests.test_sauna_tech_cards.TestTechCards" name="test_create_component_for_card" time="0.112" /><testcase classname="tests.test_sauna_tech_cards.TestTechCards" name="test_list_tech_cards_initial" time="0.125" /><testcase classname="tests.test_sauna_tech_cards.TestTechCards" name="test_invalid_scope" time="0.111" /><testcase classname="tests.test_sauna_tech_cards.TestTechCards" name="test_model_scope_missing_modelId" time="0.117" /><testcase classname="tests.test_sauna_tech_cards.TestTechCards" name="test_option_scope_missing_optionId" time="0.094" /><testcase classname="tests.test_sauna_tech_cards.TestTechCards" name="test_create_model_card_and_compute" time="0.224" /><testcase classname="tests.test_sauna_tech_cards.TestTechCards" name="test_costprice_synced" time="0.127" /><testcase classname="tests.test_sauna_tech_cards.TestTechCards" name="test_get_enriched" time="0.117" /><testcase classname="tests.test_sauna_tech_cards.TestTechCards" name="test_unit_price_change_auto_recompute" time="0.389" /><testcase classname="tests.test_sauna_tech_cards.TestTechCards" name="test_delete_component_in_use_blocked" time="0.121" /><testcase classname="tests.test_sauna_tech_cards.TestTechCards" name="test_upsert_idempotent" time="0.112" /><testcase classname="tests.test_sauna_tech_cards.TestTechCards" name="test_list_filter_by_model" time="0.106" /><testcase classname="tests.test_sauna_tech_cards.TestTechCards" name="test_recompute_all" time="0.159" /><testcase classname="tests.test_sauna_tech_cards.TestTechCards" name="test_dashboard" time="0.105" /><testcase classname="tests.test_sauna_tech_cards.TestTechCards" name="test_variant_scope_sync" time="0.226" /><testcase classname="tests.test_sauna_tech_cards.TestTechCards" name="test_option_scope_sync" time="0.226" /><testcase classname="tests.test_sauna_tech_cards.TestTechCards" name="test_option_variant_scope_sync" time="0.000"><skipped type="pytest.skip" message="No option variant available">/app/backend/tests/test_sauna_tech_cards.py:331: No option variant available</skipped></testcase><testcase classname="tests.test_sauna_tech_cards.TestTechCards" name="test_get_card_not_found" time="0.758" /></testsuite></testsuites>