<?xml version="1.0" encoding="utf-8"?><testsuites name="pytest tests"><testsuite name="pytest" errors="0" failures="0" skipped="0" tests="21" time="4.491" timestamp="2026-04-04T16:33:12.713766+00:00" hostname="agent-env-6597ccac-d850-437f-af79-eb86e638f2fa"><testcase classname="backend.tests.test_widget_contract_gen.TestWidgetEmbedEndpoint" name="test_widget_loads_for_sauna_crm_lead" time="0.289" /><testcase classname="backend.tests.test_widget_contract_gen.TestWidgetEmbedEndpoint" name="test_widget_shows_sauna_crm_section" time="0.120" /><testcase classname="backend.tests.test_widget_contract_gen.TestWidgetEmbedEndpoint" name="test_widget_shows_crm_id" time="0.110" /><testcase classname="backend.tests.test_widget_contract_gen.TestWidgetEmbedEndpoint" name="test_widget_shows_client_name" time="0.161" /><testcase classname="backend.tests.test_widget_contract_gen.TestWidgetEmbedEndpoint" name="test_widget_shows_model_name" time="0.117" /><testcase classname="backend.tests.test_widget_contract_gen.TestWidgetEmbedEndpoint" name="test_widget_shows_total_amount" time="0.106" /><testcase classname="backend.tests.test_widget_contract_gen.TestWidgetEmbedEndpoint" name="test_widget_shows_sauna_dates" time="0.125" /><testcase classname="backend.tests.test_widget_contract_gen.TestWidgetEmbedEndpoint" name="test_widget_shows_document_statuses" time="0.529" /><testcase classname="backend.tests.test_widget_contract_gen.TestWidgetEmbedEndpoint" name="test_widget_shows_correct_crm_stage_status" time="0.144" /><testcase classname="backend.tests.test_widget_contract_gen.TestWidgetEmbedEndpoint" name="test_widget_has_create_contract_button" time="0.132" /><testcase classname="backend.tests.test_widget_contract_gen.TestWidgetEmbedEndpoint" name="test_widget_has_contract_js_function" time="0.108" /><testcase classname="backend.tests.test_widget_contract_gen.TestWidgetEmbedEndpoint" name="test_widget_shows_document_links_when_exist" time="0.122" /><testcase classname="backend.tests.test_widget_contract_gen.TestWidgetNonSaunaOrders" name="test_widget_loads_for_non_sauna_lead" time="0.125" /><testcase classname="backend.tests.test_widget_contract_gen.TestWidgetNonSaunaOrders" name="test_widget_shows_order_details_for_non_sauna" time="0.114" /><testcase classname="backend.tests.test_widget_contract_gen.TestContractGenerationEndpoint" name="test_generate_contract_endpoint_exists" time="0.137" /><testcase classname="backend.tests.test_widget_contract_gen.TestContractGenerationEndpoint" name="test_generate_contract_requires_lead_id" time="0.106" /><testcase classname="backend.tests.test_widget_contract_gen.TestContractGenerationEndpoint" name="test_generate_contract_returns_contract_url" time="1.400" /><testcase classname="backend.tests.test_widget_contract_gen.TestCRMStagesConfiguration" name="test_crm_settings_endpoint" time="0.096" /><testcase classname="backend.tests.test_widget_contract_gen.TestCRMStagesConfiguration" name="test_crm_stages_include_approved_by_production" time="0.133" /><testcase classname="backend.tests.test_widget_contract_gen.TestCRMStagesConfiguration" name="test_crm_stages_include_all_required" time="0.108" /><testcase classname="backend.tests.test_widget_contract_gen.TestWidgetPaymentInfo" name="test_widget_shows_payment_from_crm_lead" time="0.121" /></testsuite></testsuites>