<?xml version="1.0" encoding="utf-8"?><testsuites name="pytest tests"><testsuite name="pytest" errors="0" failures="0" skipped="0" tests="5" time="1.428" timestamp="2026-01-24T17:13:31.051977+00:00" hostname="agent-env-ad06a601-d415-4e80-8833-fc50e382a713"><testcase classname="backend.tests.test_sauna_foundation_variants.TestSaunaFoundationPrice" name="test_api_returns_models_with_foundation_price" time="0.062" /><testcase classname="backend.tests.test_sauna_foundation_variants.TestSaunaFoundationPrice" name="test_fundament_category_has_belki_options" time="0.047" /><testcase classname="backend.tests.test_sauna_foundation_variants.TestSaunaVariants" name="test_lawki_option_has_variants" time="0.045" /><testcase classname="backend.tests.test_sauna_foundation_variants.TestSaunaOrderWithVariant" name="test_create_order_with_variant_selection" time="0.853" /><testcase classname="backend.tests.test_sauna_foundation_variants.TestSaunaPDFGeneration" name="test_pdf_generation_with_variant" time="0.359" /></testsuite></testsuites>