<?xml version="1.0" encoding="utf-8"?><testsuites name="pytest tests"><testsuite name="pytest" errors="0" failures="0" skipped="0" tests="20" time="4.001" timestamp="2026-05-16T18:07:00.328026+00:00" hostname="agent-env-c9e19b70-99b0-4430-851b-f3f0c3065deb"><testcase classname="backend.tests.test_sauna_procurement_seed_duplicate.TestAuthNew" name="test_seed_requires_auth" time="0.666" /><testcase classname="backend.tests.test_sauna_procurement_seed_duplicate.TestAuthNew" name="test_procurement_requires_auth" time="0.111" /><testcase classname="backend.tests.test_sauna_procurement_seed_duplicate.TestAuthNew" name="test_forecast_requires_auth" time="0.114" /><testcase classname="backend.tests.test_sauna_procurement_seed_duplicate.TestAuthNew" name="test_duplicate_requires_auth" time="0.136" /><testcase classname="backend.tests.test_sauna_procurement_seed_duplicate.TestSeedFromTemplate" name="test_seed_imports_then_idempotent" time="0.231" /><testcase classname="backend.tests.test_sauna_procurement_seed_duplicate.TestSeedFromTemplate" name="test_seed_components_now_present" time="0.115" /><testcase classname="backend.tests.test_sauna_procurement_seed_duplicate.TestDuplicateForecast" name="test_make_source_card" time="0.404" /><testcase classname="backend.tests.test_sauna_procurement_seed_duplicate.TestDuplicateForecast" name="test_duplicate_to_other_model" time="0.136" /><testcase classname="backend.tests.test_sauna_procurement_seed_duplicate.TestDuplicateForecast" name="test_duplicate_upserts_when_same_key" time="0.123" /><testcase classname="backend.tests.test_sauna_procurement_seed_duplicate.TestDuplicateForecast" name="test_duplicate_invalid_scope" time="0.124" /><testcase classname="backend.tests.test_sauna_procurement_seed_duplicate.TestDuplicateForecast" name="test_duplicate_source_not_found" time="0.132" /><testcase classname="backend.tests.test_sauna_procurement_seed_duplicate.TestDuplicateForecast" name="test_dashboard_returns_top_lists" time="0.119" /><testcase classname="backend.tests.test_sauna_procurement_seed_duplicate.TestDuplicateForecast" name="test_procurement_endpoint_shape" time="0.120" /><testcase classname="backend.tests.test_sauna_procurement_seed_duplicate.TestDuplicateForecast" name="test_forecast_empty_targets" time="0.112" /><testcase classname="backend.tests.test_sauna_procurement_seed_duplicate.TestDuplicateForecast" name="test_forecast_missing_targets_field" time="0.124" /><testcase classname="backend.tests.test_sauna_procurement_seed_duplicate.TestDuplicateForecast" name="test_forecast_matches_source_card_qty1" time="0.146" /><testcase classname="backend.tests.test_sauna_procurement_seed_duplicate.TestDuplicateForecast" name="test_forecast_qty_multiplies" time="0.115" /><testcase classname="backend.tests.test_sauna_procurement_seed_duplicate.TestDuplicateForecast" name="test_forecast_aggregates_across_targets" time="0.239" /><testcase classname="backend.tests.test_sauna_procurement_seed_duplicate.TestDuplicateForecast" name="test_forecast_unmatched" time="0.141" /><testcase classname="backend.tests.test_sauna_procurement_seed_duplicate.TestDuplicateForecast" name="test_forecast_items_sorted_by_category_then_lineTotal_desc" time="0.502" /></testsuite></testsuites>