<?xml version="1.0" encoding="utf-8"?><testsuites name="pytest tests"><testsuite name="pytest" errors="0" failures="0" skipped="0" tests="13" time="13.121" timestamp="2026-05-27T18:46:18.843499+00:00" hostname="agent-env-e4811091-e106-44b1-9dad-e454e2cd3f19"><testcase classname="tests.test_production_stock_deduction.TestPreview" name="test_preview_returns_404_for_unknown_lead" time="0.526" /><testcase classname="tests.test_production_stock_deduction.TestPreview" name="test_preview_returns_bom_and_does_not_change_stock" time="0.950" /><testcase classname="tests.test_production_stock_deduction.TestManualDeductRevert" name="test_deduct_lowers_stock_and_writes_audit" time="1.122" /><testcase classname="tests.test_production_stock_deduction.TestManualDeductRevert" name="test_deduct_twice_returns_409_no_double_decrement" time="1.099" /><testcase classname="tests.test_production_stock_deduction.TestManualDeductRevert" name="test_revert_restores_stock_and_writes_in_audit" time="1.308" /><testcase classname="tests.test_production_stock_deduction.TestManualDeductRevert" name="test_revert_without_deduct_returns_409" time="0.949" /><testcase classname="tests.test_production_stock_deduction.TestToProductionAutoDeduct" name="test_to_production_auto_deducts_and_returns_summary" time="0.952" /><testcase classname="tests.test_production_stock_deduction.TestToProductionAutoDeduct" name="test_to_production_twice_returns_400_no_double_deduct" time="1.268" /><testcase classname="tests.test_production_stock_deduction.TestToProductionAutoDeduct" name="test_to_production_without_bom_returns_applied_zero" time="0.357" /><testcase classname="tests.test_production_stock_deduction.TestToProductionAutoDeduct" name="test_multi_option_bom_aggregation" time="1.558" /><testcase classname="tests.test_production_stock_deduction.TestRegression" name="test_stock_adjust_still_works" time="0.528" /><testcase classname="tests.test_production_stock_deduction.TestRegression" name="test_procurement_endpoint_still_responds" time="0.114" /><testcase classname="tests.test_production_stock_deduction.TestRegression" name="test_procurement_forecast_still_works" time="2.306" /></testsuite></testsuites>