<?xml version="1.0" encoding="utf-8"?><testsuites name="pytest tests"><testsuite name="pytest" errors="0" failures="0" skipped="0" tests="11" time="4.536" timestamp="2026-03-17T16:12:41.802604+00:00" hostname="agent-env-d7081e48-67d5-4961-acab-f5f2c1fdd99e"><testcase classname="backend.tests.test_dovoz_warehouse.TestDovozSettings" name="test_get_dovoz_settings_returns_defaults" time="0.755" /><testcase classname="backend.tests.test_dovoz_warehouse.TestDovozSettings" name="test_put_dovoz_settings_saves_toggles" time="0.670" /><testcase classname="backend.tests.test_dovoz_warehouse.TestDovozOrders" name="test_get_dovoz_orders_returns_grouped_list" time="0.186" /><testcase classname="backend.tests.test_dovoz_warehouse.TestDovozOrders" name="test_get_dovoz_orders_with_search" time="0.171" /><testcase classname="backend.tests.test_dovoz_warehouse.TestDovozStats" name="test_get_dovoz_stats_returns_counts" time="0.218" /><testcase classname="backend.tests.test_dovoz_warehouse.TestDovozAmoCRMSync" name="test_sync_from_amocrm_without_config_fails" time="0.270" /><testcase classname="backend.tests.test_dovoz_warehouse.TestWarehouseOrders" name="test_get_warehouse_orders" time="0.894" /><testcase classname="backend.tests.test_dovoz_warehouse.TestWarehouseOrders" name="test_get_warehouse_trips" time="0.892" /><testcase classname="backend.tests.test_dovoz_warehouse.TestWarehouseOrders" name="test_get_warehouse_stats" time="0.148" /><testcase classname="backend.tests.test_dovoz_warehouse.TestAuthentication" name="test_dovoz_settings_requires_auth" time="0.138" /><testcase classname="backend.tests.test_dovoz_warehouse.TestAuthentication" name="test_dovoz_orders_requires_auth" time="0.117" /></testsuite></testsuites>