<?xml version="1.0" encoding="utf-8"?><testsuites name="pytest tests"><testsuite name="pytest" errors="0" failures="0" skipped="0" tests="14" time="8.773" timestamp="2026-01-22T15:40:45.289478+00:00" hostname="agent-env-5127cad7-8106-49ca-bb1d-c6c6121d43d2"><testcase classname="backend.tests.test_orders_filtering.TestOrdersFilteringBalia" name="test_get_orders_without_params_returns_all" time="0.097" /><testcase classname="backend.tests.test_orders_filtering.TestOrdersFilteringBalia" name="test_get_orders_admin_sees_all" time="0.075" /><testcase classname="backend.tests.test_orders_filtering.TestOrdersFilteringBalia" name="test_get_orders_manager_sees_only_own" time="0.802" /><testcase classname="backend.tests.test_orders_filtering.TestOrdersFilteringBalia" name="test_get_orders_different_manager_sees_different_orders" time="1.609" /><testcase classname="backend.tests.test_orders_filtering.TestOrdersFilteringSauna" name="test_get_sauna_orders_without_params_returns_all" time="0.057" /><testcase classname="backend.tests.test_orders_filtering.TestOrdersFilteringSauna" name="test_get_sauna_orders_admin_sees_all" time="0.091" /><testcase classname="backend.tests.test_orders_filtering.TestOrdersFilteringSauna" name="test_get_sauna_orders_manager_sees_only_own" time="0.886" /><testcase classname="backend.tests.test_orders_filtering.TestAmoCRMNoteSending" name="test_order_update_with_amocrm_id_triggers_note_code_path" time="0.865" /><testcase classname="backend.tests.test_orders_filtering.TestAmoCRMNoteSending" name="test_sauna_order_update_with_amocrm_id_triggers_note_code_path" time="3.976" /><testcase classname="backend.tests.test_orders_filtering.TestAmoCRMNoteSending" name="test_existing_test_order_has_amocrm_id" time="0.054" /><testcase classname="backend.tests.test_orders_filtering.TestOrdersEndpointBasics" name="test_balia_orders_endpoint_exists" time="0.042" /><testcase classname="backend.tests.test_orders_filtering.TestOrdersEndpointBasics" name="test_sauna_orders_endpoint_exists" time="0.049" /><testcase classname="backend.tests.test_orders_filtering.TestOrdersEndpointBasics" name="test_orders_endpoint_accepts_username_role_params" time="0.042" /><testcase classname="backend.tests.test_orders_filtering.TestOrdersEndpointBasics" name="test_sauna_orders_endpoint_accepts_username_role_params" time="0.035" /></testsuite></testsuites>