<?xml version="1.0" encoding="utf-8"?><testsuites name="pytest tests"><testsuite name="pytest" errors="0" failures="0" skipped="0" tests="20" time="3.319" timestamp="2026-04-14T19:00:39.980320+00:00" hostname="agent-env-e245c310-b5e6-48ba-98de-6fee2f121e19"><testcase classname="backend.tests.test_closed_lost_analytics_iteration82.TestClosedLostEndpoint" name="test_closed_lost_endpoint_exists" time="0.154" /><testcase classname="backend.tests.test_closed_lost_analytics_iteration82.TestClosedLostEndpoint" name="test_closed_lost_with_date_from_filter" time="0.129" /><testcase classname="backend.tests.test_closed_lost_analytics_iteration82.TestClosedLostEndpoint" name="test_closed_lost_with_date_to_filter" time="0.126" /><testcase classname="backend.tests.test_closed_lost_analytics_iteration82.TestClosedLostEndpoint" name="test_closed_lost_with_date_range_filter" time="0.126" /><testcase classname="backend.tests.test_closed_lost_analytics_iteration82.TestClosedLostEndpoint" name="test_closed_lost_with_manager_id_filter" time="0.106" /><testcase classname="backend.tests.test_closed_lost_analytics_iteration82.TestClosedLostEndpoint" name="test_closed_lost_with_all_filters" time="0.150" /><testcase classname="backend.tests.test_closed_lost_analytics_iteration82.TestClosedLostEndpoint" name="test_closed_lost_by_manager_structure" time="0.118" /><testcase classname="backend.tests.test_closed_lost_analytics_iteration82.TestSummaryClosedLostFields" name="test_summary_has_closed_lost_field" time="0.113" /><testcase classname="backend.tests.test_closed_lost_analytics_iteration82.TestSummaryClosedLostFields" name="test_summary_has_total_with_closed_field" time="0.121" /><testcase classname="backend.tests.test_closed_lost_analytics_iteration82.TestSummaryClosedLostFields" name="test_summary_total_leads_excludes_closed_lost" time="0.114" /><testcase classname="backend.tests.test_closed_lost_analytics_iteration82.TestSummaryClosedLostFields" name="test_summary_with_date_filters" time="0.144" /><testcase classname="backend.tests.test_closed_lost_analytics_iteration82.TestProblemLeadsExcludesClosedLost" name="test_problem_leads_endpoint_works" time="0.191" /><testcase classname="backend.tests.test_closed_lost_analytics_iteration82.TestProblemLeadsExcludesClosedLost" name="test_problem_leads_excludes_closed_lost" time="0.114" /><testcase classname="backend.tests.test_closed_lost_analytics_iteration82.TestSettingsClosedLostStageIds" name="test_settings_has_closed_lost_stage_ids" time="0.127" /><testcase classname="backend.tests.test_closed_lost_analytics_iteration82.TestSettingsClosedLostStageIds" name="test_settings_save_closed_lost_stage_ids" time="0.587" /><testcase classname="backend.tests.test_closed_lost_analytics_iteration82.TestManagersClosedLostField" name="test_managers_endpoint_works" time="0.174" /><testcase classname="backend.tests.test_closed_lost_analytics_iteration82.TestExistingEndpointsStillWork" name="test_summary_endpoint" time="0.189" /><testcase classname="backend.tests.test_closed_lost_analytics_iteration82.TestExistingEndpointsStillWork" name="test_settings_endpoint" time="0.167" /><testcase classname="backend.tests.test_closed_lost_analytics_iteration82.TestExistingEndpointsStillWork" name="test_sync_status_endpoint" time="0.149" /><testcase classname="backend.tests.test_closed_lost_analytics_iteration82.TestExistingEndpointsStillWork" name="test_pipelines_and_users_endpoint" time="0.151" /></testsuite></testsuites>