<?xml version="1.0" encoding="utf-8"?><testsuites name="pytest tests"><testsuite name="pytest" errors="0" failures="0" skipped="0" tests="14" time="6.630" timestamp="2026-03-20T17:07:18.614632+00:00" hostname="agent-env-82f9f108-b942-4d8a-8de4-308fdc11e544"><testcase classname="tests.test_iteration62_amocrm_enhancements.TestUserAmoCRMNameField" name="test_login_returns_amocrm_name" time="0.459" /><testcase classname="tests.test_iteration62_amocrm_enhancements.TestUserAmoCRMNameField" name="test_create_user_with_amocrm_name" time="1.074" /><testcase classname="tests.test_iteration62_amocrm_enhancements.TestUserAmoCRMNameField" name="test_update_user_with_amocrm_name" time="0.809" /><testcase classname="tests.test_iteration62_amocrm_enhancements.TestUserAmoCRMNameField" name="test_crm_leads_filter_by_manager_username_uses_amocrm_name" time="0.170" /><testcase classname="tests.test_iteration62_amocrm_enhancements.TestCRMSettingsCustomFields" name="test_get_crm_settings_has_custom_field_ids" time="0.591" /><testcase classname="tests.test_iteration62_amocrm_enhancements.TestCRMSettingsCustomFields" name="test_save_crm_settings_with_custom_field_ids" time="0.668" /><testcase classname="tests.test_iteration62_amocrm_enhancements.TestSalesSyncAndBonus" name="test_sales_sync_from_crm_endpoint_exists" time="0.514" /><testcase classname="tests.test_iteration62_amocrm_enhancements.TestSalesSyncAndBonus" name="test_sales_sync_imports_all_leads" time="0.281" /><testcase classname="tests.test_iteration62_amocrm_enhancements.TestSalesSyncAndBonus" name="test_bonus_calculation_endpoint" time="0.146" /><testcase classname="tests.test_iteration62_amocrm_enhancements.TestSalesSyncAndBonus" name="test_bonus_calculation_uses_prepayment_date" time="0.489" /><testcase classname="tests.test_iteration62_amocrm_enhancements.TestKanbanDateSorting" name="test_crm_leads_have_readyDate_field" time="0.544" /><testcase classname="tests.test_iteration62_amocrm_enhancements.TestKanbanDateSorting" name="test_production_orders_have_readyDate_field" time="0.126" /><testcase classname="tests.test_iteration62_amocrm_enhancements.TestUserResponseModel" name="test_get_users_includes_amocrm_name" time="0.536" /><testcase classname="tests.test_iteration62_amocrm_enhancements.TestUserResponseModel" name="test_get_me_includes_amocrm_name" time="0.151" /></testsuite></testsuites>