<?xml version="1.0" encoding="utf-8"?><testsuites name="pytest tests"><testsuite name="pytest" errors="0" failures="0" skipped="0" tests="15" time="1.091" timestamp="2026-01-02T18:58:05.926640+00:00" hostname="agent-env-06a9cdc6-a8d2-4e49-bc39-59689f1f71c3"><testcase classname="tests.test_balia_prices.TestBaliaPricesAPI" name="test_get_prices_returns_200" time="0.082" /><testcase classname="tests.test_balia_prices.TestBaliaPricesAPI" name="test_get_prices_models_have_heater_variants" time="0.041" /><testcase classname="tests.test_balia_prices.TestBaliaPricesAPI" name="test_get_prices_model_specs_support_string_values" time="0.042" /><testcase classname="tests.test_balia_prices.TestBaliaPricesAPI" name="test_post_prices_with_heater_variants_no_422" time="0.051" /><testcase classname="tests.test_balia_prices.TestBaliaPricesAPI" name="test_post_prices_with_string_specs_no_422" time="0.048" /><testcase classname="tests.test_balia_prices.TestBaliaPricesAPI" name="test_post_prices_persists_heater_variants" time="0.111" /><testcase classname="tests.test_balia_prices.TestBaliaPricesAPI" name="test_post_prices_with_extra_fields_allowed" time="0.083" /><testcase classname="tests.test_balia_prices.TestBaliaModelSpecs" name="test_get_prices_returns_specs_in_models" time="0.038" /><testcase classname="tests.test_balia_prices.TestBaliaModelSpecs" name="test_specs_supports_all_fields" time="0.033" /><testcase classname="tests.test_balia_prices.TestBaliaModelSpecs" name="test_post_specs_with_all_fields" time="0.074" /><testcase classname="tests.test_balia_prices.TestBaliaModelSpecs" name="test_specs_partial_update" time="0.119" /><testcase classname="tests.test_balia_prices.TestBaliaModelSpecs" name="test_specs_with_mixed_types" time="0.109" /><testcase classname="tests.test_balia_prices.TestBaliaPricesEdgeCases" name="test_empty_heater_variants_array" time="0.081" /><testcase classname="tests.test_balia_prices.TestBaliaPricesEdgeCases" name="test_heater_variant_with_all_optional_fields" time="0.051" /><testcase classname="tests.test_balia_prices.TestBaliaPricesEdgeCases" name="test_model_with_null_specs" time="0.050" /></testsuite></testsuites>