<?xml version="1.0" encoding="utf-8"?><testsuites name="pytest tests"><testsuite name="pytest" errors="0" failures="0" skipped="0" tests="12" time="6.945" timestamp="2026-05-16T16:07:34.496857+00:00" hostname="agent-env-c9e19b70-99b0-4430-851b-f3f0c3065deb"><testcase classname="backend.tests.test_sauna_price_import_history.TestHistoryAuth" name="test_list_requires_auth" time="0.282" /><testcase classname="backend.tests.test_sauna_price_import_history.TestHistoryAuth" name="test_rollback_requires_auth" time="0.122" /><testcase classname="backend.tests.test_sauna_price_import_history.TestHistoryAuth" name="test_delete_requires_auth" time="0.111" /><testcase classname="backend.tests.test_sauna_price_import_history.TestHistoryList" name="test_commit_returns_history_id" time="0.817" /><testcase classname="backend.tests.test_sauna_price_import_history.TestHistoryList" name="test_list_sorted_desc_no_snapshot_blobs" time="1.172" /><testcase classname="backend.tests.test_sauna_price_import_history.TestHistoryList" name="test_list_dealer_scoped" time="0.741" /><testcase classname="backend.tests.test_sauna_price_import_history.TestRollback" name="test_rollback_restores_prices" time="0.729" /><testcase classname="backend.tests.test_sauna_price_import_history.TestRollback" name="test_rollback_twice_returns_400" time="0.513" /><testcase classname="backend.tests.test_sauna_price_import_history.TestRollback" name="test_rollback_unknown_id_404" time="0.130" /><testcase classname="backend.tests.test_sauna_price_import_history.TestRollback" name="test_rollback_dealer_scoped_restores_overrides" time="1.390" /><testcase classname="backend.tests.test_sauna_price_import_history.TestHistoryDelete" name="test_delete_history_entry" time="0.630" /><testcase classname="backend.tests.test_sauna_price_import_history.TestHistoryDelete" name="test_delete_unknown_returns_404" time="0.103" /></testsuite></testsuites>