<?xml version="1.0" encoding="utf-8"?><testsuites name="pytest tests"><testsuite name="pytest" errors="0" failures="0" skipped="0" tests="10" time="2.017" timestamp="2026-01-02T19:39:55.491786+00:00" hostname="agent-env-06a9cdc6-a8d2-4e49-bc39-59689f1f71c3"><testcase classname="tests.test_nbp_and_option_pricing.TestNBPApiIntegration" name="test_nbp_api_returns_eur_rate" time="1.271" /><testcase classname="tests.test_nbp_and_option_pricing.TestOptionPricing" name="test_get_prices_returns_categories_with_options" time="0.060" /><testcase classname="tests.test_nbp_and_option_pricing.TestOptionPricing" name="test_option_has_pricing_fields" time="0.040" /><testcase classname="tests.test_nbp_and_option_pricing.TestOptionPricing" name="test_post_prices_saves_option_pricing" time="0.181" /><testcase classname="tests.test_nbp_and_option_pricing.TestPriceRecalculation" name="test_option_price_calculation_formula" time="0.000" /><testcase classname="tests.test_nbp_and_option_pricing.TestPriceRecalculation" name="test_get_prices_returns_eur_rate" time="0.037" /><testcase classname="tests.test_nbp_and_option_pricing.TestPriceRecalculation" name="test_get_prices_returns_default_markup_percent" time="0.039" /><testcase classname="tests.test_nbp_and_option_pricing.TestCategoryOptionModel" name="test_category_option_structure" time="0.042" /><testcase classname="tests.test_nbp_and_option_pricing.TestBackendHealthAndAuth" name="test_backend_health" time="0.037" /><testcase classname="tests.test_nbp_and_option_pricing.TestBackendHealthAndAuth" name="test_admin_login" time="0.260" /></testsuite></testsuites>