<?xml version="1.0" encoding="utf-8"?><testsuites name="pytest tests"><testsuite name="pytest" errors="0" failures="0" skipped="0" tests="10" time="5.034" timestamp="2026-04-05T14:27:46.009642+00:00" hostname="agent-env-5161260a-7ec2-4905-98df-02dd6f9c2d88"><testcase classname="backend.tests.test_sync_background.TestSyncBackgroundFeature" name="test_sync_endpoint_returns_immediately" time="0.602" /><testcase classname="backend.tests.test_sync_background.TestSyncBackgroundFeature" name="test_sync_status_endpoint_exists" time="0.452" /><testcase classname="backend.tests.test_sync_background.TestSyncBackgroundFeature" name="test_sync_status_idle_when_no_sync" time="0.523" /><testcase classname="backend.tests.test_sync_background.TestSyncBackgroundFeature" name="test_leads_endpoint_still_works" time="0.435" /><testcase classname="backend.tests.test_sync_background.TestSyncBackgroundFeature" name="test_settings_endpoint_still_works" time="0.439" /><testcase classname="backend.tests.test_sync_background.TestSyncBackgroundFeature" name="test_sync_response_structure_when_amocrm_not_configured" time="0.440" /><testcase classname="backend.tests.test_sync_background.TestSyncBackgroundFeature" name="test_sync_endpoint_not_blocking" time="0.637" /><testcase classname="backend.tests.test_sync_background.TestSyncStatusFields" name="test_sync_status_has_required_fields" time="0.438" /><testcase classname="backend.tests.test_sync_background.TestExistingEndpointsNotBroken" name="test_calendar_endpoint" time="0.445" /><testcase classname="backend.tests.test_sync_background.TestExistingEndpointsNotBroken" name="test_single_lead_sync_endpoint" time="0.559" /></testsuite></testsuites>