<?xml version="1.0" encoding="utf-8"?><testsuites name="pytest tests"><testsuite name="pytest" errors="0" failures="0" skipped="0" tests="10" time="4.628" timestamp="2026-03-21T11:34:06.903023+00:00" hostname="agent-env-5983d36f-884d-4d11-ab92-09c4dabf189b"><testcase classname="backend.tests.test_contract_template.TestContractTemplateSettings" name="test_get_settings_returns_mappings_and_sources" time="0.127" /><testcase classname="backend.tests.test_contract_template.TestContractTemplateSettings" name="test_save_settings_updates_mappings_and_attachkp" time="0.783" /><testcase classname="backend.tests.test_contract_template.TestContractTemplatePlaceholders" name="test_get_placeholders_returns_list" time="0.171" /><testcase classname="backend.tests.test_contract_template.TestContractTemplateUpload" name="test_upload_rejects_non_docx" time="0.433" /><testcase classname="backend.tests.test_contract_template.TestContractGeneration" name="test_generate_contract_with_valid_lead" time="1.770" /><testcase classname="backend.tests.test_contract_template.TestContractGeneration" name="test_generate_contract_without_lead_id_fails" time="0.453" /><testcase classname="backend.tests.test_contract_template.TestContractGeneration" name="test_generate_contract_with_invalid_lead_fails" time="0.441" /><testcase classname="backend.tests.test_contract_template.TestStaticTemplateDownload" name="test_static_template_accessible" time="0.180" /><testcase classname="backend.tests.test_contract_template.TestAvailableSources" name="test_available_sources_categories" time="0.105" /><testcase classname="backend.tests.test_contract_template.TestAvailableSources" name="test_available_sources_has_lead_fields" time="0.094" /></testsuite></testsuites>