<?xml version="1.0" encoding="utf-8"?><testsuites name="pytest tests"><testsuite name="pytest" errors="0" failures="0" skipped="0" tests="11" time="11.872" timestamp="2026-01-02T19:12:07.449698+00:00" hostname="agent-env-06a9cdc6-a8d2-4e49-bc39-59689f1f71c3"><testcase classname="tests.test_balia_features.TestBaliaAPI" name="test_get_prices_returns_200" time="1.137" /><testcase classname="tests.test_balia_features.TestBaliaAPI" name="test_currency_is_pln" time="0.044" /><testcase classname="tests.test_balia_features.TestBaliaAPI" name="test_models_have_specs" time="0.041" /><testcase classname="tests.test_balia_features.TestBaliaAPI" name="test_options_have_hint_fields" time="0.043" /><testcase classname="tests.test_balia_features.TestPDFGeneration" name="test_generate_pdf_returns_200" time="0.094" /><testcase classname="tests.test_balia_features.TestPDFGeneration" name="test_generate_pdf_with_options" time="10.124" /><testcase classname="tests.test_balia_features.TestPDFGeneration" name="test_generate_pdf_with_discount" time="0.101" /><testcase classname="tests.test_balia_features.TestModelSpecs" name="test_round_225_has_specs" time="0.038" /><testcase classname="tests.test_balia_features.TestModelSpecs" name="test_square_model_has_dimensions" time="0.038" /><testcase classname="tests.test_balia_features.TestHeaterVariants" name="test_models_have_heater_variants" time="0.043" /><testcase classname="tests.test_balia_features.TestHeaterVariants" name="test_heater_variants_can_have_hints" time="0.035" /></testsuite></testsuites>