<?xml version="1.0" encoding="utf-8"?><testsuites name="pytest tests"><testsuite name="pytest" errors="0" failures="0" skipped="0" tests="9" time="2.317" timestamp="2026-03-19T18:20:11.607798+00:00" hostname="agent-env-6e0529ed-09b1-4f07-8a06-687b35a2d00f"><testcase classname="backend.tests.test_tech_spec_pdf.TestTechSpecPdfGeneration" name="test_generate_pdf_without_lead_id_returns_pdf" time="0.215" /><testcase classname="backend.tests.test_tech_spec_pdf.TestTechSpecPdfGeneration" name="test_generate_pdf_with_lead_id_returns_json" time="1.084" /><testcase classname="backend.tests.test_tech_spec_pdf.TestTechSpecPdfGeneration" name="test_pdf_generation_with_air_valves_default" time="0.167" /><testcase classname="backend.tests.test_tech_spec_pdf.TestTechSpecPdfGeneration" name="test_pdf_generation_with_custom_panorama_field" time="0.176" /><testcase classname="backend.tests.test_tech_spec_pdf.TestTechSpecPdfGeneration" name="test_pdf_generation_all_four_sections" time="0.142" /><testcase classname="backend.tests.test_tech_spec_pdf.TestDocumentsLinkEndpoint" name="test_link_tech_spec_document" time="0.271" /><testcase classname="backend.tests.test_tech_spec_pdf.TestDocumentsLinkEndpoint" name="test_link_document_requires_url" time="0.213" /><testcase classname="backend.tests.test_tech_spec_pdf.TestTechSpecCategories" name="test_categories_count" time="0.000" /><testcase classname="backend.tests.test_tech_spec_pdf.TestTechSpecCategories" name="test_sections_count" time="0.000" /></testsuite></testsuites>