<?xml version="1.0" encoding="utf-8"?><testsuites name="pytest tests"><testsuite name="pytest" errors="0" failures="0" skipped="0" tests="6" time="1.147" timestamp="2026-01-24T16:54:57.865834+00:00" hostname="agent-env-ad06a601-d415-4e80-8833-fc50e382a713"><testcase classname="backend.tests.test_sauna_variants.TestSaunaVariants" name="test_api_returns_prices_with_variants" time="0.081" /><testcase classname="backend.tests.test_sauna_variants.TestSaunaVariants" name="test_lawki_2poziomowe_has_variants" time="0.046" /><testcase classname="backend.tests.test_sauna_variants.TestSaunaVariants" name="test_variant_prices_are_correct" time="0.046" /><testcase classname="backend.tests.test_sauna_variants.TestSaunaVariants" name="test_variant_structure_is_correct" time="0.044" /><testcase classname="backend.tests.test_sauna_variants.TestSaunaVariants" name="test_models_endpoint_works" time="0.050" /><testcase classname="backend.tests.test_sauna_variants.TestSaunaOrderWithVariants" name="test_create_order_with_variant_selection" time="0.818" /></testsuite></testsuites>