<?xml version="1.0" encoding="utf-8"?><testsuites name="pytest tests"><testsuite name="pytest" errors="0" failures="0" skipped="0" tests="12" time="2.258" timestamp="2026-04-04T18:09:18.519332+00:00" hostname="agent-env-6597ccac-d850-437f-af79-eb86e638f2fa"><testcase classname="backend.tests.test_changelog_features.TestChangeLogFeatures" name="test_get_lead_returns_hasUnreviewedChanges" time="0.163" /><testcase classname="backend.tests.test_changelog_features.TestChangeLogFeatures" name="test_get_lead_returns_amoComment" time="0.127" /><testcase classname="backend.tests.test_changelog_features.TestChangeLogFeatures" name="test_get_lead_returns_changeLog" time="0.100" /><testcase classname="backend.tests.test_changelog_features.TestChangeLogFeatures" name="test_changeLog_entry_structure" time="0.111" /><testcase classname="backend.tests.test_changelog_features.TestChangeLogFeatures" name="test_test_lead_has_expected_data" time="0.107" /><testcase classname="backend.tests.test_changelog_features.TestAcknowledgeChanges" name="test_acknowledge_changes_endpoint_exists" time="0.131" /><testcase classname="backend.tests.test_changelog_features.TestAcknowledgeChanges" name="test_acknowledge_changes_clears_flag" time="0.328" /><testcase classname="backend.tests.test_changelog_features.TestAcknowledgeChanges" name="test_acknowledge_changes_preserves_changeLog" time="0.278" /><testcase classname="backend.tests.test_changelog_features.TestAcknowledgeChanges" name="test_acknowledge_nonexistent_lead_returns_404" time="0.106" /><testcase classname="backend.tests.test_changelog_features.TestSettingsCommentFieldId" name="test_settings_returns_commentFieldId" time="0.102" /><testcase classname="backend.tests.test_changelog_features.TestSettingsCommentFieldId" name="test_settings_can_save_commentFieldId" time="0.420" /><testcase classname="backend.tests.test_changelog_features.TestResetTestData" name="test_reset_hasUnreviewedChanges_to_true" time="0.228" /></testsuite></testsuites>