<?xml version="1.0" encoding="utf-8"?><testsuites name="pytest tests"><testsuite name="pytest" errors="0" failures="4" skipped="0" tests="11" time="6.647" timestamp="2026-05-16T16:27:18.675138+00:00" hostname="agent-env-c9e19b70-99b0-4430-851b-f3f0c3065deb"><testcase classname="backend.tests.test_access_and_margin" name="test_create_user_accepts_new_access_values[access_value0]" time="1.230" /><testcase classname="backend.tests.test_access_and_margin" name="test_create_user_accepts_new_access_values[access_value1]" time="0.609" /><testcase classname="backend.tests.test_access_and_margin" name="test_create_user_accepts_new_access_values[access_value2]" time="0.612" /><testcase classname="backend.tests.test_access_and_margin" name="test_create_user_accepts_new_access_values[access_value3]" time="0.564" /><testcase classname="backend.tests.test_access_and_margin" name="test_create_user_accepts_new_access_values[access_value4]" time="0.607" /><testcase classname="backend.tests.test_access_and_margin" name="test_update_user_accepts_new_access_values[access_value0]" time="0.570"><failure message="AssertionError: PUT /users with access=['analytics'] failed: 400 {&quot;detail&quot;:&quot;Invalid access value: analytics. Must be one of: ['balia', 'sauna', 'logistics', 'driver', 'warehouse', 'sauna_crm', 'sauna_production', 'training', 'all']&quot;}&#10;assert 400 == 200&#10; +  where 400 = &lt;Response [400]&gt;.status_code">backend/tests/test_access_and_margin.py:82: in test_update_user_accepts_new_access_values
    assert r2.status_code == 200, f"PUT /users with access={access_value} failed: {r2.status_code} {r2.text}"
E   AssertionError: PUT /users with access=['analytics'] failed: 400 {"detail":"Invalid access value: analytics. Must be one of: ['balia', 'sauna', 'logistics', 'driver', 'warehouse', 'sauna_crm', 'sauna_production', 'training', 'all']"}
E   assert 400 == 200
E    +  where 400 = &lt;Response [400]&gt;.status_code</failure></testcase><testcase classname="backend.tests.test_access_and_margin" name="test_update_user_accepts_new_access_values[access_value1]" time="0.588"><failure message="AssertionError: PUT /users with access=['call_analytics'] failed: 400 {&quot;detail&quot;:&quot;Invalid access value: call_analytics. Must be one of: ['balia', 'sauna', 'logistics', 'driver', 'warehouse', 'sauna_crm', 'sauna_production', 'training', 'all']&quot;}&#10;assert 400 == 200&#10; +  where 400 = &lt;Response [400]&gt;.status_code">backend/tests/test_access_and_margin.py:82: in test_update_user_accepts_new_access_values
    assert r2.status_code == 200, f"PUT /users with access={access_value} failed: {r2.status_code} {r2.text}"
E   AssertionError: PUT /users with access=['call_analytics'] failed: 400 {"detail":"Invalid access value: call_analytics. Must be one of: ['balia', 'sauna', 'logistics', 'driver', 'warehouse', 'sauna_crm', 'sauna_production', 'training', 'all']"}
E   assert 400 == 200
E    +  where 400 = &lt;Response [400]&gt;.status_code</failure></testcase><testcase classname="backend.tests.test_access_and_margin" name="test_update_user_accepts_new_access_values[access_value2]" time="0.598"><failure message="AssertionError: PUT /users with access=['dealers'] failed: 400 {&quot;detail&quot;:&quot;Invalid access value: dealers. Must be one of: ['balia', 'sauna', 'logistics', 'driver', 'warehouse', 'sauna_crm', 'sauna_production', 'training', 'all']&quot;}&#10;assert 400 == 200&#10; +  where 400 = &lt;Response [400]&gt;.status_code">backend/tests/test_access_and_margin.py:82: in test_update_user_accepts_new_access_values
    assert r2.status_code == 200, f"PUT /users with access={access_value} failed: {r2.status_code} {r2.text}"
E   AssertionError: PUT /users with access=['dealers'] failed: 400 {"detail":"Invalid access value: dealers. Must be one of: ['balia', 'sauna', 'logistics', 'driver', 'warehouse', 'sauna_crm', 'sauna_production', 'training', 'all']"}
E   assert 400 == 200
E    +  where 400 = &lt;Response [400]&gt;.status_code</failure></testcase><testcase classname="backend.tests.test_access_and_margin" name="test_update_user_accepts_new_access_values[access_value3]" time="0.598"><failure message="AssertionError: PUT /users with access=['analytics', 'call_analytics', 'dealers'] failed: 400 {&quot;detail&quot;:&quot;Invalid access value: analytics. Must be one of: ['balia', 'sauna', 'logistics', 'driver', 'warehouse', 'sauna_crm', 'sauna_production', 'training', 'all']&quot;}&#10;assert 400 == 200&#10; +  where 400 = &lt;Response [400]&gt;.status_code">backend/tests/test_access_and_margin.py:82: in test_update_user_accepts_new_access_values
    assert r2.status_code == 200, f"PUT /users with access={access_value} failed: {r2.status_code} {r2.text}"
E   AssertionError: PUT /users with access=['analytics', 'call_analytics', 'dealers'] failed: 400 {"detail":"Invalid access value: analytics. Must be one of: ['balia', 'sauna', 'logistics', 'driver', 'warehouse', 'sauna_crm', 'sauna_production', 'training', 'all']"}
E   assert 400 == 200
E    +  where 400 = &lt;Response [400]&gt;.status_code</failure></testcase><testcase classname="backend.tests.test_access_and_margin" name="test_dry_run_returns_margin_and_low_margin_flag" time="0.134" /><testcase classname="backend.tests.test_access_and_margin" name="test_dry_run_unchanged_row_no_low_margin_flag" time="0.307" /></testsuite></testsuites>