<?xml version="1.0" encoding="utf-8"?><testsuites name="pytest tests"><testsuite name="pytest" errors="0" failures="0" skipped="0" tests="4" time="4.612" timestamp="2026-04-14T18:17:54.217524+00:00" hostname="agent-env-4b7adb74-8298-427b-a417-5ca33a331eb7"><testcase classname="backend.tests.test_lead_analytics_ai_iteration80.TestLeadAnalyticsAIEndpoints" name="test_department_summary_returns_200_with_text" time="4.154" /><testcase classname="backend.tests.test_lead_analytics_ai_iteration80.TestLeadAnalyticsAIEndpoints" name="test_manager_analysis_returns_200" time="0.152" /><testcase classname="backend.tests.test_lead_analytics_ai_iteration80.TestLeadAnalyticsAIEndpoints" name="test_common_errors_returns_200_with_text" time="0.130" /><testcase classname="backend.tests.test_lead_analytics_ai_iteration80.TestLeadAnalyticsAIEndpoints" name="test_problem_lead_advice_returns_404_for_nonexistent_lead" time="0.120" /></testsuite></testsuites>