<?xml version="1.0" encoding="utf-8"?><testsuites name="pytest tests"><testsuite name="pytest" errors="0" failures="0" skipped="0" tests="15" time="4.111" timestamp="2026-05-16T15:33:19.706628+00:00" hostname="agent-env-c9e19b70-99b0-4430-851b-f3f0c3065deb"><testcase classname="backend.tests.test_sauna_excel_import_export.TestAuth" name="test_export_requires_auth" time="0.176" /><testcase classname="backend.tests.test_sauna_excel_import_export.TestAuth" name="test_dry_run_requires_auth" time="0.126" /><testcase classname="backend.tests.test_sauna_excel_import_export.TestAuth" name="test_commit_requires_auth" time="0.120" /><testcase classname="backend.tests.test_sauna_excel_import_export.TestExport" name="test_export_xlsx" time="0.508" /><testcase classname="backend.tests.test_sauna_excel_import_export.TestExport" name="test_export_csv" time="0.120" /><testcase classname="backend.tests.test_sauna_excel_import_export.TestExport" name="test_export_xlsx_with_dealer" time="0.267" /><testcase classname="backend.tests.test_sauna_excel_import_export.TestExport" name="test_export_xlsx_invalid_dealer" time="0.114" /><testcase classname="backend.tests.test_sauna_excel_import_export.TestExport" name="test_export_invalid_format" time="0.121" /><testcase classname="backend.tests.test_sauna_excel_import_export.TestDryRun" name="test_dry_run_unchanged" time="0.271" /><testcase classname="backend.tests.test_sauna_excel_import_export.TestDryRun" name="test_dry_run_modified_price" time="0.296" /><testcase classname="backend.tests.test_sauna_excel_import_export.TestDryRun" name="test_dry_run_empty_file" time="0.109" /><testcase classname="backend.tests.test_sauna_excel_import_export.TestDryRun" name="test_dry_run_invalid_file" time="0.116" /><testcase classname="backend.tests.test_sauna_excel_import_export.TestCommit" name="test_commit_no_change_then_modify_then_revert" time="0.884" /><testcase classname="backend.tests.test_sauna_excel_import_export.TestCommit" name="test_commit_dealer_override" time="0.407" /><testcase classname="backend.tests.test_sauna_excel_import_export.TestCommit" name="test_commit_empty_dealerprice_is_noop" time="0.269" /></testsuite></testsuites>