<?xml version="1.0" encoding="utf-8"?><testsuites name="pytest tests"><testsuite name="pytest" errors="0" failures="0" skipped="0" tests="19" time="3.583" timestamp="2026-05-16T18:38:41.445430+00:00" hostname="agent-env-1a4327c2-0c18-45ac-8d32-fe9a0b59944e"><testcase classname="backend.tests.test_sauna_stock_and_option_forecast.TestStockAdjust" name="test_in_adds_to_stock" time="0.609" /><testcase classname="backend.tests.test_sauna_stock_and_option_forecast.TestStockAdjust" name="test_out_subtracts_from_stock" time="0.118" /><testcase classname="backend.tests.test_sauna_stock_and_option_forecast.TestStockAdjust" name="test_set_overwrites_stock" time="0.108" /><testcase classname="backend.tests.test_sauna_stock_and_option_forecast.TestStockAdjust" name="test_invalid_type_rejected" time="0.104" /><testcase classname="backend.tests.test_sauna_stock_and_option_forecast.TestStockAdjust" name="test_in_with_zero_qty_rejected" time="0.111" /><testcase classname="backend.tests.test_sauna_stock_and_option_forecast.TestStockAdjust" name="test_out_with_negative_qty_rejected" time="0.106" /><testcase classname="backend.tests.test_sauna_stock_and_option_forecast.TestStockAdjust" name="test_set_with_negative_qty_rejected" time="0.112" /><testcase classname="backend.tests.test_sauna_stock_and_option_forecast.TestStockAdjust" name="test_unknown_component_404" time="0.111" /><testcase classname="backend.tests.test_sauna_stock_and_option_forecast.TestStockAdjust" name="test_auth_required" time="0.105" /><testcase classname="backend.tests.test_sauna_stock_and_option_forecast.TestStockAdjust" name="test_persistence_in_components_get" time="0.111" /><testcase classname="backend.tests.test_sauna_stock_and_option_forecast.TestStockMovements" name="test_per_component_movements_sorted_desc" time="0.114" /><testcase classname="backend.tests.test_sauna_stock_and_option_forecast.TestStockMovements" name="test_global_movements_feed_contains_our_movements" time="0.123" /><testcase classname="backend.tests.test_sauna_stock_and_option_forecast.TestProcurementForecastOptionScope" name="test_forecast_accepts_option_scope" time="0.108" /><testcase classname="backend.tests.test_sauna_stock_and_option_forecast.TestProcurementForecastOptionScope" name="test_forecast_rejects_empty_targets" time="0.115" /><testcase classname="backend.tests.test_sauna_stock_and_option_forecast.TestRegression" name="test_list_tech_cards" time="0.108" /><testcase classname="backend.tests.test_sauna_stock_and_option_forecast.TestRegression" name="test_list_components" time="0.112" /><testcase classname="backend.tests.test_sauna_stock_and_option_forecast.TestRegression" name="test_cost_dashboard" time="0.110" /><testcase classname="backend.tests.test_sauna_stock_and_option_forecast.TestRegression" name="test_planner_tasks_crud_general_task" time="0.438" /><testcase classname="backend.tests.test_sauna_stock_and_option_forecast.TestRegression" name="test_tech_card_upsert_and_delete" time="0.671" /></testsuite></testsuites>