<?xml version="1.0" encoding="utf-8"?><testsuites name="pytest tests"><testsuite name="pytest" errors="0" failures="0" skipped="0" tests="15" time="10.670" timestamp="2026-05-16T16:31:07.879769+00:00" hostname="agent-env-c9e19b70-99b0-4430-851b-f3f0c3065deb"><testcase classname="backend.tests.test_access_and_margin" name="test_create_user_accepts_new_access_values[access_value0]" time="1.219" /><testcase classname="backend.tests.test_access_and_margin" name="test_create_user_accepts_new_access_values[access_value1]" time="0.631" /><testcase classname="backend.tests.test_access_and_margin" name="test_create_user_accepts_new_access_values[access_value2]" time="0.657" /><testcase classname="backend.tests.test_access_and_margin" name="test_create_user_accepts_new_access_values[access_value3]" time="0.620" /><testcase classname="backend.tests.test_access_and_margin" name="test_create_user_accepts_new_access_values[access_value4]" time="0.593" /><testcase classname="backend.tests.test_access_and_margin" name="test_update_user_accepts_new_access_values[access_value0]" time="0.764" /><testcase classname="backend.tests.test_access_and_margin" name="test_update_user_accepts_new_access_values[access_value1]" time="0.745" /><testcase classname="backend.tests.test_access_and_margin" name="test_update_user_accepts_new_access_values[access_value2]" time="0.754" /><testcase classname="backend.tests.test_access_and_margin" name="test_update_user_accepts_new_access_values[access_value3]" time="0.717" /><testcase classname="backend.tests.test_access_and_margin" name="test_update_user_accepts_new_access_values[access_value4]" time="0.808" /><testcase classname="backend.tests.test_access_and_margin" name="test_update_user_rejects_invalid_access_with_full_list" time="0.600" /><testcase classname="backend.tests.test_access_and_margin" name="test_update_user_accepts_marketer_role" time="0.781" /><testcase classname="backend.tests.test_access_and_margin" name="test_e2e_analytics_user_jwt_contains_access_claim" time="1.123" /><testcase classname="backend.tests.test_access_and_margin" name="test_dry_run_returns_margin_and_low_margin_flag" time="0.118" /><testcase classname="backend.tests.test_access_and_margin" name="test_dry_run_unchanged_row_no_low_margin_flag" time="0.317" /></testsuite></testsuites>