<?xml version="1.0" encoding="utf-8"?><testsuites name="pytest tests"><testsuite name="pytest" errors="0" failures="0" skipped="0" tests="13" time="7.883" timestamp="2026-05-27T00:33:19.265800+00:00" hostname="agent-env-e4811091-e106-44b1-9dad-e454e2cd3f19"><testcase classname="backend.tests.test_binotel_analytics_iteration101.TestBinotelConfig" name="test_config_endpoint_returns_configured_flag" time="0.279" /><testcase classname="backend.tests.test_binotel_analytics_iteration101.TestBinotelMapping" name="test_mapping_empty_initially" time="0.054" /><testcase classname="backend.tests.test_binotel_analytics_iteration101.TestBinotelMapping" name="test_put_mapping_writes_and_dedupes" time="0.113" /><testcase classname="backend.tests.test_binotel_analytics_iteration101.TestBinotelMapping" name="test_put_mapping_idempotent" time="0.163" /><testcase classname="backend.tests.test_binotel_analytics_iteration101.TestBinotelEmployees" name="test_employees_when_configured" time="1.367" /><testcase classname="backend.tests.test_binotel_analytics_iteration101.TestBinotelStats" name="test_stats_endpoint_no_5xx" time="2.452" /><testcase classname="backend.tests.test_binotel_analytics_iteration101.TestBinotelAutomap" name="test_automap_no_5xx_when_configured" time="1.258" /><testcase classname="backend.tests.test_binotel_analytics_iteration101.TestAmocrmUsersHelper" name="test_amocrm_users_endpoint" time="0.056" /><testcase classname="backend.tests.test_binotel_analytics_iteration101.TestManagerStatsBinotelOverlay" name="test_manager_stats_includes_binotel_used_flag" time="1.290" /><testcase classname="backend.tests.test_binotel_analytics_iteration101" name="test_aggregate_by_employee_basic" time="0.734" /><testcase classname="backend.tests.test_binotel_analytics_iteration101" name="test_aggregate_by_amocrm_user_uses_mapping" time="0.022" /><testcase classname="backend.tests.test_binotel_analytics_iteration101" name="test_aggregate_handles_empty_when_unconfigured" time="0.000" /><testcase classname="backend.tests.test_binotel_analytics_iteration101" name="test_aggregate_handles_bad_date" time="0.005" /></testsuite></testsuites>