<?xml version="1.0" encoding="utf-8"?><testsuites name="pytest tests"><testsuite name="pytest" errors="0" failures="0" skipped="0" tests="16" time="1.661" timestamp="2026-03-20T16:23:37.495086+00:00" hostname="agent-env-82f9f108-b942-4d8a-8de4-308fdc11e544"><testcase classname="backend.tests.test_crm_sales_enhancements.TestCRMLeadsFiltering" name="test_get_leads_endpoint_exists" time="0.324" /><testcase classname="backend.tests.test_crm_sales_enhancements.TestCRMLeadsFiltering" name="test_filter_by_manager_username" time="0.109" /><testcase classname="backend.tests.test_crm_sales_enhancements.TestCRMLeadsFiltering" name="test_filter_by_date_from" time="0.098" /><testcase classname="backend.tests.test_crm_sales_enhancements.TestCRMLeadsFiltering" name="test_filter_by_date_to" time="0.103" /><testcase classname="backend.tests.test_crm_sales_enhancements.TestCRMLeadsFiltering" name="test_combined_date_filters" time="0.055" /><testcase classname="backend.tests.test_crm_sales_enhancements.TestProductionOrdersFiltering" name="test_get_production_orders_endpoint" time="0.048" /><testcase classname="backend.tests.test_crm_sales_enhancements.TestProductionOrdersFiltering" name="test_production_orders_date_from_filter" time="0.093" /><testcase classname="backend.tests.test_crm_sales_enhancements.TestProductionOrdersFiltering" name="test_production_orders_date_to_filter" time="0.093" /><testcase classname="backend.tests.test_crm_sales_enhancements.TestProductionCalendarReadyDate" name="test_calendar_endpoint_exists" time="0.054" /><testcase classname="backend.tests.test_crm_sales_enhancements.TestProductionCalendarReadyDate" name="test_calendar_groups_by_ready_date" time="0.096" /><testcase classname="backend.tests.test_crm_sales_enhancements.TestSalesSyncFromCRM" name="test_sync_endpoint_exists" time="0.059" /><testcase classname="backend.tests.test_crm_sales_enhancements.TestSalesSyncFromCRM" name="test_sync_imports_all_leads" time="0.101" /><testcase classname="backend.tests.test_crm_sales_enhancements.TestBonusCalculationPrepaymentDate" name="test_bonus_calculation_endpoint" time="0.059" /><testcase classname="backend.tests.test_crm_sales_enhancements.TestBonusCalculationPrepaymentDate" name="test_bonus_calculation_uses_prepayment_date" time="0.196" /><testcase classname="backend.tests.test_crm_sales_enhancements.TestCRMLeadTitle" name="test_leads_have_required_fields_for_title" time="0.048" /><testcase classname="backend.tests.test_crm_sales_enhancements.TestCleanup" name="test_cleanup_test_sales" time="0.050" /></testsuite></testsuites>