<?xml version="1.0" encoding="utf-8"?><testsuites name="pytest tests"><testsuite name="pytest" errors="0" failures="0" skipped="1" tests="13" time="8.605" timestamp="2026-03-20T18:49:36.449691+00:00" hostname="agent-env-5983d36f-884d-4d11-ab92-09c4dabf189b"><testcase classname="backend.tests.test_storekeeper_role.TestStorekeeperLogin" name="test_storekeeper_login_success" time="0.396" /><testcase classname="backend.tests.test_storekeeper_role.TestStorekeeperLogin" name="test_storekeeper_login_wrong_password" time="0.367" /><testcase classname="backend.tests.test_storekeeper_role.TestStorekeeperWarehouseAccess" name="test_storekeeper_can_access_dovoz_orders" time="0.508" /><testcase classname="backend.tests.test_storekeeper_role.TestStorekeeperWarehouseAccess" name="test_storekeeper_can_access_dovoz_stats" time="0.482" /><testcase classname="backend.tests.test_storekeeper_role.TestStorekeeperWarehouseAccess" name="test_storekeeper_can_access_warehouse_orders" time="1.223" /><testcase classname="backend.tests.test_storekeeper_role.TestStorekeeperWarehouseAccess" name="test_storekeeper_can_change_dovoz_stage" time="0.841"><skipped type="pytest.skip" message="No dovoz orders available for testing">/app/backend/tests/test_storekeeper_role.py:124: No dovoz orders available for testing</skipped></testcase><testcase classname="backend.tests.test_storekeeper_role.TestStorekeeperLogisticsAccess" name="test_storekeeper_can_view_trips" time="0.488" /><testcase classname="backend.tests.test_storekeeper_role.TestStorekeeperLogisticsAccess" name="test_storekeeper_can_view_drivers" time="0.540" /><testcase classname="backend.tests.test_storekeeper_role.TestStorekeeperLogisticsAccess" name="test_storekeeper_can_view_balia_orders" time="0.482" /><testcase classname="backend.tests.test_storekeeper_role.TestAdminFullAccess" name="test_admin_login_success" time="0.348" /><testcase classname="backend.tests.test_storekeeper_role.TestAdminFullAccess" name="test_admin_can_access_warehouse" time="1.361" /><testcase classname="backend.tests.test_storekeeper_role.TestAdminFullAccess" name="test_admin_can_access_trips" time="0.646" /><testcase classname="backend.tests.test_storekeeper_role.TestStorekeeperRoleValidation" name="test_storekeeper_role_in_valid_roles" time="0.854" /></testsuite></testsuites>