<?xml version="1.0" encoding="utf-8"?><testsuites name="pytest tests"><testsuite name="pytest" errors="0" failures="0" skipped="0" tests="14" time="3.473" timestamp="2026-04-14T18:46:26.868619+00:00" hostname="agent-env-e245c310-b5e6-48ba-98de-6fee2f121e19"><testcase classname="backend.tests.test_manager_events_analytics_iteration81.TestManagerEventsAnalyticsSettings" name="test_get_event_settings_returns_defaults" time="0.308" /><testcase classname="backend.tests.test_manager_events_analytics_iteration81.TestManagerEventsAnalyticsSettings" name="test_save_event_settings" time="0.904" /><testcase classname="backend.tests.test_manager_events_analytics_iteration81.TestManagerEventsAnalyticsSyncStatus" name="test_get_sync_status" time="0.276" /><testcase classname="backend.tests.test_manager_events_analytics_iteration81.TestManagerEventsAnalyticsManagerStats" name="test_get_manager_stats" time="0.115" /><testcase classname="backend.tests.test_manager_events_analytics_iteration81.TestManagerEventsAnalyticsEventFeed" name="test_get_event_feed_no_filters" time="0.148" /><testcase classname="backend.tests.test_manager_events_analytics_iteration81.TestManagerEventsAnalyticsEventFeed" name="test_get_event_feed_with_filters" time="0.155" /><testcase classname="backend.tests.test_manager_events_analytics_iteration81.TestManagerEventsAnalyticsManagerDetail" name="test_get_manager_detail_nonexistent" time="0.128" /><testcase classname="backend.tests.test_manager_events_analytics_iteration81.TestManagerEventsAnalyticsManagerDetail" name="test_get_manager_detail_with_date_filters" time="0.473" /><testcase classname="backend.tests.test_manager_events_analytics_iteration81.TestManagerEventsAnalyticsSync" name="test_start_events_sync" time="0.147" /><testcase classname="backend.tests.test_manager_events_analytics_iteration81.TestExistingLeadAnalyticsEndpoints" name="test_lead_analytics_settings" time="0.116" /><testcase classname="backend.tests.test_manager_events_analytics_iteration81.TestExistingLeadAnalyticsEndpoints" name="test_lead_analytics_summary" time="0.251" /><testcase classname="backend.tests.test_manager_events_analytics_iteration81.TestExistingLeadAnalyticsEndpoints" name="test_lead_analytics_managers" time="0.127" /><testcase classname="backend.tests.test_manager_events_analytics_iteration81.TestExistingLeadAnalyticsEndpoints" name="test_lead_analytics_problem_leads" time="0.139" /><testcase classname="backend.tests.test_manager_events_analytics_iteration81.TestExistingLeadAnalyticsEndpoints" name="test_lead_analytics_sync_status" time="0.108" /></testsuite></testsuites>