<?xml version="1.0" encoding="utf-8"?><testsuites name="pytest tests"><testsuite name="pytest" errors="0" failures="0" skipped="0" tests="13" time="1.829" timestamp="2026-04-04T17:14:51.525450+00:00" hostname="agent-env-6597ccac-d850-437f-af79-eb86e638f2fa"><testcase classname="backend.tests.test_crm_collapsed_stages.TestCRMCollapsedStages" name="test_settings_returns_completed_stage" time="0.175" /><testcase classname="backend.tests.test_crm_collapsed_stages.TestCRMCollapsedStages" name="test_completed_stage_has_collapsed_true" time="0.112" /><testcase classname="backend.tests.test_crm_collapsed_stages.TestCRMCollapsedStages" name="test_other_stages_not_collapsed" time="0.114" /><testcase classname="backend.tests.test_crm_collapsed_stages.TestCRMCollapsedStages" name="test_stage_config_accepts_collapsed_field" time="0.125" /><testcase classname="backend.tests.test_crm_collapsed_stages.TestAmoCRMPipelinesEndpoint" name="test_pipelines_endpoint_exists" time="0.111" /><testcase classname="backend.tests.test_crm_collapsed_stages.TestAmoCRMPipelinesEndpoint" name="test_pipelines_response_structure" time="0.174" /><testcase classname="backend.tests.test_crm_collapsed_stages.TestStageSyncToAmoCRM" name="test_stage_change_endpoint_exists" time="0.116" /><testcase classname="backend.tests.test_crm_collapsed_stages.TestStageSyncToAmoCRM" name="test_stage_change_with_real_lead" time="0.348" /><testcase classname="backend.tests.test_crm_collapsed_stages.TestStageSettingsUI" name="test_stages_have_amo_mapping_fields" time="0.099" /><testcase classname="backend.tests.test_crm_collapsed_stages.TestStageSettingsUI" name="test_stages_have_color_and_name" time="0.100" /><testcase classname="backend.tests.test_crm_collapsed_stages.TestStageSettingsUI" name="test_completed_stage_is_last" time="0.100" /><testcase classname="backend.tests.test_crm_collapsed_stages.TestDefaultStagesConfiguration" name="test_default_stages_count" time="0.102" /><testcase classname="backend.tests.test_crm_collapsed_stages.TestDefaultStagesConfiguration" name="test_expected_stages_exist" time="0.099" /></testsuite></testsuites>