<?xml version="1.0" encoding="utf-8"?><testsuites name="pytest tests"><testsuite name="pytest" errors="0" failures="0" skipped="0" tests="16" time="5.942" timestamp="2026-05-27T18:26:04.760750+00:00" hostname="agent-env-e4811091-e106-44b1-9dad-e454e2cd3f19"><testcase classname="tests.test_procurement_multiline.TestMultiLineCreate" name="test_create_multiline_basic" time="0.894" /><testcase classname="tests.test_procurement_multiline.TestMultiLineCreate" name="test_create_multiline_autofill_from_catalog" time="0.157" /><testcase classname="tests.test_procurement_multiline.TestMultiLineCreate" name="test_create_multiline_supplier_autofill" time="0.442" /><testcase classname="tests.test_procurement_multiline.TestMultiLineCreate" name="test_create_empty_items_falls_back_to_legacy" time="0.152" /><testcase classname="tests.test_procurement_multiline.TestMultiLineCreate" name="test_create_multiline_manual_no_componentId" time="0.114" /><testcase classname="tests.test_procurement_multiline.TestMultiLineCreate" name="test_create_legacy_singleline_still_works" time="0.109" /><testcase classname="tests.test_procurement_multiline.TestMultiLineUpdate" name="test_put_replaces_items_and_recomputes" time="0.269" /><testcase classname="tests.test_procurement_multiline.TestMultiLineUpdate" name="test_put_without_items_preserves_existing_multiline" time="0.213" /><testcase classname="tests.test_procurement_multiline.TestMultiLineUpdate" name="test_put_singleline_legacy_recomputes" time="0.216" /><testcase classname="tests.test_procurement_multiline.TestListing" name="test_list_returns_both_shapes" time="0.345" /><testcase classname="tests.test_procurement_multiline.TestListing" name="test_multiline_isOverdue_decoration" time="0.231" /><testcase classname="tests.test_procurement_multiline.TestTelegramFormat" name="test_multiline_message_format" time="0.765" /><testcase classname="tests.test_procurement_multiline.TestTelegramFormat" name="test_singleline_message_format" time="0.000" /><testcase classname="tests.test_procurement_multiline.TestRegression" name="test_stats" time="0.170" /><testcase classname="tests.test_procurement_multiline.TestRegression" name="test_components" time="0.131" /><testcase classname="tests.test_procurement_multiline.TestRegression" name="test_quick_create_component" time="1.677" /></testsuite></testsuites>