<?xml version="1.0" encoding="utf-8"?><testsuites name="pytest tests"><testsuite name="pytest" errors="0" failures="0" skipped="0" tests="8" time="3.790" timestamp="2026-02-20T12:52:01.315036+00:00" hostname="agent-env-bad10989-91ac-4160-8919-7119b354a7f0"><testcase classname="backend.tests.test_assign_order.TestOrderAssignment" name="test_get_users_for_dropdown" time="0.544" /><testcase classname="backend.tests.test_assign_order.TestOrderAssignment" name="test_sauna_order_assign_success" time="0.534" /><testcase classname="backend.tests.test_assign_order.TestOrderAssignment" name="test_sauna_order_assign_missing_created_by" time="0.452" /><testcase classname="backend.tests.test_assign_order.TestOrderAssignment" name="test_sauna_order_assign_invalid_order_id" time="0.387" /><testcase classname="backend.tests.test_assign_order.TestOrderAssignment" name="test_balia_order_assign_success" time="0.499" /><testcase classname="backend.tests.test_assign_order.TestOrderAssignment" name="test_balia_order_assign_missing_created_by" time="0.458" /><testcase classname="backend.tests.test_assign_order.TestOrderAssignment" name="test_balia_order_assign_invalid_order_id" time="0.403" /><testcase classname="backend.tests.test_assign_order.TestOrderAssignment" name="test_change_history_tracks_assignment" time="0.446" /></testsuite></testsuites>