<?xml version="1.0" encoding="utf-8"?><testsuites name="pytest tests"><testsuite name="pytest" errors="0" failures="0" skipped="0" tests="13" time="1.342" timestamp="2026-01-05T22:27:43.404593+00:00" hostname="agent-env-f3d4aba6-e2dc-481c-8504-66b55858fa3f"><testcase classname="tests.test_logistics_enhancements.TestTripsAPI" name="test_get_trips_endpoint" time="0.058" /><testcase classname="tests.test_logistics_enhancements.TestTripsAPI" name="test_get_trips_by_section" time="0.048" /><testcase classname="tests.test_logistics_enhancements.TestTripsAPI" name="test_create_trip_with_orders" time="0.124" /><testcase classname="tests.test_logistics_enhancements.TestTripsAPI" name="test_update_trip_departure_date" time="0.174" /><testcase classname="tests.test_logistics_enhancements.TestTripsAPI" name="test_update_trip_status_syncs_order_statuses" time="0.132" /><testcase classname="tests.test_logistics_enhancements.TestTripsAPI" name="test_update_trip_status_without_sync" time="0.192" /><testcase classname="tests.test_logistics_enhancements.TestTripsAPI" name="test_update_individual_order_status_in_trip" time="0.120" /><testcase classname="tests.test_logistics_enhancements.TestTripsAPI" name="test_delete_trip" time="0.108" /><testcase classname="tests.test_logistics_enhancements.TestAmoCRMSyncTripAPI" name="test_sync_trip_endpoint_exists" time="0.077" /><testcase classname="tests.test_logistics_enhancements.TestAmoCRMSyncTripAPI" name="test_sync_trip_with_all_params" time="0.034" /><testcase classname="tests.test_logistics_enhancements.TestAmoCRMSettings" name="test_get_settings_includes_trip_fields" time="0.036" /><testcase classname="tests.test_logistics_enhancements.TestAmoCRMSettings" name="test_save_settings_with_trip_fields" time="0.147" /><testcase classname="tests.test_logistics_enhancements.TestDriversAPI" name="test_get_drivers" time="0.037" /></testsuite></testsuites>