<?xml version="1.0" encoding="utf-8"?><testsuites name="pytest tests"><testsuite name="pytest" errors="0" failures="0" skipped="0" tests="10" time="3.909" timestamp="2026-05-27T17:13:02.444337+00:00" hostname="agent-env-e4811091-e106-44b1-9dad-e454e2cd3f19"><testcase classname="backend.tests.test_unified_sync" name="test_status_never_when_no_unified_docs" time="0.221" /><testcase classname="backend.tests.test_unified_sync" name="test_post_creates_running_unified_doc" time="0.352" /><testcase classname="backend.tests.test_unified_sync" name="test_post_replaces_existing_running" time="0.365" /><testcase classname="backend.tests.test_unified_sync" name="test_post_marks_error_when_pipeline_missing" time="0.342" /><testcase classname="backend.tests.test_unified_sync" name="test_cancel_cascades_to_subphase_syncs" time="0.136" /><testcase classname="backend.tests.test_unified_sync" name="test_status_stale_recovery_marks_error" time="0.119" /><testcase classname="backend.tests.test_unified_sync" name="test_status_fresh_running_not_changed" time="0.151" /><testcase classname="backend.tests.test_unified_sync" name="test_regression_manager_stats_fields" time="1.860" /><testcase classname="backend.tests.test_unified_sync" name="test_regression_lead_analytics_sync_status" time="0.110" /><testcase classname="backend.tests.test_unified_sync" name="test_regression_event_sync_status" time="0.122" /></testsuite></testsuites>