<?xml version="1.0" encoding="utf-8"?><testsuites name="pytest tests"><testsuite name="pytest" errors="0" failures="0" skipped="0" tests="15" time="3.192" timestamp="2026-01-07T00:30:40.238137+00:00" hostname="agent-env-4f7c1315-3004-420c-85c4-f2fb564793a0"><testcase classname="tests.test_driver_logistics_features.TestAuthentication" name="test_admin_login" time="0.298" /><testcase classname="tests.test_driver_logistics_features.TestAuthentication" name="test_driver_login" time="0.265" /><testcase classname="tests.test_driver_logistics_features.TestDriverPanel" name="test_driver_my_trips" time="0.304" /><testcase classname="tests.test_driver_logistics_features.TestDriverPanel" name="test_driver_trip_orders_have_coordinates" time="0.307" /><testcase classname="tests.test_driver_logistics_features.TestDriverPanel" name="test_driver_trip_orders_have_phone_and_amount" time="0.308" /><testcase classname="tests.test_driver_logistics_features.TestStartTrip" name="test_start_trip_changes_status" time="0.303" /><testcase classname="tests.test_driver_logistics_features.TestTripsAPI" name="test_get_all_trips" time="0.043" /><testcase classname="tests.test_driver_logistics_features.TestTripsAPI" name="test_get_trips_by_section" time="0.040" /><testcase classname="tests.test_driver_logistics_features.TestTripsAPI" name="test_get_single_trip" time="0.075" /><testcase classname="tests.test_driver_logistics_features.TestRemoveOrderFromTrip" name="test_remove_order_returns_detailed_amocrm_result" time="0.119" /><testcase classname="tests.test_driver_logistics_features.TestGeocodeTrip" name="test_geocode_trip_endpoint_exists" time="0.344" /><testcase classname="tests.test_driver_logistics_features.TestNotificationSettings" name="test_telegram_settings_endpoint" time="0.314" /><testcase classname="tests.test_driver_logistics_features.TestNotificationSettings" name="test_send_custom_notification_endpoint" time="0.300" /><testcase classname="tests.test_driver_logistics_features.TestIntegrationSettings" name="test_amocrm_settings_endpoint" time="0.039" /><testcase classname="tests.test_driver_logistics_features.TestHealthCheck" name="test_api_health" time="0.047" /></testsuite></testsuites>