<?xml version="1.0" encoding="utf-8"?><testsuites name="pytest tests"><testsuite name="pytest" errors="0" failures="0" skipped="0" tests="10" time="5.015" timestamp="2026-03-19T15:27:27.191517+00:00" hostname="agent-env-24c7ebbc-b767-4dd4-a711-0c4ea2776f14"><testcase classname="backend.tests.test_crm_calculator_integration.TestCRMCalculatorIntegration" name="test_get_linked_calculator_order_with_linked_lead" time="0.548" /><testcase classname="backend.tests.test_crm_calculator_integration.TestCRMCalculatorIntegration" name="test_get_linked_calculator_order_without_linked_order" time="0.477" /><testcase classname="backend.tests.test_crm_calculator_integration.TestCRMCalculatorIntegration" name="test_get_linked_calculator_order_nonexistent_lead" time="0.465" /><testcase classname="backend.tests.test_crm_calculator_integration.TestCRMCalculatorIntegration" name="test_link_calculator_order_success" time="0.564" /><testcase classname="backend.tests.test_crm_calculator_integration.TestCRMCalculatorIntegration" name="test_link_calculator_order_missing_order_id" time="0.468" /><testcase classname="backend.tests.test_crm_calculator_integration.TestCRMCalculatorIntegration" name="test_link_calculator_order_nonexistent_order" time="0.483" /><testcase classname="backend.tests.test_crm_calculator_integration.TestCRMCalculatorIntegration" name="test_link_calculator_order_nonexistent_lead" time="0.521" /><testcase classname="backend.tests.test_crm_calculator_integration.TestCRMCalculatorIntegration" name="test_open_calculator_returns_data" time="0.491" /><testcase classname="backend.tests.test_crm_calculator_integration.TestCRMCalculatorIntegration" name="test_order_data_has_required_fields_for_tech_spec" time="0.472" /><testcase classname="backend.tests.test_crm_calculator_integration.TestTechSpecAPI" name="test_get_tech_spec_categories" time="0.464" /></testsuite></testsuites>