<?xml version="1.0" encoding="utf-8"?><testsuites name="pytest tests"><testsuite name="pytest" errors="0" failures="0" skipped="0" tests="12" time="7.456" timestamp="2026-01-05T23:01:03.100553+00:00" hostname="agent-env-f3d4aba6-e2dc-481c-8504-66b55858fa3f"><testcase classname="tests.test_add_orders_to_trip.TestAddOrdersToTrip" name="test_add_orders_to_trip_endpoint_exists" time="0.224" /><testcase classname="tests.test_add_orders_to_trip.TestAddOrdersToTrip" name="test_add_multiple_orders_to_trip" time="0.431" /><testcase classname="tests.test_add_orders_to_trip.TestAddOrdersToTrip" name="test_trip_data_stored_in_order_after_add" time="0.194" /><testcase classname="tests.test_add_orders_to_trip.TestAddOrdersToTrip" name="test_trip_update_syncs_to_all_orders" time="0.294" /><testcase classname="tests.test_add_orders_to_trip.TestAddOrdersToTrip" name="test_cannot_add_order_already_in_another_trip" time="1.734" /><testcase classname="tests.test_add_orders_to_trip.TestAddOrdersToTrip" name="test_add_orders_to_nonexistent_trip" time="0.096" /><testcase classname="tests.test_add_orders_to_trip.TestAddOrdersToTrip" name="test_order_statuses_initialized_as_pending" time="0.187" /><testcase classname="tests.test_add_orders_to_trip.TestTripDataInOrders" name="test_order_has_all_trip_fields_after_trip_creation" time="0.179" /><testcase classname="tests.test_add_orders_to_trip.TestTripDataInOrders" name="test_trip_data_cleared_when_order_removed_from_trip" time="0.170" /><testcase classname="tests.test_add_orders_to_trip.TestTripsWithPlannedAndInTransitStatus" name="test_get_trips_returns_all_statuses" time="3.440" /><testcase classname="tests.test_add_orders_to_trip.TestTripsWithPlannedAndInTransitStatus" name="test_can_add_orders_to_planned_trip" time="0.202" /><testcase classname="tests.test_add_orders_to_trip.TestTripsWithPlannedAndInTransitStatus" name="test_can_add_orders_to_in_transit_trip" time="0.222" /></testsuite></testsuites>