<?xml version="1.0" encoding="utf-8"?><testsuites name="pytest tests"><testsuite name="pytest" errors="0" failures="2" skipped="0" tests="6" time="1.484" timestamp="2026-01-28T11:01:29.069690+00:00" hostname="agent-env-3b5bf22f-a604-4ac9-a930-9f9e83028119"><testcase classname="tests.test_sauna_capacity.TestSaunaCapacityField" name="test_sauna_prices_endpoint_returns_models" time="0.111"><failure message="AssertionError: Model should have 'capacity' field&#10;assert 'capacity' in {'active': True, 'basePrice': 14200, 'discount': 10, 'foundationPrice': 150, ...}">tests/test_sauna_capacity.py:28: in test_sauna_prices_endpoint_returns_models
    assert 'capacity' in first_model, "Model should have 'capacity' field"
E   AssertionError: Model should have 'capacity' field
E   assert 'capacity' in {'active': True, 'basePrice': 14200, 'discount': 10, 'foundationPrice': 150, ...}</failure></testcase><testcase classname="tests.test_sauna_capacity.TestSaunaCapacityField" name="test_sauna_model_structure" time="0.045"><failure message="AssertionError: Model Sauna Kwadro-Beczka 235x200 cm missing field: capacity&#10;assert 'capacity' in {'active': True, 'basePrice': 14200, 'discount': 10, 'foundationPrice': 150, ...}">tests/test_sauna_capacity.py:52: in test_sauna_model_structure
    assert field in model, f"Model {model.get('name')} missing field: {field}"
E   AssertionError: Model Sauna Kwadro-Beczka 235x200 cm missing field: capacity
E   assert 'capacity' in {'active': True, 'basePrice': 14200, 'discount': 10, 'foundationPrice': 150, ...}</failure></testcase><testcase classname="tests.test_sauna_capacity.TestSaunaOptionsIncompatibility" name="test_options_have_incompatibility_fields" time="0.048" /><testcase classname="tests.test_sauna_capacity.TestSaunaOptionsIncompatibility" name="test_options_incompatibility_structure" time="0.040" /><testcase classname="tests.test_sauna_capacity.TestSaunaOrderCreation" name="test_create_order_endpoint" time="0.818" /><testcase classname="tests.test_sauna_capacity.TestSaunaPDFGeneration" name="test_pdf_generation_endpoint" time="0.353" /></testsuite></testsuites>