<?xml version="1.0" encoding="utf-8"?><testsuites name="pytest tests"><testsuite name="pytest" errors="0" failures="0" skipped="0" tests="9" time="4.293" timestamp="2026-04-04T18:25:04.300661+00:00" hostname="agent-env-6597ccac-d850-437f-af79-eb86e638f2fa"><testcase classname="backend.tests.test_sync_single_lead.TestSyncSingleLeadFromAmoCRM" name="test_sync_endpoint_returns_404_for_nonexistent_lead" time="0.576" /><testcase classname="backend.tests.test_sync_single_lead.TestSyncSingleLeadFromAmoCRM" name="test_sync_endpoint_returns_400_for_lead_without_amocrm_id" time="0.538" /><testcase classname="backend.tests.test_sync_single_lead.TestSyncSingleLeadFromAmoCRM" name="test_sync_endpoint_returns_400_when_amocrm_not_configured" time="0.441" /><testcase classname="backend.tests.test_sync_single_lead.TestSyncSingleLeadFromAmoCRM" name="test_sync_endpoint_exists_and_accepts_post" time="0.424" /><testcase classname="backend.tests.test_sync_single_lead.TestRegressionPreviousFeatures" name="test_lead_has_changelog_field" time="0.455" /><testcase classname="backend.tests.test_sync_single_lead.TestRegressionPreviousFeatures" name="test_lead_has_hasUnreviewedChanges_field" time="0.425" /><testcase classname="backend.tests.test_sync_single_lead.TestRegressionPreviousFeatures" name="test_lead_has_amoComment_field" time="0.405" /><testcase classname="backend.tests.test_sync_single_lead.TestRegressionPreviousFeatures" name="test_acknowledge_changes_endpoint_works" time="0.578" /><testcase classname="backend.tests.test_sync_single_lead.TestRegressionPreviousFeatures" name="test_settings_has_collapsed_stages" time="0.389" /></testsuite></testsuites>