<?xml version="1.0" encoding="utf-8"?><testsuites name="pytest tests"><testsuite name="pytest" errors="0" failures="0" skipped="0" tests="7" time="1.658" timestamp="2026-04-14T18:09:59.405436+00:00" hostname="agent-env-4b7adb74-8298-427b-a417-5ca33a331eb7"><testcase classname="backend.tests.test_lead_analytics_iteration79.TestLeadAnalyticsSettings" name="test_get_settings_returns_defaults" time="0.320" /><testcase classname="backend.tests.test_lead_analytics_iteration79.TestLeadAnalyticsSettings" name="test_put_settings_saves_and_returns_ok" time="0.495" /><testcase classname="backend.tests.test_lead_analytics_iteration79.TestLeadAnalyticsSummary" name="test_get_summary_returns_zero_counts_when_no_data" time="0.155" /><testcase classname="backend.tests.test_lead_analytics_iteration79.TestLeadAnalyticsManagers" name="test_get_managers_returns_empty_list" time="0.205" /><testcase classname="backend.tests.test_lead_analytics_iteration79.TestLeadAnalyticsProblemLeads" name="test_get_problem_leads_returns_empty_list" time="0.126" /><testcase classname="backend.tests.test_lead_analytics_iteration79.TestLeadAnalyticsSyncStatus" name="test_get_sync_status_returns_status" time="0.171" /><testcase classname="backend.tests.test_lead_analytics_iteration79.TestLeadAnalyticsPipelinesAndUsers" name="test_get_pipelines_and_users_returns_arrays" time="0.116" /></testsuite></testsuites>