<?xml version="1.0" encoding="utf-8"?><testsuites name="pytest tests"><testsuite name="pytest" errors="0" failures="0" skipped="0" tests="9" time="2.616" timestamp="2026-03-19T15:56:15.803197+00:00" hostname="agent-env-24c7ebbc-b767-4dd4-a711-0c4ea2776f14"><testcase classname="backend.tests.test_sauna_production.TestProductionSettings" name="test_get_production_settings_returns_4_stages" time="0.284" /><testcase classname="backend.tests.test_sauna_production.TestProductionOrders" name="test_get_production_orders_returns_only_in_production" time="0.135" /><testcase classname="backend.tests.test_sauna_production.TestProductionOrders" name="test_get_single_production_order" time="0.216" /><testcase classname="backend.tests.test_sauna_production.TestProductionOrders" name="test_get_nonexistent_production_order_returns_404" time="0.136" /><testcase classname="backend.tests.test_sauna_production.TestProductionStageChange" name="test_change_production_stage" time="0.598" /><testcase classname="backend.tests.test_sauna_production.TestProductionCalendar" name="test_get_production_calendar" time="0.099" /><testcase classname="backend.tests.test_sauna_production.TestCRMToProduction" name="test_push_to_production" time="0.433" /><testcase classname="backend.tests.test_sauna_production.TestCRMToProduction" name="test_push_already_in_production_returns_error" time="0.340" /><testcase classname="backend.tests.test_sauna_production.TestCRMLeadProduction" name="test_crm_lead_shows_production_status" time="0.309" /></testsuite></testsuites>