<?xml version="1.0" encoding="utf-8"?><testsuites name="pytest tests"><testsuite name="pytest" errors="0" failures="0" skipped="0" tests="14" time="2.473" timestamp="2026-02-22T14:11:31.357795+00:00" hostname="agent-env-943819bf-a869-4220-b29f-f20414ee3151"><testcase classname="backend.tests.test_layout_options_variants.TestLayoutOptionsAPI" name="test_01_get_options_empty" time="0.182" /><testcase classname="backend.tests.test_layout_options_variants.TestLayoutOptionsAPI" name="test_02_create_option" time="0.174" /><testcase classname="backend.tests.test_layout_options_variants.TestLayoutOptionsAPI" name="test_03_get_options_with_created" time="0.117" /><testcase classname="backend.tests.test_layout_options_variants.TestLayoutOptionsAPI" name="test_04_add_variant_to_option" time="0.138" /><testcase classname="backend.tests.test_layout_options_variants.TestLayoutOptionsAPI" name="test_05_verify_variant_in_option" time="0.139" /><testcase classname="backend.tests.test_layout_options_variants.TestLayoutOptionsAPI" name="test_06_add_second_variant" time="0.236" /><testcase classname="backend.tests.test_layout_options_variants.TestLayoutOptionsAPI" name="test_07_update_option" time="0.138" /><testcase classname="backend.tests.test_layout_options_variants.TestLayoutOptionsAPI" name="test_08_update_variant" time="0.104" /><testcase classname="backend.tests.test_layout_options_variants.TestLayoutOptionsAPI" name="test_09_verify_variant_update" time="0.115" /><testcase classname="backend.tests.test_layout_options_variants.TestLayoutOptionsAPI" name="test_10_delete_variant" time="0.218" /><testcase classname="backend.tests.test_layout_options_variants.TestLayoutOptionsAPI" name="test_11_delete_option" time="0.230" /><testcase classname="backend.tests.test_layout_options_variants.TestLayoutOptionsEdgeCases" name="test_delete_nonexistent_option" time="0.133" /><testcase classname="backend.tests.test_layout_options_variants.TestLayoutOptionsEdgeCases" name="test_add_variant_to_nonexistent_option" time="0.121" /><testcase classname="backend.tests.test_layout_options_variants.TestLayoutOptionsEdgeCases" name="test_invalid_element_configs_json" time="0.340" /></testsuite></testsuites>