<?xml version="1.0" encoding="utf-8"?><testsuites name="pytest tests"><testsuite name="pytest" errors="0" failures="0" skipped="0" tests="22" time="4.911" timestamp="2026-02-01T11:05:25.553801+00:00" hostname="agent-env-fe602e9c-63e2-40ce-a486-620393a66c4c"><testcase classname="backend.tests.test_sauna_api.TestSaunaPricesAPI" name="test_get_prices_returns_200" time="0.091" /><testcase classname="backend.tests.test_sauna_api.TestSaunaPricesAPI" name="test_prices_models_structure" time="0.049" /><testcase classname="backend.tests.test_sauna_api.TestSaunaPricesAPI" name="test_prices_categories_structure" time="0.045" /><testcase classname="backend.tests.test_sauna_api.TestSaunaWizardStepsAPI" name="test_get_wizard_steps_returns_200" time="0.040" /><testcase classname="backend.tests.test_sauna_api.TestSaunaWizardStepsAPI" name="test_wizard_steps_structure" time="0.034" /><testcase classname="backend.tests.test_sauna_api.TestSaunaWizardStepsAPI" name="test_wizard_steps_sorted_by_order" time="0.040" /><testcase classname="backend.tests.test_sauna_api.TestSaunaOrdersAPI" name="test_get_orders_returns_200" time="0.051" /><testcase classname="backend.tests.test_sauna_api.TestSaunaOrdersAPI" name="test_create_order_returns_200" time="0.823" /><testcase classname="backend.tests.test_sauna_api.TestSaunaOrdersAPI" name="test_get_single_order" time="0.804" /><testcase classname="backend.tests.test_sauna_api.TestSaunaOrdersAPI" name="test_update_order" time="0.795" /><testcase classname="backend.tests.test_sauna_api.TestSaunaOrdersAPI" name="test_delete_order" time="0.793" /><testcase classname="backend.tests.test_sauna_api.TestSaunaOrdersAPI" name="test_get_nonexistent_order_returns_404" time="0.033" /><testcase classname="backend.tests.test_sauna_api.TestSaunaModelsAPI" name="test_create_model" time="0.069" /><testcase classname="backend.tests.test_sauna_api.TestSaunaModelsAPI" name="test_update_model" time="0.150" /><testcase classname="backend.tests.test_sauna_api.TestSaunaModelsAPI" name="test_delete_model" time="0.072" /><testcase classname="backend.tests.test_sauna_api.TestSaunaCategoriesAPI" name="test_create_category" time="0.072" /><testcase classname="backend.tests.test_sauna_api.TestSaunaCategoriesAPI" name="test_update_category" time="0.156" /><testcase classname="backend.tests.test_sauna_api.TestSaunaCategoriesAPI" name="test_delete_category" time="0.083" /><testcase classname="backend.tests.test_sauna_api.TestSaunaPDFGeneration" name="test_generate_pdf_returns_pdf" time="0.294" /><testcase classname="backend.tests.test_sauna_api.TestSaunaPDFGeneration" name="test_generate_pdf_with_options" time="0.264" /><testcase classname="backend.tests.test_sauna_api.TestLayoutVariantsAPI" name="test_get_layout_variants_returns_200" time="0.042" /><testcase classname="backend.tests.test_sauna_api.TestLayoutVariantsAPI" name="test_layout_variants_structure" time="0.033" /></testsuite></testsuites>