<?xml version="1.0" encoding="utf-8"?><testsuites name="pytest tests"><testsuite name="pytest" errors="0" failures="0" skipped="0" tests="6" time="30.921" timestamp="2026-08-24T18:48:37.139270+00:00" hostname="agent-env-642f7923-492c-4c2d-a86f-eea5f2d373e5"><testcase classname="tests.test_translate_options_iteration128.TestTranslateOptions" name="test_basic_two_texts" time="22.895" /><testcase classname="tests.test_translate_options_iteration128.TestTranslateOptions" name="test_empty_texts" time="0.082" /><testcase classname="tests.test_translate_options_iteration128.TestTranslateOptions" name="test_blank_strings_returned_as_blank" time="0.086" /><testcase classname="tests.test_translate_options_iteration128.TestTranslateOptions" name="test_missing_key_field" time="0.079" /><testcase classname="tests.test_translate_options_iteration128.TestTranslateOptions" name="test_bulk_all_current_option_names" time="7.342" /><testcase classname="tests.test_translate_options_iteration128.TestTranslateOptions" name="test_prices_post_roundtrip_preserves_nameru" time="0.377" /></testsuite></testsuites>